<?xml version="1.0" encoding="utf-8"?>
<CoverageSession xmlns:xsd="http://www.w3.org/2001/XMLSchema" xmlns:xsi="http://www.w3.org/2001/XMLSchema-instance" Version="0.0.0.0">
  <Summary numSequencePoints="1978" visitedSequencePoints="243" numBranchPoints="0" visitedBranchPoints="0" sequenceCoverage="12.29" branchCoverage="0.0" maxCyclomaticComplexity="0" minCyclomaticComplexity="0" maxCrapScore="0" minCrapScore="0" visitedClasses="21" numClasses="63" visitedMethods="39" numMethods="214" />
  <Modules>
    <Module>
      <Summary numSequencePoints="449" visitedSequencePoints="37" numBranchPoints="0" visitedBranchPoints="0" sequenceCoverage="8.24" branchCoverage="0.0" maxCyclomaticComplexity="0" minCyclomaticComplexity="0" maxCrapScore="0" minCrapScore="0" visitedClasses="7" numClasses="15" visitedMethods="9" numMethods="47" />
      <ModuleTime>0001-01-01T00:00:00</ModuleTime>
      <ModuleName>Fusion.Unity</ModuleName>
      <Files>
        <File uid="41" fullPath="C:/Users/LOQ/ASM/Assets/Photon/Fusion/Runtime/Fusion.Unity.cs" />
        <File uid="42" fullPath="C:/Users/LOQ/ASM/Assets/Photon/Fusion/Runtime/FusionBasicBillboard.cs" />
        <File uid="43" fullPath="C:/Users/LOQ/ASM/Assets/Photon/Fusion/Runtime/FusionBootstrap.cs" />
        <File uid="44" fullPath="C:/Users/LOQ/ASM/Assets/Photon/Fusion/Runtime/FusionBootstrapDebugGUI.cs" />
        <File uid="45" fullPath="C:/Users/LOQ/ASM/Assets/Photon/Fusion/Runtime/NetworkCharacterController.cs" />
        <File uid="46" fullPath="C:/Users/LOQ/ASM/Assets/Photon/Fusion/Runtime/NetworkObjectProviderDefault.cs" />
        <File uid="47" fullPath="C:/Users/LOQ/ASM/Assets/Photon/Fusion/Runtime/NetworkSceneManagerDefault.cs" />
        <File uid="48" fullPath="C:/Users/LOQ/ASM/Assets/Photon/Fusion/Runtime/Utilities/RunnerVisibility/EnableOnSingleRunner.cs" />
        <File uid="49" fullPath="C:/Users/LOQ/ASM/Assets/Photon/Fusion/Runtime/Utilities/RunnerVisibility/RunnerAOIGizmos.cs" />
        <File uid="50" fullPath="C:/Users/LOQ/ASM/Assets/Photon/Fusion/Runtime/Utilities/RunnerVisibility/RunnerEnableVisibility.cs" />
        <File uid="51" fullPath="C:/Users/LOQ/ASM/Assets/Photon/Fusion/Runtime/Utilities/RunnerVisibility/RunnerLagCompensationGizmos.cs" />
        <File uid="52" fullPath="C:/Users/LOQ/ASM/Assets/Photon/Fusion/Runtime/Utilities/RunnerVisibility/RunnerVisibilityLink.cs" />
        <File uid="53" fullPath="C:/Users/LOQ/ASM/Assets/Photon/Fusion/Runtime/Utilities/RunnerVisibility/RunnerVisibilityLinksRoot.cs" />
        <File uid="54" fullPath="C:/Users/LOQ/ASM/Assets/Photon/Fusion/Runtime/Statistics/FusionNetworkObjectStatistics.cs" />
        <File uid="55" fullPath="C:/Users/LOQ/ASM/Assets/Photon/Fusion/Runtime/Statistics/FusionNetworkObjectStatsGraph.cs" />
        <File uid="56" fullPath="C:/Users/LOQ/ASM/Assets/Photon/Fusion/Runtime/Statistics/FusionNetworkObjectStatsGraphCombine.cs" />
        <File uid="57" fullPath="C:/Users/LOQ/ASM/Assets/Photon/Fusion/Runtime/Statistics/FusionStatistics.cs" />
        <File uid="58" fullPath="C:/Users/LOQ/ASM/Assets/Photon/Fusion/Runtime/Statistics/FusionStatsCanvas.cs" />
        <File uid="59" fullPath="C:/Users/LOQ/ASM/Assets/Photon/Fusion/Runtime/Statistics/FusionStatsConfig.cs" />
        <File uid="60" fullPath="C:/Users/LOQ/ASM/Assets/Photon/Fusion/Runtime/Statistics/FusionStatsGraphDefault.cs" />
        <File uid="61" fullPath="C:/Users/LOQ/ASM/Assets/Photon/Fusion/Runtime/Statistics/FusionStatsPanelHeader.cs" />
        <File uid="62" fullPath="C:/Users/LOQ/ASM/Assets/Photon/Fusion/Runtime/Statistics/FusionStatsWorldAnchor.cs" />
      </Files>
      <Classes>
        <Class>
          <Summary numSequencePoints="110" visitedSequencePoints="0" numBranchPoints="0" visitedBranchPoints="0" sequenceCoverage="0.0" branchCoverage="0.0" maxCyclomaticComplexity="0" minCyclomaticComplexity="0" maxCrapScore="0" minCrapScore="0" visitedClasses="0" numClasses="1" visitedMethods="0" numMethods="10" />
          <FullName>Fusion.NetworkAssetSourceResource[T]</FullName>
          <Methods>
            <Method visited="false" cyclomaticComplexity="0" nPathComplexity="0" sequenceCoverage="0.0" branchCoverage="0" crapScore="0" isConstructor="false" isStatic="false" isGetter="false" isSetter="false">
              <Summary numSequencePoints="7" visitedSequencePoints="0" numBranchPoints="0" visitedBranchPoints="0" sequenceCoverage="0.0" branchCoverage="0" maxCyclomaticComplexity="0" minCyclomaticComplexity="0" maxCrapScore="0" minCrapScore="0" visitedClasses="0" numClasses="0" visitedMethods="0" numMethods="1" />
              <MetadataToken>100663299</MetadataToken>
              <Name>System.Void Fusion.NetworkAssetSourceResource[T]::Acquire(System.Boolean)</Name>
              <FileRef uid="41" />
              <SequencePoints>
                <SequencePoint vc="0" uspid="24892" ordinal="0" offset="0" sl="193" sc="0" el="193" ec="0" bec="0" bev="0" fileid="41" />
                <SequencePoint vc="0" uspid="24893" ordinal="0" offset="1" sl="194" sc="0" el="194" ec="0" bec="0" bev="0" fileid="41" />
                <SequencePoint vc="0" uspid="24894" ordinal="0" offset="14" sl="194" sc="0" el="194" ec="0" bec="0" bev="0" fileid="41" />
                <SequencePoint vc="0" uspid="24895" ordinal="0" offset="15" sl="195" sc="0" el="195" ec="0" bec="0" bev="0" fileid="41" />
                <SequencePoint vc="0" uspid="24896" ordinal="0" offset="23" sl="196" sc="0" el="196" ec="0" bec="0" bev="0" fileid="41" />
                <SequencePoint vc="0" uspid="24897" ordinal="0" offset="24" sl="197" sc="0" el="197" ec="0" bec="0" bev="0" fileid="41" />
                <SequencePoint vc="0" uspid="24898" ordinal="0" offset="38" sl="198" sc="0" el="198" ec="0" bec="0" bev="0" fileid="41" />
              </SequencePoints>
              <BranchPoints />
            </Method>
            <Method visited="false" cyclomaticComplexity="0" nPathComplexity="0" sequenceCoverage="0.0" branchCoverage="0" crapScore="0" isConstructor="false" isStatic="false" isGetter="false" isSetter="false">
              <Summary numSequencePoints="9" visitedSequencePoints="0" numBranchPoints="0" visitedBranchPoints="0" sequenceCoverage="0.0" branchCoverage="0" maxCyclomaticComplexity="0" minCyclomaticComplexity="0" maxCrapScore="0" minCrapScore="0" visitedClasses="0" numClasses="0" visitedMethods="0" numMethods="1" />
              <MetadataToken>100663300</MetadataToken>
              <Name>System.Void Fusion.NetworkAssetSourceResource[T]::Release()</Name>
              <FileRef uid="41" />
              <SequencePoints>
                <SequencePoint vc="0" uspid="24899" ordinal="0" offset="0" sl="205" sc="0" el="205" ec="0" bec="0" bev="0" fileid="41" />
                <SequencePoint vc="0" uspid="24900" ordinal="0" offset="1" sl="206" sc="0" el="206" ec="0" bec="0" bev="0" fileid="41" />
                <SequencePoint vc="0" uspid="24901" ordinal="0" offset="17" sl="206" sc="0" el="206" ec="0" bec="0" bev="0" fileid="41" />
                <SequencePoint vc="0" uspid="24902" ordinal="0" offset="18" sl="207" sc="0" el="207" ec="0" bec="0" bev="0" fileid="41" />
                <SequencePoint vc="0" uspid="24903" ordinal="0" offset="29" sl="209" sc="0" el="209" ec="0" bec="0" bev="0" fileid="41" />
                <SequencePoint vc="0" uspid="24904" ordinal="0" offset="53" sl="209" sc="0" el="209" ec="0" bec="0" bev="0" fileid="41" />
                <SequencePoint vc="0" uspid="24905" ordinal="0" offset="54" sl="210" sc="0" el="210" ec="0" bec="0" bev="0" fileid="41" />
                <SequencePoint vc="0" uspid="24906" ordinal="0" offset="61" sl="211" sc="0" el="211" ec="0" bec="0" bev="0" fileid="41" />
                <SequencePoint vc="0" uspid="24907" ordinal="0" offset="62" sl="212" sc="0" el="212" ec="0" bec="0" bev="0" fileid="41" />
              </SequencePoints>
              <BranchPoints />
            </Method>
            <Method visited="false" cyclomaticComplexity="0" nPathComplexity="0" sequenceCoverage="0.0" branchCoverage="0" crapScore="0" isConstructor="false" isStatic="false" isGetter="true" isSetter="false">
              <Summary numSequencePoints="9" visitedSequencePoints="0" numBranchPoints="0" visitedBranchPoints="0" sequenceCoverage="0.0" branchCoverage="0" maxCyclomaticComplexity="0" minCyclomaticComplexity="0" maxCrapScore="0" minCrapScore="0" visitedClasses="0" numClasses="0" visitedMethods="0" numMethods="1" />
              <MetadataToken>100663301</MetadataToken>
              <Name>System.Boolean Fusion.NetworkAssetSourceResource[T]::get_IsCompleted()</Name>
              <FileRef uid="41" />
              <SequencePoints>
                <SequencePoint vc="0" uspid="24908" ordinal="0" offset="0" sl="218" sc="0" el="218" ec="0" bec="0" bev="0" fileid="41" />
                <SequencePoint vc="0" uspid="24909" ordinal="0" offset="1" sl="219" sc="0" el="219" ec="0" bec="0" bev="0" fileid="41" />
                <SequencePoint vc="0" uspid="24910" ordinal="0" offset="14" sl="219" sc="0" el="219" ec="0" bec="0" bev="0" fileid="41" />
                <SequencePoint vc="0" uspid="24911" ordinal="0" offset="15" sl="221" sc="0" el="221" ec="0" bec="0" bev="0" fileid="41" />
                <SequencePoint vc="0" uspid="24912" ordinal="0" offset="19" sl="224" sc="0" el="224" ec="0" bec="0" bev="0" fileid="41" />
                <SequencePoint vc="0" uspid="24913" ordinal="0" offset="50" sl="224" sc="0" el="224" ec="0" bec="0" bev="0" fileid="41" />
                <SequencePoint vc="0" uspid="24914" ordinal="0" offset="51" sl="226" sc="0" el="226" ec="0" bec="0" bev="0" fileid="41" />
                <SequencePoint vc="0" uspid="24915" ordinal="0" offset="55" sl="229" sc="0" el="229" ec="0" bec="0" bev="0" fileid="41" />
                <SequencePoint vc="0" uspid="24916" ordinal="0" offset="59" sl="230" sc="0" el="230" ec="0" bec="0" bev="0" fileid="41" />
              </SequencePoints>
              <BranchPoints />
            </Method>
            <Method visited="false" cyclomaticComplexity="0" nPathComplexity="0" sequenceCoverage="0.0" branchCoverage="0" crapScore="0" isConstructor="false" isStatic="false" isGetter="false" isSetter="false">
              <Summary numSequencePoints="25" visitedSequencePoints="0" numBranchPoints="0" visitedBranchPoints="0" sequenceCoverage="0.0" branchCoverage="0" maxCyclomaticComplexity="0" minCyclomaticComplexity="0" maxCrapScore="0" minCrapScore="0" visitedClasses="0" numClasses="0" visitedMethods="0" numMethods="1" />
              <MetadataToken>100663302</MetadataToken>
              <Name>T Fusion.NetworkAssetSourceResource[T]::WaitForResult()</Name>
              <FileRef uid="41" />
              <SequencePoints>
                <SequencePoint vc="0" uspid="24917" ordinal="0" offset="0" sl="237" sc="0" el="237" ec="0" bec="0" bev="0" fileid="41" />
                <SequencePoint vc="0" uspid="24918" ordinal="0" offset="1" sl="238" sc="0" el="238" ec="0" bec="0" bev="0" fileid="41" />
                <SequencePoint vc="0" uspid="24919" ordinal="0" offset="16" sl="239" sc="0" el="239" ec="0" bec="0" bev="0" fileid="41" />
                <SequencePoint vc="0" uspid="24920" ordinal="0" offset="36" sl="239" sc="0" el="239" ec="0" bec="0" bev="0" fileid="41" />
                <SequencePoint vc="0" uspid="24921" ordinal="0" offset="37" sl="240" sc="0" el="240" ec="0" bec="0" bev="0" fileid="41" />
                <SequencePoint vc="0" uspid="24922" ordinal="0" offset="49" sl="240" sc="0" el="240" ec="0" bec="0" bev="0" fileid="41" />
                <SequencePoint vc="0" uspid="24923" ordinal="0" offset="50" sl="241" sc="0" el="241" ec="0" bec="0" bev="0" fileid="41" />
                <SequencePoint vc="0" uspid="24924" ordinal="0" offset="58" sl="242" sc="0" el="242" ec="0" bec="0" bev="0" fileid="41" />
                <SequencePoint vc="0" uspid="24925" ordinal="0" offset="61" sl="242" sc="0" el="242" ec="0" bec="0" bev="0" fileid="41" />
                <SequencePoint vc="0" uspid="24926" ordinal="0" offset="62" sl="244" sc="0" el="244" ec="0" bec="0" bev="0" fileid="41" />
                <SequencePoint vc="0" uspid="24927" ordinal="0" offset="69" sl="245" sc="0" el="245" ec="0" bec="0" bev="0" fileid="41" />
                <SequencePoint vc="0" uspid="24928" ordinal="0" offset="77" sl="246" sc="0" el="246" ec="0" bec="0" bev="0" fileid="41" />
                <SequencePoint vc="0" uspid="24929" ordinal="0" offset="78" sl="247" sc="0" el="247" ec="0" bec="0" bev="0" fileid="41" />
                <SequencePoint vc="0" uspid="24930" ordinal="0" offset="79" sl="249" sc="0" el="249" ec="0" bec="0" bev="0" fileid="41" />
                <SequencePoint vc="0" uspid="24931" ordinal="0" offset="94" sl="249" sc="0" el="249" ec="0" bec="0" bev="0" fileid="41" />
                <SequencePoint vc="0" uspid="24932" ordinal="0" offset="95" sl="250" sc="0" el="250" ec="0" bec="0" bev="0" fileid="41" />
                <SequencePoint vc="0" uspid="24933" ordinal="0" offset="133" sl="253" sc="0" el="253" ec="0" bec="0" bev="0" fileid="41" />
                <SequencePoint vc="0" uspid="24934" ordinal="0" offset="165" sl="253" sc="0" el="253" ec="0" bec="0" bev="0" fileid="41" />
                <SequencePoint vc="0" uspid="24935" ordinal="0" offset="166" sl="254" sc="0" el="254" ec="0" bec="0" bev="0" fileid="41" />
                <SequencePoint vc="0" uspid="24936" ordinal="0" offset="171" sl="257" sc="0" el="257" ec="0" bec="0" bev="0" fileid="41" />
                <SequencePoint vc="0" uspid="24937" ordinal="0" offset="193" sl="257" sc="0" el="257" ec="0" bec="0" bev="0" fileid="41" />
                <SequencePoint vc="0" uspid="24938" ordinal="0" offset="194" sl="258" sc="0" el="258" ec="0" bec="0" bev="0" fileid="41" />
                <SequencePoint vc="0" uspid="24939" ordinal="0" offset="201" sl="259" sc="0" el="259" ec="0" bec="0" bev="0" fileid="41" />
                <SequencePoint vc="0" uspid="24940" ordinal="0" offset="207" sl="262" sc="0" el="262" ec="0" bec="0" bev="0" fileid="41" />
                <SequencePoint vc="0" uspid="24941" ordinal="0" offset="245" sl="263" sc="0" el="263" ec="0" bec="0" bev="0" fileid="41" />
              </SequencePoints>
              <BranchPoints />
            </Method>
            <Method visited="false" cyclomaticComplexity="0" nPathComplexity="0" sequenceCoverage="0.0" branchCoverage="0" crapScore="0" isConstructor="false" isStatic="false" isGetter="false" isSetter="false">
              <Summary numSequencePoints="15" visitedSequencePoints="0" numBranchPoints="0" visitedBranchPoints="0" sequenceCoverage="0.0" branchCoverage="0" maxCyclomaticComplexity="0" minCyclomaticComplexity="0" maxCrapScore="0" minCrapScore="0" visitedClasses="0" numClasses="0" visitedMethods="0" numMethods="1" />
              <MetadataToken>100663303</MetadataToken>
              <Name>System.Void Fusion.NetworkAssetSourceResource[T]::FinishAsyncOp(UnityEngine.ResourceRequest)</Name>
              <FileRef uid="41" />
              <SequencePoints>
                <SequencePoint vc="0" uspid="24942" ordinal="0" offset="0" sl="265" sc="0" el="265" ec="0" bec="0" bev="0" fileid="41" />
                <SequencePoint vc="0" uspid="24943" ordinal="0" offset="1" sl="266" sc="0" el="266" ec="0" bec="0" bev="0" fileid="41" />
                <SequencePoint vc="0" uspid="24944" ordinal="0" offset="2" sl="267" sc="0" el="267" ec="0" bec="0" bev="0" fileid="41" />
                <SequencePoint vc="0" uspid="24945" ordinal="0" offset="46" sl="268" sc="0" el="268" ec="0" bec="0" bev="0" fileid="41" />
                <SequencePoint vc="0" uspid="24946" ordinal="0" offset="56" sl="268" sc="0" el="268" ec="0" bec="0" bev="0" fileid="41" />
                <SequencePoint vc="0" uspid="24947" ordinal="0" offset="57" sl="269" sc="0" el="269" ec="0" bec="0" bev="0" fileid="41" />
                <SequencePoint vc="0" uspid="24948" ordinal="0" offset="64" sl="270" sc="0" el="270" ec="0" bec="0" bev="0" fileid="41" />
                <SequencePoint vc="0" uspid="24949" ordinal="0" offset="67" sl="270" sc="0" el="270" ec="0" bec="0" bev="0" fileid="41" />
                <SequencePoint vc="0" uspid="24950" ordinal="0" offset="68" sl="271" sc="0" el="271" ec="0" bec="0" bev="0" fileid="41" />
                <SequencePoint vc="0" uspid="24951" ordinal="0" offset="101" sl="273" sc="0" el="273" ec="0" bec="0" bev="0" fileid="41" />
                <SequencePoint vc="0" uspid="24952" ordinal="0" offset="104" sl="273" sc="0" el="273" ec="0" bec="0" bev="0" fileid="41" />
                <SequencePoint vc="0" uspid="24953" ordinal="0" offset="105" sl="273" sc="0" el="273" ec="0" bec="0" bev="0" fileid="41" />
                <SequencePoint vc="0" uspid="24954" ordinal="0" offset="106" sl="274" sc="0" el="274" ec="0" bec="0" bev="0" fileid="41" />
                <SequencePoint vc="0" uspid="24955" ordinal="0" offset="118" sl="275" sc="0" el="275" ec="0" bec="0" bev="0" fileid="41" />
                <SequencePoint vc="0" uspid="24956" ordinal="0" offset="121" sl="276" sc="0" el="276" ec="0" bec="0" bev="0" fileid="41" />
              </SequencePoints>
              <BranchPoints />
            </Method>
            <Method visited="false" cyclomaticComplexity="0" nPathComplexity="0" sequenceCoverage="0.0" branchCoverage="0" crapScore="0" isConstructor="false" isStatic="true" isGetter="false" isSetter="false">
              <Summary numSequencePoints="13" visitedSequencePoints="0" numBranchPoints="0" visitedBranchPoints="0" sequenceCoverage="0.0" branchCoverage="0" maxCyclomaticComplexity="0" minCyclomaticComplexity="0" maxCrapScore="0" minCrapScore="0" visitedClasses="0" numClasses="0" visitedMethods="0" numMethods="1" />
              <MetadataToken>100663304</MetadataToken>
              <Name>static T Fusion.NetworkAssetSourceResource[T]::LoadNamedResource(System.String, System.String)</Name>
              <FileRef uid="41" />
              <SequencePoints>
                <SequencePoint vc="0" uspid="24957" ordinal="0" offset="0" sl="278" sc="0" el="278" ec="0" bec="0" bev="0" fileid="41" />
                <SequencePoint vc="0" uspid="24958" ordinal="0" offset="1" sl="279" sc="0" el="279" ec="0" bec="0" bev="0" fileid="41" />
                <SequencePoint vc="0" uspid="24959" ordinal="0" offset="8" sl="281" sc="0" el="281" ec="0" bec="0" bev="0" fileid="41" />
                <SequencePoint vc="0" uspid="24960" ordinal="0" offset="12" sl="281" sc="0" el="281" ec="0" bec="0" bev="0" fileid="41" />
                <SequencePoint vc="0" uspid="24961" ordinal="0" offset="13" sl="282" sc="0" el="282" ec="0" bec="0" bev="0" fileid="41" />
                <SequencePoint vc="0" uspid="24962" ordinal="0" offset="21" sl="283" sc="0" el="283" ec="0" bec="0" bev="0" fileid="41" />
                <SequencePoint vc="0" uspid="24963" ordinal="0" offset="43" sl="283" sc="0" el="283" ec="0" bec="0" bev="0" fileid="41" />
                <SequencePoint vc="0" uspid="24964" ordinal="0" offset="44" sl="284" sc="0" el="284" ec="0" bec="0" bev="0" fileid="41" />
                <SequencePoint vc="0" uspid="24965" ordinal="0" offset="49" sl="286" sc="0" el="286" ec="0" bec="0" bev="0" fileid="41" />
                <SequencePoint vc="0" uspid="24966" ordinal="0" offset="50" sl="281" sc="0" el="281" ec="0" bec="0" bev="0" fileid="41" />
                <SequencePoint vc="0" uspid="24967" ordinal="0" offset="54" sl="281" sc="0" el="281" ec="0" bec="0" bev="0" fileid="41" />
                <SequencePoint vc="0" uspid="24968" ordinal="0" offset="66" sl="288" sc="0" el="288" ec="0" bec="0" bev="0" fileid="41" />
                <SequencePoint vc="0" uspid="24969" ordinal="0" offset="80" sl="289" sc="0" el="289" ec="0" bec="0" bev="0" fileid="41" />
              </SequencePoints>
              <BranchPoints />
            </Method>
            <Method visited="false" cyclomaticComplexity="0" nPathComplexity="0" sequenceCoverage="0.0" branchCoverage="0" crapScore="0" isConstructor="false" isStatic="false" isGetter="false" isSetter="false">
              <Summary numSequencePoints="20" visitedSequencePoints="0" numBranchPoints="0" visitedBranchPoints="0" sequenceCoverage="0.0" branchCoverage="0" maxCyclomaticComplexity="0" minCyclomaticComplexity="0" maxCrapScore="0" minCrapScore="0" visitedClasses="0" numClasses="0" visitedMethods="0" numMethods="1" />
              <MetadataToken>100663305</MetadataToken>
              <Name>System.Void Fusion.NetworkAssetSourceResource[T]::LoadInternal(System.Boolean)</Name>
              <FileRef uid="41" />
              <SequencePoints>
                <SequencePoint vc="0" uspid="24970" ordinal="0" offset="0" sl="291" sc="0" el="291" ec="0" bec="0" bev="0" fileid="41" />
                <SequencePoint vc="0" uspid="24971" ordinal="0" offset="1" sl="292" sc="0" el="292" ec="0" bec="0" bev="0" fileid="41" />
                <SequencePoint vc="0" uspid="24972" ordinal="0" offset="16" sl="293" sc="0" el="293" ec="0" bec="0" bev="0" fileid="41" />
                <SequencePoint vc="0" uspid="24973" ordinal="0" offset="17" sl="294" sc="0" el="294" ec="0" bec="0" bev="0" fileid="41" />
                <SequencePoint vc="0" uspid="24974" ordinal="0" offset="22" sl="294" sc="0" el="294" ec="0" bec="0" bev="0" fileid="41" />
                <SequencePoint vc="0" uspid="24975" ordinal="0" offset="23" sl="295" sc="0" el="295" ec="0" bec="0" bev="0" fileid="41" />
                <SequencePoint vc="0" uspid="24976" ordinal="0" offset="77" sl="296" sc="0" el="296" ec="0" bec="0" bev="0" fileid="41" />
                <SequencePoint vc="0" uspid="24977" ordinal="0" offset="80" sl="296" sc="0" el="296" ec="0" bec="0" bev="0" fileid="41" />
                <SequencePoint vc="0" uspid="24978" ordinal="0" offset="81" sl="297" sc="0" el="297" ec="0" bec="0" bev="0" fileid="41" />
                <SequencePoint vc="0" uspid="24979" ordinal="0" offset="98" sl="298" sc="0" el="298" ec="0" bec="0" bev="0" fileid="41" />
                <SequencePoint vc="0" uspid="24980" ordinal="0" offset="99" sl="300" sc="0" el="300" ec="0" bec="0" bev="0" fileid="41" />
                <SequencePoint vc="0" uspid="24981" ordinal="0" offset="112" sl="300" sc="0" el="300" ec="0" bec="0" bev="0" fileid="41" />
                <SequencePoint vc="0" uspid="24982" ordinal="0" offset="113" sl="301" sc="0" el="301" ec="0" bec="0" bev="0" fileid="41" />
                <SequencePoint vc="0" uspid="24983" ordinal="0" offset="151" sl="302" sc="0" el="302" ec="0" bec="0" bev="0" fileid="41" />
                <SequencePoint vc="0" uspid="24984" ordinal="0" offset="152" sl="303" sc="0" el="303" ec="0" bec="0" bev="0" fileid="41" />
                <SequencePoint vc="0" uspid="24985" ordinal="0" offset="155" sl="303" sc="0" el="303" ec="0" bec="0" bev="0" fileid="41" />
                <SequencePoint vc="0" uspid="24986" ordinal="0" offset="156" sl="303" sc="0" el="303" ec="0" bec="0" bev="0" fileid="41" />
                <SequencePoint vc="0" uspid="24987" ordinal="0" offset="157" sl="304" sc="0" el="304" ec="0" bec="0" bev="0" fileid="41" />
                <SequencePoint vc="0" uspid="24988" ordinal="0" offset="169" sl="305" sc="0" el="305" ec="0" bec="0" bev="0" fileid="41" />
                <SequencePoint vc="0" uspid="24989" ordinal="0" offset="172" sl="306" sc="0" el="306" ec="0" bec="0" bev="0" fileid="41" />
              </SequencePoints>
              <BranchPoints />
            </Method>
            <Method visited="false" cyclomaticComplexity="0" nPathComplexity="0" sequenceCoverage="0.0" branchCoverage="0" crapScore="0" isConstructor="false" isStatic="false" isGetter="false" isSetter="false">
              <Summary numSequencePoints="10" visitedSequencePoints="0" numBranchPoints="0" visitedBranchPoints="0" sequenceCoverage="0.0" branchCoverage="0" maxCyclomaticComplexity="0" minCyclomaticComplexity="0" maxCrapScore="0" minCrapScore="0" visitedClasses="0" numClasses="0" visitedMethods="0" numMethods="1" />
              <MetadataToken>100663306</MetadataToken>
              <Name>System.Void Fusion.NetworkAssetSourceResource[T]::UnloadInternal()</Name>
              <FileRef uid="41" />
              <SequencePoints>
                <SequencePoint vc="0" uspid="24990" ordinal="0" offset="0" sl="308" sc="0" el="308" ec="0" bec="0" bev="0" fileid="41" />
                <SequencePoint vc="0" uspid="24991" ordinal="0" offset="1" sl="309" sc="0" el="309" ec="0" bec="0" bev="0" fileid="41" />
                <SequencePoint vc="0" uspid="24992" ordinal="0" offset="21" sl="309" sc="0" el="309" ec="0" bec="0" bev="0" fileid="41" />
                <SequencePoint vc="0" uspid="24993" ordinal="0" offset="22" sl="310" sc="0" el="310" ec="0" bec="0" bev="0" fileid="41" />
                <SequencePoint vc="0" uspid="24994" ordinal="0" offset="60" sl="313" sc="0" el="313" ec="0" bec="0" bev="0" fileid="41" />
                <SequencePoint vc="0" uspid="24995" ordinal="0" offset="63" sl="313" sc="0" el="313" ec="0" bec="0" bev="0" fileid="41" />
                <SequencePoint vc="0" uspid="24996" ordinal="0" offset="81" sl="313" sc="0" el="313" ec="0" bec="0" bev="0" fileid="41" />
                <SequencePoint vc="0" uspid="24997" ordinal="0" offset="82" sl="315" sc="0" el="315" ec="0" bec="0" bev="0" fileid="41" />
                <SequencePoint vc="0" uspid="24998" ordinal="0" offset="83" sl="317" sc="0" el="317" ec="0" bec="0" bev="0" fileid="41" />
                <SequencePoint vc="0" uspid="24999" ordinal="0" offset="90" sl="318" sc="0" el="318" ec="0" bec="0" bev="0" fileid="41" />
              </SequencePoints>
              <BranchPoints />
            </Method>
            <Method visited="false" cyclomaticComplexity="0" nPathComplexity="0" sequenceCoverage="0.0" branchCoverage="0" crapScore="0" isConstructor="false" isStatic="false" isGetter="true" isSetter="false">
              <Summary numSequencePoints="1" visitedSequencePoints="0" numBranchPoints="0" visitedBranchPoints="0" sequenceCoverage="0.0" branchCoverage="0" maxCyclomaticComplexity="0" minCyclomaticComplexity="0" maxCrapScore="0" minCrapScore="0" visitedClasses="0" numClasses="0" visitedMethods="0" numMethods="1" />
              <MetadataToken>100663307</MetadataToken>
              <Name>System.String Fusion.NetworkAssetSourceResource[T]::get_Description()</Name>
              <FileRef uid="41" />
              <SequencePoints>
                <SequencePoint vc="0" uspid="25000" ordinal="0" offset="0" sl="323" sc="0" el="323" ec="0" bec="0" bev="0" fileid="41" />
              </SequencePoints>
              <BranchPoints />
            </Method>
            <Method visited="false" cyclomaticComplexity="0" nPathComplexity="0" sequenceCoverage="0.0" branchCoverage="0" crapScore="0" isConstructor="false" isStatic="false" isGetter="true" isSetter="false">
              <Summary numSequencePoints="1" visitedSequencePoints="0" numBranchPoints="0" visitedBranchPoints="0" sequenceCoverage="0.0" branchCoverage="0" maxCyclomaticComplexity="0" minCyclomaticComplexity="0" maxCrapScore="0" minCrapScore="0" visitedClasses="0" numClasses="0" visitedMethods="0" numMethods="1" />
              <MetadataToken>100663308</MetadataToken>
              <Name>T Fusion.NetworkAssetSourceResource[T]::get_EditorInstance()</Name>
              <FileRef uid="41" />
              <SequencePoints>
                <SequencePoint vc="0" uspid="25001" ordinal="0" offset="0" sl="329" sc="0" el="329" ec="0" bec="0" bev="0" fileid="41" />
              </SequencePoints>
              <BranchPoints />
            </Method>
          </Methods>
        </Class>
        <Class>
          <Summary numSequencePoints="24" visitedSequencePoints="0" numBranchPoints="0" visitedBranchPoints="0" sequenceCoverage="0.0" branchCoverage="0.0" maxCyclomaticComplexity="0" minCyclomaticComplexity="0" maxCrapScore="0" minCrapScore="0" visitedClasses="0" numClasses="1" visitedMethods="0" numMethods="8" />
          <FullName>Fusion.NetworkAssetSourceStatic[T]</FullName>
          <Methods>
            <Method visited="false" cyclomaticComplexity="0" nPathComplexity="0" sequenceCoverage="0.0" branchCoverage="0" crapScore="0" isConstructor="false" isStatic="false" isGetter="true" isSetter="false">
              <Summary numSequencePoints="1" visitedSequencePoints="0" numBranchPoints="0" visitedBranchPoints="0" sequenceCoverage="0.0" branchCoverage="0" maxCyclomaticComplexity="0" minCyclomaticComplexity="0" maxCrapScore="0" minCrapScore="0" visitedClasses="0" numClasses="0" visitedMethods="0" numMethods="1" />
              <MetadataToken>100663310</MetadataToken>
              <Name>T Fusion.NetworkAssetSourceStatic[T]::get_Prefab()</Name>
              <FileRef uid="41" />
              <SequencePoints>
                <SequencePoint vc="0" uspid="25002" ordinal="0" offset="0" sl="361" sc="0" el="361" ec="0" bec="0" bev="0" fileid="41" />
              </SequencePoints>
              <BranchPoints />
            </Method>
            <Method visited="false" cyclomaticComplexity="0" nPathComplexity="0" sequenceCoverage="0.0" branchCoverage="0" crapScore="0" isConstructor="false" isStatic="false" isGetter="false" isSetter="true">
              <Summary numSequencePoints="1" visitedSequencePoints="0" numBranchPoints="0" visitedBranchPoints="0" sequenceCoverage="0.0" branchCoverage="0" maxCyclomaticComplexity="0" minCyclomaticComplexity="0" maxCrapScore="0" minCrapScore="0" visitedClasses="0" numClasses="0" visitedMethods="0" numMethods="1" />
              <MetadataToken>100663311</MetadataToken>
              <Name>System.Void Fusion.NetworkAssetSourceStatic[T]::set_Prefab(T)</Name>
              <FileRef uid="41" />
              <SequencePoints>
                <SequencePoint vc="0" uspid="25003" ordinal="0" offset="0" sl="362" sc="0" el="362" ec="0" bec="0" bev="0" fileid="41" />
              </SequencePoints>
              <BranchPoints />
            </Method>
            <Method visited="false" cyclomaticComplexity="0" nPathComplexity="0" sequenceCoverage="0.0" branchCoverage="0" crapScore="0" isConstructor="false" isStatic="false" isGetter="true" isSetter="false">
              <Summary numSequencePoints="1" visitedSequencePoints="0" numBranchPoints="0" visitedBranchPoints="0" sequenceCoverage="0.0" branchCoverage="0" maxCyclomaticComplexity="0" minCyclomaticComplexity="0" maxCrapScore="0" minCrapScore="0" visitedClasses="0" numClasses="0" visitedMethods="0" numMethods="1" />
              <MetadataToken>100663312</MetadataToken>
              <Name>System.Boolean Fusion.NetworkAssetSourceStatic[T]::get_IsCompleted()</Name>
              <FileRef uid="41" />
              <SequencePoints>
                <SequencePoint vc="0" uspid="25004" ordinal="0" offset="0" sl="368" sc="0" el="368" ec="0" bec="0" bev="0" fileid="41" />
              </SequencePoints>
              <BranchPoints />
            </Method>
            <Method visited="false" cyclomaticComplexity="0" nPathComplexity="0" sequenceCoverage="0.0" branchCoverage="0" crapScore="0" isConstructor="false" isStatic="false" isGetter="false" isSetter="false">
              <Summary numSequencePoints="2" visitedSequencePoints="0" numBranchPoints="0" visitedBranchPoints="0" sequenceCoverage="0.0" branchCoverage="0" maxCyclomaticComplexity="0" minCyclomaticComplexity="0" maxCrapScore="0" minCrapScore="0" visitedClasses="0" numClasses="0" visitedMethods="0" numMethods="1" />
              <MetadataToken>100663313</MetadataToken>
              <Name>System.Void Fusion.NetworkAssetSourceStatic[T]::Acquire(System.Boolean)</Name>
              <FileRef uid="41" />
              <SequencePoints>
                <SequencePoint vc="0" uspid="25005" ordinal="0" offset="0" sl="373" sc="0" el="373" ec="0" bec="0" bev="0" fileid="41" />
                <SequencePoint vc="0" uspid="25006" ordinal="0" offset="1" sl="375" sc="0" el="375" ec="0" bec="0" bev="0" fileid="41" />
              </SequencePoints>
              <BranchPoints />
            </Method>
            <Method visited="false" cyclomaticComplexity="0" nPathComplexity="0" sequenceCoverage="0.0" branchCoverage="0" crapScore="0" isConstructor="false" isStatic="false" isGetter="false" isSetter="false">
              <Summary numSequencePoints="2" visitedSequencePoints="0" numBranchPoints="0" visitedBranchPoints="0" sequenceCoverage="0.0" branchCoverage="0" maxCyclomaticComplexity="0" minCyclomaticComplexity="0" maxCrapScore="0" minCrapScore="0" visitedClasses="0" numClasses="0" visitedMethods="0" numMethods="1" />
              <MetadataToken>100663314</MetadataToken>
              <Name>System.Void Fusion.NetworkAssetSourceStatic[T]::Release()</Name>
              <FileRef uid="41" />
              <SequencePoints>
                <SequencePoint vc="0" uspid="25007" ordinal="0" offset="0" sl="380" sc="0" el="380" ec="0" bec="0" bev="0" fileid="41" />
                <SequencePoint vc="0" uspid="25008" ordinal="0" offset="1" sl="382" sc="0" el="382" ec="0" bec="0" bev="0" fileid="41" />
              </SequencePoints>
              <BranchPoints />
            </Method>
            <Method visited="false" cyclomaticComplexity="0" nPathComplexity="0" sequenceCoverage="0.0" branchCoverage="0" crapScore="0" isConstructor="false" isStatic="false" isGetter="false" isSetter="false">
              <Summary numSequencePoints="6" visitedSequencePoints="0" numBranchPoints="0" visitedBranchPoints="0" sequenceCoverage="0.0" branchCoverage="0" maxCyclomaticComplexity="0" minCyclomaticComplexity="0" maxCrapScore="0" minCrapScore="0" visitedClasses="0" numClasses="0" visitedMethods="0" numMethods="1" />
              <MetadataToken>100663315</MetadataToken>
              <Name>T Fusion.NetworkAssetSourceStatic[T]::WaitForResult()</Name>
              <FileRef uid="41" />
              <SequencePoints>
                <SequencePoint vc="0" uspid="25009" ordinal="0" offset="0" sl="387" sc="0" el="387" ec="0" bec="0" bev="0" fileid="41" />
                <SequencePoint vc="0" uspid="25010" ordinal="0" offset="1" sl="388" sc="0" el="388" ec="0" bec="0" bev="0" fileid="41" />
                <SequencePoint vc="0" uspid="25011" ordinal="0" offset="22" sl="388" sc="0" el="388" ec="0" bec="0" bev="0" fileid="41" />
                <SequencePoint vc="0" uspid="25012" ordinal="0" offset="23" sl="389" sc="0" el="389" ec="0" bec="0" bev="0" fileid="41" />
                <SequencePoint vc="0" uspid="25013" ordinal="0" offset="34" sl="392" sc="0" el="392" ec="0" bec="0" bev="0" fileid="41" />
                <SequencePoint vc="0" uspid="25014" ordinal="0" offset="43" sl="393" sc="0" el="393" ec="0" bec="0" bev="0" fileid="41" />
              </SequencePoints>
              <BranchPoints />
            </Method>
            <Method visited="false" cyclomaticComplexity="0" nPathComplexity="0" sequenceCoverage="0.0" branchCoverage="0" crapScore="0" isConstructor="false" isStatic="false" isGetter="true" isSetter="false">
              <Summary numSequencePoints="10" visitedSequencePoints="0" numBranchPoints="0" visitedBranchPoints="0" sequenceCoverage="0.0" branchCoverage="0" maxCyclomaticComplexity="0" minCyclomaticComplexity="0" maxCrapScore="0" minCrapScore="0" visitedClasses="0" numClasses="0" visitedMethods="0" numMethods="1" />
              <MetadataToken>100663316</MetadataToken>
              <Name>System.String Fusion.NetworkAssetSourceStatic[T]::get_Description()</Name>
              <FileRef uid="41" />
              <SequencePoints>
                <SequencePoint vc="0" uspid="25015" ordinal="0" offset="0" sl="397" sc="0" el="397" ec="0" bec="0" bev="0" fileid="41" />
                <SequencePoint vc="0" uspid="25016" ordinal="0" offset="1" sl="398" sc="0" el="398" ec="0" bec="0" bev="0" fileid="41" />
                <SequencePoint vc="0" uspid="25017" ordinal="0" offset="21" sl="398" sc="0" el="398" ec="0" bec="0" bev="0" fileid="41" />
                <SequencePoint vc="0" uspid="25018" ordinal="0" offset="22" sl="400" sc="0" el="400" ec="0" bec="0" bev="0" fileid="41" />
                <SequencePoint vc="0" uspid="25019" ordinal="0" offset="46" sl="400" sc="0" el="400" ec="0" bec="0" bev="0" fileid="41" />
                <SequencePoint vc="0" uspid="25020" ordinal="0" offset="47" sl="401" sc="0" el="401" ec="0" bec="0" bev="0" fileid="41" />
                <SequencePoint vc="0" uspid="25021" ordinal="0" offset="68" sl="404" sc="0" el="404" ec="0" bec="0" bev="0" fileid="41" />
                <SequencePoint vc="0" uspid="25022" ordinal="0" offset="105" sl="405" sc="0" el="405" ec="0" bec="0" bev="0" fileid="41" />
                <SequencePoint vc="0" uspid="25023" ordinal="0" offset="106" sl="406" sc="0" el="406" ec="0" bec="0" bev="0" fileid="41" />
                <SequencePoint vc="0" uspid="25024" ordinal="0" offset="115" sl="408" sc="0" el="408" ec="0" bec="0" bev="0" fileid="41" />
              </SequencePoints>
              <BranchPoints />
            </Method>
            <Method visited="false" cyclomaticComplexity="0" nPathComplexity="0" sequenceCoverage="0.0" branchCoverage="0" crapScore="0" isConstructor="false" isStatic="false" isGetter="true" isSetter="false">
              <Summary numSequencePoints="1" visitedSequencePoints="0" numBranchPoints="0" visitedBranchPoints="0" sequenceCoverage="0.0" branchCoverage="0" maxCyclomaticComplexity="0" minCyclomaticComplexity="0" maxCrapScore="0" minCrapScore="0" visitedClasses="0" numClasses="0" visitedMethods="0" numMethods="1" />
              <MetadataToken>100663317</MetadataToken>
              <Name>T Fusion.NetworkAssetSourceStatic[T]::get_EditorInstance()</Name>
              <FileRef uid="41" />
              <SequencePoints>
                <SequencePoint vc="0" uspid="25025" ordinal="0" offset="0" sl="415" sc="0" el="415" ec="0" bec="0" bev="0" fileid="41" />
              </SequencePoints>
              <BranchPoints />
            </Method>
          </Methods>
        </Class>
        <Class>
          <Summary numSequencePoints="27" visitedSequencePoints="0" numBranchPoints="0" visitedBranchPoints="0" sequenceCoverage="0.0" branchCoverage="0.0" maxCyclomaticComplexity="0" minCyclomaticComplexity="0" maxCrapScore="0" minCrapScore="0" visitedClasses="0" numClasses="1" visitedMethods="0" numMethods="8" />
          <FullName>Fusion.NetworkAssetSourceStaticLazy[T]</FullName>
          <Methods>
            <Method visited="false" cyclomaticComplexity="0" nPathComplexity="0" sequenceCoverage="0.0" branchCoverage="0" crapScore="0" isConstructor="false" isStatic="false" isGetter="true" isSetter="false">
              <Summary numSequencePoints="1" visitedSequencePoints="0" numBranchPoints="0" visitedBranchPoints="0" sequenceCoverage="0.0" branchCoverage="0" maxCyclomaticComplexity="0" minCyclomaticComplexity="0" maxCrapScore="0" minCrapScore="0" visitedClasses="0" numClasses="0" visitedMethods="0" numMethods="1" />
              <MetadataToken>100663319</MetadataToken>
              <Name>UnityEngine.LazyLoadReference[T] Fusion.NetworkAssetSourceStaticLazy[T]::get_Prefab()</Name>
              <FileRef uid="41" />
              <SequencePoints>
                <SequencePoint vc="0" uspid="25026" ordinal="0" offset="0" sl="448" sc="0" el="448" ec="0" bec="0" bev="0" fileid="41" />
              </SequencePoints>
              <BranchPoints />
            </Method>
            <Method visited="false" cyclomaticComplexity="0" nPathComplexity="0" sequenceCoverage="0.0" branchCoverage="0" crapScore="0" isConstructor="false" isStatic="false" isGetter="false" isSetter="true">
              <Summary numSequencePoints="1" visitedSequencePoints="0" numBranchPoints="0" visitedBranchPoints="0" sequenceCoverage="0.0" branchCoverage="0" maxCyclomaticComplexity="0" minCyclomaticComplexity="0" maxCrapScore="0" minCrapScore="0" visitedClasses="0" numClasses="0" visitedMethods="0" numMethods="1" />
              <MetadataToken>100663320</MetadataToken>
              <Name>System.Void Fusion.NetworkAssetSourceStaticLazy[T]::set_Prefab(UnityEngine.LazyLoadReference[T])</Name>
              <FileRef uid="41" />
              <SequencePoints>
                <SequencePoint vc="0" uspid="25027" ordinal="0" offset="0" sl="449" sc="0" el="449" ec="0" bec="0" bev="0" fileid="41" />
              </SequencePoints>
              <BranchPoints />
            </Method>
            <Method visited="false" cyclomaticComplexity="0" nPathComplexity="0" sequenceCoverage="0.0" branchCoverage="0" crapScore="0" isConstructor="false" isStatic="false" isGetter="true" isSetter="false">
              <Summary numSequencePoints="1" visitedSequencePoints="0" numBranchPoints="0" visitedBranchPoints="0" sequenceCoverage="0.0" branchCoverage="0" maxCyclomaticComplexity="0" minCyclomaticComplexity="0" maxCrapScore="0" minCrapScore="0" visitedClasses="0" numClasses="0" visitedMethods="0" numMethods="1" />
              <MetadataToken>100663321</MetadataToken>
              <Name>System.Boolean Fusion.NetworkAssetSourceStaticLazy[T]::get_IsCompleted()</Name>
              <FileRef uid="41" />
              <SequencePoints>
                <SequencePoint vc="0" uspid="25028" ordinal="0" offset="0" sl="453" sc="0" el="453" ec="0" bec="0" bev="0" fileid="41" />
              </SequencePoints>
              <BranchPoints />
            </Method>
            <Method visited="false" cyclomaticComplexity="0" nPathComplexity="0" sequenceCoverage="0.0" branchCoverage="0" crapScore="0" isConstructor="false" isStatic="false" isGetter="false" isSetter="false">
              <Summary numSequencePoints="2" visitedSequencePoints="0" numBranchPoints="0" visitedBranchPoints="0" sequenceCoverage="0.0" branchCoverage="0" maxCyclomaticComplexity="0" minCyclomaticComplexity="0" maxCrapScore="0" minCrapScore="0" visitedClasses="0" numClasses="0" visitedMethods="0" numMethods="1" />
              <MetadataToken>100663322</MetadataToken>
              <Name>System.Void Fusion.NetworkAssetSourceStaticLazy[T]::Acquire(System.Boolean)</Name>
              <FileRef uid="41" />
              <SequencePoints>
                <SequencePoint vc="0" uspid="25029" ordinal="0" offset="0" sl="456" sc="0" el="456" ec="0" bec="0" bev="0" fileid="41" />
                <SequencePoint vc="0" uspid="25030" ordinal="0" offset="1" sl="458" sc="0" el="458" ec="0" bec="0" bev="0" fileid="41" />
              </SequencePoints>
              <BranchPoints />
            </Method>
            <Method visited="false" cyclomaticComplexity="0" nPathComplexity="0" sequenceCoverage="0.0" branchCoverage="0" crapScore="0" isConstructor="false" isStatic="false" isGetter="false" isSetter="false">
              <Summary numSequencePoints="2" visitedSequencePoints="0" numBranchPoints="0" visitedBranchPoints="0" sequenceCoverage="0.0" branchCoverage="0" maxCyclomaticComplexity="0" minCyclomaticComplexity="0" maxCrapScore="0" minCrapScore="0" visitedClasses="0" numClasses="0" visitedMethods="0" numMethods="1" />
              <MetadataToken>100663323</MetadataToken>
              <Name>System.Void Fusion.NetworkAssetSourceStaticLazy[T]::Release()</Name>
              <FileRef uid="41" />
              <SequencePoints>
                <SequencePoint vc="0" uspid="25031" ordinal="0" offset="0" sl="461" sc="0" el="461" ec="0" bec="0" bev="0" fileid="41" />
                <SequencePoint vc="0" uspid="25032" ordinal="0" offset="1" sl="463" sc="0" el="463" ec="0" bec="0" bev="0" fileid="41" />
              </SequencePoints>
              <BranchPoints />
            </Method>
            <Method visited="false" cyclomaticComplexity="0" nPathComplexity="0" sequenceCoverage="0.0" branchCoverage="0" crapScore="0" isConstructor="false" isStatic="false" isGetter="false" isSetter="false">
              <Summary numSequencePoints="6" visitedSequencePoints="0" numBranchPoints="0" visitedBranchPoints="0" sequenceCoverage="0.0" branchCoverage="0" maxCyclomaticComplexity="0" minCyclomaticComplexity="0" maxCrapScore="0" minCrapScore="0" visitedClasses="0" numClasses="0" visitedMethods="0" numMethods="1" />
              <MetadataToken>100663324</MetadataToken>
              <Name>T Fusion.NetworkAssetSourceStaticLazy[T]::WaitForResult()</Name>
              <FileRef uid="41" />
              <SequencePoints>
                <SequencePoint vc="0" uspid="25033" ordinal="0" offset="0" sl="466" sc="0" el="466" ec="0" bec="0" bev="0" fileid="41" />
                <SequencePoint vc="0" uspid="25034" ordinal="0" offset="1" sl="467" sc="0" el="467" ec="0" bec="0" bev="0" fileid="41" />
                <SequencePoint vc="0" uspid="25035" ordinal="0" offset="27" sl="467" sc="0" el="467" ec="0" bec="0" bev="0" fileid="41" />
                <SequencePoint vc="0" uspid="25036" ordinal="0" offset="28" sl="468" sc="0" el="468" ec="0" bec="0" bev="0" fileid="41" />
                <SequencePoint vc="0" uspid="25037" ordinal="0" offset="39" sl="471" sc="0" el="471" ec="0" bec="0" bev="0" fileid="41" />
                <SequencePoint vc="0" uspid="25038" ordinal="0" offset="53" sl="472" sc="0" el="472" ec="0" bec="0" bev="0" fileid="41" />
              </SequencePoints>
              <BranchPoints />
            </Method>
            <Method visited="false" cyclomaticComplexity="0" nPathComplexity="0" sequenceCoverage="0.0" branchCoverage="0" crapScore="0" isConstructor="false" isStatic="false" isGetter="true" isSetter="false">
              <Summary numSequencePoints="13" visitedSequencePoints="0" numBranchPoints="0" visitedBranchPoints="0" sequenceCoverage="0.0" branchCoverage="0" maxCyclomaticComplexity="0" minCyclomaticComplexity="0" maxCrapScore="0" minCrapScore="0" visitedClasses="0" numClasses="0" visitedMethods="0" numMethods="1" />
              <MetadataToken>100663325</MetadataToken>
              <Name>System.String Fusion.NetworkAssetSourceStaticLazy[T]::get_Description()</Name>
              <FileRef uid="41" />
              <SequencePoints>
                <SequencePoint vc="0" uspid="25039" ordinal="0" offset="0" sl="476" sc="0" el="476" ec="0" bec="0" bev="0" fileid="41" />
                <SequencePoint vc="0" uspid="25040" ordinal="0" offset="1" sl="477" sc="0" el="477" ec="0" bec="0" bev="0" fileid="41" />
                <SequencePoint vc="0" uspid="25041" ordinal="0" offset="16" sl="477" sc="0" el="477" ec="0" bec="0" bev="0" fileid="41" />
                <SequencePoint vc="0" uspid="25042" ordinal="0" offset="17" sl="478" sc="0" el="478" ec="0" bec="0" bev="0" fileid="41" />
                <SequencePoint vc="0" uspid="25043" ordinal="0" offset="25" sl="479" sc="0" el="479" ec="0" bec="0" bev="0" fileid="41" />
                <SequencePoint vc="0" uspid="25044" ordinal="0" offset="40" sl="479" sc="0" el="479" ec="0" bec="0" bev="0" fileid="41" />
                <SequencePoint vc="0" uspid="25045" ordinal="0" offset="41" sl="481" sc="0" el="481" ec="0" bec="0" bev="0" fileid="41" />
                <SequencePoint vc="0" uspid="25046" ordinal="0" offset="67" sl="481" sc="0" el="481" ec="0" bec="0" bev="0" fileid="41" />
                <SequencePoint vc="0" uspid="25047" ordinal="0" offset="68" sl="482" sc="0" el="482" ec="0" bec="0" bev="0" fileid="41" />
                <SequencePoint vc="0" uspid="25048" ordinal="0" offset="89" sl="485" sc="0" el="485" ec="0" bec="0" bev="0" fileid="41" />
                <SequencePoint vc="0" uspid="25049" ordinal="0" offset="130" sl="486" sc="0" el="486" ec="0" bec="0" bev="0" fileid="41" />
                <SequencePoint vc="0" uspid="25050" ordinal="0" offset="131" sl="487" sc="0" el="487" ec="0" bec="0" bev="0" fileid="41" />
                <SequencePoint vc="0" uspid="25051" ordinal="0" offset="139" sl="489" sc="0" el="489" ec="0" bec="0" bev="0" fileid="41" />
              </SequencePoints>
              <BranchPoints />
            </Method>
            <Method visited="false" cyclomaticComplexity="0" nPathComplexity="0" sequenceCoverage="0.0" branchCoverage="0" crapScore="0" isConstructor="false" isStatic="false" isGetter="true" isSetter="false">
              <Summary numSequencePoints="1" visitedSequencePoints="0" numBranchPoints="0" visitedBranchPoints="0" sequenceCoverage="0.0" branchCoverage="0" maxCyclomaticComplexity="0" minCyclomaticComplexity="0" maxCrapScore="0" minCrapScore="0" visitedClasses="0" numClasses="0" visitedMethods="0" numMethods="1" />
              <MetadataToken>100663326</MetadataToken>
              <Name>T Fusion.NetworkAssetSourceStaticLazy[T]::get_EditorInstance()</Name>
              <FileRef uid="41" />
              <SequencePoints>
                <SequencePoint vc="0" uspid="25052" ordinal="0" offset="0" sl="494" sc="0" el="494" ec="0" bec="0" bev="0" fileid="41" />
              </SequencePoints>
              <BranchPoints />
            </Method>
          </Methods>
        </Class>
        <Class>
          <Summary numSequencePoints="16" visitedSequencePoints="0" numBranchPoints="0" visitedBranchPoints="0" sequenceCoverage="0.0" branchCoverage="0.0" maxCyclomaticComplexity="0" minCyclomaticComplexity="0" maxCrapScore="0" minCrapScore="0" visitedClasses="0" numClasses="1" visitedMethods="0" numMethods="1" />
          <FullName>Fusion.JsonUtilityExtensions</FullName>
          <Methods>
            <Method visited="false" cyclomaticComplexity="0" nPathComplexity="0" sequenceCoverage="0.0" branchCoverage="0" crapScore="0" isConstructor="false" isStatic="true" isGetter="false" isSetter="false">
              <Summary numSequencePoints="16" visitedSequencePoints="0" numBranchPoints="0" visitedBranchPoints="0" sequenceCoverage="0.0" branchCoverage="0" maxCyclomaticComplexity="0" minCyclomaticComplexity="0" maxCrapScore="0" minCrapScore="0" visitedClasses="0" numClasses="0" visitedMethods="0" numMethods="1" />
              <MetadataToken>100663360</MetadataToken>
              <Name>static T Fusion.JsonUtilityExtensions::FromJsonWithTypeAnnotation[T](System.String, Fusion.JsonUtilityExtensions/TypeResolverDelegate)</Name>
              <FileRef uid="41" />
              <SequencePoints>
                <SequencePoint vc="0" uspid="25346" ordinal="0" offset="0" sl="1110" sc="0" el="1110" ec="0" bec="0" bev="0" fileid="41" />
                <SequencePoint vc="0" uspid="25347" ordinal="0" offset="1" sl="1111" sc="0" el="1111" ec="0" bec="0" bev="0" fileid="41" />
                <SequencePoint vc="0" uspid="25348" ordinal="0" offset="20" sl="1111" sc="0" el="1111" ec="0" bec="0" bev="0" fileid="41" />
                <SequencePoint vc="0" uspid="25349" ordinal="0" offset="21" sl="1112" sc="0" el="1112" ec="0" bec="0" bev="0" fileid="41" />
                <SequencePoint vc="0" uspid="25350" ordinal="0" offset="61" sl="1113" sc="0" el="1113" ec="0" bec="0" bev="0" fileid="41" />
                <SequencePoint vc="0" uspid="25351" ordinal="0" offset="73" sl="1114" sc="0" el="1114" ec="0" bec="0" bev="0" fileid="41" />
                <SequencePoint vc="0" uspid="25352" ordinal="0" offset="82" sl="1116" sc="0" el="1116" ec="0" bec="0" bev="0" fileid="41" />
                <SequencePoint vc="0" uspid="25353" ordinal="0" offset="109" sl="1117" sc="0" el="1117" ec="0" bec="0" bev="0" fileid="41" />
                <SequencePoint vc="0" uspid="25354" ordinal="0" offset="118" sl="1118" sc="0" el="1118" ec="0" bec="0" bev="0" fileid="41" />
                <SequencePoint vc="0" uspid="25355" ordinal="0" offset="128" sl="1121" sc="0" el="1121" ec="0" bec="0" bev="0" fileid="41" />
                <SequencePoint vc="0" uspid="25356" ordinal="0" offset="170" sl="1121" sc="0" el="1121" ec="0" bec="0" bev="0" fileid="41" />
                <SequencePoint vc="0" uspid="25357" ordinal="0" offset="171" sl="1122" sc="0" el="1122" ec="0" bec="0" bev="0" fileid="41" />
                <SequencePoint vc="0" uspid="25358" ordinal="0" offset="193" sl="1123" sc="0" el="1123" ec="0" bec="0" bev="0" fileid="41" />
                <SequencePoint vc="0" uspid="25359" ordinal="0" offset="203" sl="1124" sc="0" el="1124" ec="0" bec="0" bev="0" fileid="41" />
                <SequencePoint vc="0" uspid="25360" ordinal="0" offset="214" sl="1127" sc="0" el="1127" ec="0" bec="0" bev="0" fileid="41" />
                <SequencePoint vc="0" uspid="25361" ordinal="0" offset="231" sl="1128" sc="0" el="1128" ec="0" bec="0" bev="0" fileid="41" />
              </SequencePoints>
              <BranchPoints />
            </Method>
          </Methods>
        </Class>
        <Class>
          <Summary numSequencePoints="5" visitedSequencePoints="0" numBranchPoints="0" visitedBranchPoints="0" sequenceCoverage="0.0" branchCoverage="0.0" maxCyclomaticComplexity="0" minCyclomaticComplexity="0" maxCrapScore="0" minCrapScore="0" visitedClasses="0" numClasses="1" visitedMethods="0" numMethods="2" />
          <FullName>Fusion.FusionMppm</FullName>
          <Methods>
            <Method visited="false" cyclomaticComplexity="0" nPathComplexity="0" sequenceCoverage="0.0" branchCoverage="0" crapScore="0" isConstructor="false" isStatic="false" isGetter="false" isSetter="false">
              <Summary numSequencePoints="2" visitedSequencePoints="0" numBranchPoints="0" visitedBranchPoints="0" sequenceCoverage="0.0" branchCoverage="0" maxCyclomaticComplexity="0" minCyclomaticComplexity="0" maxCrapScore="0" minCrapScore="0" visitedClasses="0" numClasses="0" visitedMethods="0" numMethods="1" />
              <MetadataToken>100663369</MetadataToken>
              <Name>System.Void Fusion.FusionMppm::Send[T](T)</Name>
              <FileRef uid="41" />
              <SequencePoints>
                <SequencePoint vc="0" uspid="25559" ordinal="0" offset="0" sl="1684" sc="0" el="1684" ec="0" bec="0" bev="0" fileid="41" />
                <SequencePoint vc="0" uspid="25560" ordinal="0" offset="1" sl="1689" sc="0" el="1689" ec="0" bec="0" bev="0" fileid="41" />
              </SequencePoints>
              <BranchPoints />
            </Method>
            <Method visited="false" cyclomaticComplexity="0" nPathComplexity="0" sequenceCoverage="0.0" branchCoverage="0" crapScore="0" isConstructor="false" isStatic="true" isGetter="false" isSetter="false">
              <Summary numSequencePoints="3" visitedSequencePoints="0" numBranchPoints="0" visitedBranchPoints="0" sequenceCoverage="0.0" branchCoverage="0" maxCyclomaticComplexity="0" minCyclomaticComplexity="0" maxCrapScore="0" minCrapScore="0" visitedClasses="0" numClasses="0" visitedMethods="0" numMethods="1" />
              <MetadataToken>100663370</MetadataToken>
              <Name>static System.Void Fusion.FusionMppm::Broadcast[T](T)</Name>
              <FileRef uid="41" />
              <SequencePoints>
                <SequencePoint vc="0" uspid="25561" ordinal="0" offset="0" sl="1703" sc="0" el="1703" ec="0" bec="0" bev="0" fileid="41" />
                <SequencePoint vc="0" uspid="25562" ordinal="0" offset="1" sl="1704" sc="0" el="1704" ec="0" bec="0" bev="0" fileid="41" />
                <SequencePoint vc="0" uspid="25563" ordinal="0" offset="19" sl="1705" sc="0" el="1705" ec="0" bec="0" bev="0" fileid="41" />
              </SequencePoints>
              <BranchPoints />
            </Method>
          </Methods>
        </Class>
        <Class>
          <Summary numSequencePoints="134" visitedSequencePoints="8" numBranchPoints="0" visitedBranchPoints="0" sequenceCoverage="5.97" branchCoverage="0.0" maxCyclomaticComplexity="0" minCyclomaticComplexity="0" maxCrapScore="0" minCrapScore="0" visitedClasses="1" numClasses="1" visitedMethods="1" numMethods="3" />
          <FullName>Fusion.NetworkObjectBaker</FullName>
          <Methods>
            <Method visited="true" cyclomaticComplexity="0" nPathComplexity="0" sequenceCoverage="6.84" branchCoverage="0" crapScore="0" isConstructor="false" isStatic="false" isGetter="false" isSetter="false">
              <Summary numSequencePoints="117" visitedSequencePoints="8" numBranchPoints="0" visitedBranchPoints="0" sequenceCoverage="6.84" branchCoverage="0" maxCyclomaticComplexity="0" minCyclomaticComplexity="0" maxCrapScore="0" minCrapScore="0" visitedClasses="0" numClasses="0" visitedMethods="1" numMethods="1" />
              <MetadataToken>100663386</MetadataToken>
              <Name>Fusion.NetworkObjectBaker/Result Fusion.NetworkObjectBaker::Bake(UnityEngine.GameObject)</Name>
              <FileRef uid="41" />
              <SequencePoints>
                <SequencePoint vc="5" uspid="25593" ordinal="0" offset="0" sl="2102" sc="41" el="2102" ec="41" bec="0" bev="0" fileid="41" />
                <SequencePoint vc="5" uspid="25594" ordinal="0" offset="1" sl="2104" sc="7" el="2104" ec="7" bec="0" bev="0" fileid="41" />
                <SequencePoint vc="0" uspid="25595" ordinal="0" offset="12" sl="2104" sc="25" el="2104" ec="25" bec="0" bev="0" fileid="41" />
                <SequencePoint vc="0" uspid="25596" ordinal="0" offset="13" sl="2105" sc="9" el="2105" ec="9" bec="0" bev="0" fileid="41" />
                <SequencePoint vc="5" uspid="25597" ordinal="0" offset="24" sl="2108" sc="7" el="2108" ec="7" bec="0" bev="0" fileid="41" />
                <SequencePoint vc="5" uspid="25598" ordinal="0" offset="38" sl="2111" sc="7" el="2111" ec="7" bec="0" bev="0" fileid="41" />
                <SequencePoint vc="5" uspid="25599" ordinal="0" offset="81" sl="2113" sc="7" el="2113" ec="7" bec="0" bev="0" fileid="41" />
                <SequencePoint vc="5" uspid="25600" ordinal="0" offset="99" sl="2113" sc="42" el="2113" ec="42" bec="0" bev="0" fileid="41" />
                <SequencePoint vc="5" uspid="25601" ordinal="0" offset="100" sl="2114" sc="9" el="2114" ec="9" bec="0" bev="0" fileid="41" />
                <SequencePoint vc="0" uspid="25602" ordinal="0" offset="115" sl="2117" sc="11" el="2117" ec="11" bec="0" bev="0" fileid="41" />
                <SequencePoint vc="0" uspid="25603" ordinal="0" offset="116" sl="2118" sc="9" el="2118" ec="9" bec="0" bev="0" fileid="41" />
                <SequencePoint vc="0" uspid="25604" ordinal="0" offset="117" sl="2118" sc="29" el="2118" ec="29" bec="0" bev="0" fileid="41" />
                <SequencePoint vc="0" uspid="25605" ordinal="0" offset="132" sl="2118" sc="18" el="2118" ec="18" bec="0" bev="0" fileid="41" />
                <SequencePoint vc="0" uspid="25606" ordinal="0" offset="141" sl="2118" sc="49" el="2118" ec="49" bec="0" bev="0" fileid="41" />
                <SequencePoint vc="0" uspid="25607" ordinal="0" offset="142" sl="2119" sc="11" el="2119" ec="11" bec="0" bev="0" fileid="41" />
                <SequencePoint vc="0" uspid="25608" ordinal="0" offset="172" sl="2120" sc="9" el="2120" ec="9" bec="0" bev="0" fileid="41" />
                <SequencePoint vc="0" uspid="25609" ordinal="0" offset="173" sl="2118" sc="26" el="2118" ec="26" bec="0" bev="0" fileid="41" />
                <SequencePoint vc="0" uspid="25610" ordinal="0" offset="199" sl="2122" sc="9" el="2122" ec="9" bec="0" bev="0" fileid="41" />
                <SequencePoint vc="0" uspid="25611" ordinal="0" offset="201" sl="2124" sc="9" el="2124" ec="9" bec="0" bev="0" fileid="41" />
                <SequencePoint vc="0" uspid="25612" ordinal="0" offset="213" sl="2125" sc="9" el="2125" ec="9" bec="0" bev="0" fileid="41" />
                <SequencePoint vc="0" uspid="25613" ordinal="0" offset="225" sl="2127" sc="9" el="2127" ec="9" bec="0" bev="0" fileid="41" />
                <SequencePoint vc="0" uspid="25614" ordinal="0" offset="239" sl="2128" sc="9" el="2128" ec="9" bec="0" bev="0" fileid="41" />
                <SequencePoint vc="0" uspid="25615" ordinal="0" offset="282" sl="2130" sc="9" el="2130" ec="9" bec="0" bev="0" fileid="41" />
                <SequencePoint vc="0" uspid="25616" ordinal="0" offset="295" sl="2131" sc="9" el="2131" ec="9" bec="0" bev="0" fileid="41" />
                <SequencePoint vc="0" uspid="25617" ordinal="0" offset="308" sl="2134" sc="14" el="2134" ec="14" bec="0" bev="0" fileid="41" />
                <SequencePoint vc="0" uspid="25618" ordinal="0" offset="316" sl="2134" sc="60" el="2134" ec="60" bec="0" bev="0" fileid="41" />
                <SequencePoint vc="0" uspid="25619" ordinal="0" offset="317" sl="2135" sc="11" el="2135" ec="11" bec="0" bev="0" fileid="41" />
                <SequencePoint vc="0" uspid="25620" ordinal="0" offset="332" sl="2137" sc="11" el="2137" ec="11" bec="0" bev="0" fileid="41" />
                <SequencePoint vc="0" uspid="25621" ordinal="0" offset="335" sl="2138" sc="11" el="2138" ec="11" bec="0" bev="0" fileid="41" />
                <SequencePoint vc="0" uspid="25622" ordinal="0" offset="349" sl="2139" sc="11" el="2139" ec="11" bec="0" bev="0" fileid="41" />
                <SequencePoint vc="0" uspid="25623" ordinal="0" offset="357" sl="2140" sc="11" el="2140" ec="11" bec="0" bev="0" fileid="41" />
                <SequencePoint vc="0" uspid="25624" ordinal="0" offset="368" sl="2140" sc="27" el="2140" ec="27" bec="0" bev="0" fileid="41" />
                <SequencePoint vc="0" uspid="25625" ordinal="0" offset="369" sl="2141" sc="13" el="2141" ec="13" bec="0" bev="0" fileid="41" />
                <SequencePoint vc="0" uspid="25626" ordinal="0" offset="385" sl="2141" sc="59" el="2141" ec="59" bec="0" bev="0" fileid="41" />
                <SequencePoint vc="0" uspid="25627" ordinal="0" offset="386" sl="2142" sc="15" el="2142" ec="15" bec="0" bev="0" fileid="41" />
                <SequencePoint vc="0" uspid="25628" ordinal="0" offset="395" sl="2143" sc="13" el="2143" ec="13" bec="0" bev="0" fileid="41" />
                <SequencePoint vc="0" uspid="25629" ordinal="0" offset="398" sl="2143" sc="20" el="2143" ec="20" bec="0" bev="0" fileid="41" />
                <SequencePoint vc="0" uspid="25630" ordinal="0" offset="399" sl="2144" sc="15" el="2144" ec="15" bec="0" bev="0" fileid="41" />
                <SequencePoint vc="0" uspid="25631" ordinal="0" offset="428" sl="2147" sc="13" el="2147" ec="13" bec="0" bev="0" fileid="41" />
                <SequencePoint vc="0" uspid="25632" ordinal="0" offset="429" sl="2148" sc="11" el="2148" ec="11" bec="0" bev="0" fileid="41" />
                <SequencePoint vc="0" uspid="25633" ordinal="0" offset="430" sl="2151" sc="11" el="2151" ec="11" bec="0" bev="0" fileid="41" />
                <SequencePoint vc="0" uspid="25634" ordinal="0" offset="442" sl="2153" sc="11" el="2153" ec="11" bec="0" bev="0" fileid="41" />
                <SequencePoint vc="0" uspid="25635" ordinal="0" offset="457" sl="2155" sc="11" el="2155" ec="11" bec="0" bev="0" fileid="41" />
                <SequencePoint vc="0" uspid="25636" ordinal="0" offset="472" sl="2156" sc="16" el="2156" ec="16" bec="0" bev="0" fileid="41" />
                <SequencePoint vc="0" uspid="25637" ordinal="0" offset="492" sl="2156" sc="103" el="2156" ec="103" bec="0" bev="0" fileid="41" />
                <SequencePoint vc="0" uspid="25638" ordinal="0" offset="493" sl="2157" sc="13" el="2157" ec="13" bec="0" bev="0" fileid="41" />
                <SequencePoint vc="0" uspid="25639" ordinal="0" offset="508" sl="2158" sc="13" el="2158" ec="13" bec="0" bev="0" fileid="41" />
                <SequencePoint vc="0" uspid="25640" ordinal="0" offset="528" sl="2160" sc="13" el="2160" ec="13" bec="0" bev="0" fileid="41" />
                <SequencePoint vc="0" uspid="25641" ordinal="0" offset="552" sl="2160" sc="67" el="2160" ec="67" bec="0" bev="0" fileid="41" />
                <SequencePoint vc="0" uspid="25642" ordinal="0" offset="553" sl="2161" sc="15" el="2161" ec="15" bec="0" bev="0" fileid="41" />
                <SequencePoint vc="0" uspid="25643" ordinal="0" offset="573" sl="2161" sc="50" el="2161" ec="50" bec="0" bev="0" fileid="41" />
                <SequencePoint vc="0" uspid="25644" ordinal="0" offset="574" sl="2162" sc="17" el="2162" ec="17" bec="0" bev="0" fileid="41" />
                <SequencePoint vc="0" uspid="25645" ordinal="0" offset="588" sl="2163" sc="15" el="2163" ec="15" bec="0" bev="0" fileid="41" />
                <SequencePoint vc="0" uspid="25646" ordinal="0" offset="589" sl="2165" sc="15" el="2165" ec="15" bec="0" bev="0" fileid="41" />
                <SequencePoint vc="0" uspid="25647" ordinal="0" offset="602" sl="2167" sc="15" el="2167" ec="15" bec="0" bev="0" fileid="41" />
                <SequencePoint vc="0" uspid="25648" ordinal="0" offset="616" sl="2169" sc="15" el="2169" ec="15" bec="0" bev="0" fileid="41" />
                <SequencePoint vc="0" uspid="25649" ordinal="0" offset="629" sl="2169" sc="46" el="2169" ec="46" bec="0" bev="0" fileid="41" />
                <SequencePoint vc="0" uspid="25650" ordinal="0" offset="630" sl="2171" sc="17" el="2171" ec="17" bec="0" bev="0" fileid="41" />
                <SequencePoint vc="0" uspid="25651" ordinal="0" offset="646" sl="2171" sc="72" el="2171" ec="72" bec="0" bev="0" fileid="41" />
                <SequencePoint vc="0" uspid="25652" ordinal="0" offset="647" sl="2172" sc="19" el="2172" ec="19" bec="0" bev="0" fileid="41" />
                <SequencePoint vc="0" uspid="25653" ordinal="0" offset="683" sl="2172" sc="57" el="2172" ec="57" bec="0" bev="0" fileid="41" />
                <SequencePoint vc="0" uspid="25654" ordinal="0" offset="684" sl="2173" sc="21" el="2173" ec="21" bec="0" bev="0" fileid="41" />
                <SequencePoint vc="0" uspid="25655" ordinal="0" offset="716" sl="2175" sc="19" el="2175" ec="19" bec="0" bev="0" fileid="41" />
                <SequencePoint vc="0" uspid="25656" ordinal="0" offset="717" sl="2176" sc="17" el="2176" ec="17" bec="0" bev="0" fileid="41" />
                <SequencePoint vc="0" uspid="25657" ordinal="0" offset="720" sl="2176" sc="24" el="2176" ec="24" bec="0" bev="0" fileid="41" />
                <SequencePoint vc="0" uspid="25658" ordinal="0" offset="721" sl="2177" sc="19" el="2177" ec="19" bec="0" bev="0" fileid="41" />
                <SequencePoint vc="0" uspid="25659" ordinal="0" offset="750" sl="2180" sc="17" el="2180" ec="17" bec="0" bev="0" fileid="41" />
                <SequencePoint vc="0" uspid="25660" ordinal="0" offset="751" sl="2181" sc="15" el="2181" ec="15" bec="0" bev="0" fileid="41" />
                <SequencePoint vc="0" uspid="25661" ordinal="0" offset="752" sl="2183" sc="13" el="2183" ec="13" bec="0" bev="0" fileid="41" />
                <SequencePoint vc="0" uspid="25662" ordinal="0" offset="755" sl="2183" sc="20" el="2183" ec="20" bec="0" bev="0" fileid="41" />
                <SequencePoint vc="0" uspid="25663" ordinal="0" offset="779" sl="2183" sc="66" el="2183" ec="66" bec="0" bev="0" fileid="41" />
                <SequencePoint vc="0" uspid="25664" ordinal="0" offset="780" sl="2185" sc="13" el="2185" ec="13" bec="0" bev="0" fileid="41" />
                <SequencePoint vc="0" uspid="25665" ordinal="0" offset="783" sl="2185" sc="20" el="2185" ec="20" bec="0" bev="0" fileid="41" />
                <SequencePoint vc="0" uspid="25666" ordinal="0" offset="784" sl="2186" sc="15" el="2186" ec="15" bec="0" bev="0" fileid="41" />
                <SequencePoint vc="0" uspid="25667" ordinal="0" offset="808" sl="2187" sc="15" el="2187" ec="15" bec="0" bev="0" fileid="41" />
                <SequencePoint vc="0" uspid="25668" ordinal="0" offset="810" sl="2189" sc="11" el="2189" ec="11" bec="0" bev="0" fileid="41" />
                <SequencePoint vc="0" uspid="25669" ordinal="0" offset="811" sl="2156" sc="88" el="2156" ec="88" bec="0" bev="0" fileid="41" />
                <SequencePoint vc="0" uspid="25670" ordinal="0" offset="817" sl="2156" sc="70" el="2156" ec="70" bec="0" bev="0" fileid="41" />
                <SequencePoint vc="0" uspid="25671" ordinal="0" offset="834" sl="2191" sc="11" el="2191" ec="11" bec="0" bev="0" fileid="41" />
                <SequencePoint vc="0" uspid="25672" ordinal="0" offset="846" sl="2192" sc="11" el="2192" ec="11" bec="0" bev="0" fileid="41" />
                <SequencePoint vc="0" uspid="25673" ordinal="0" offset="872" sl="2196" sc="11" el="2196" ec="11" bec="0" bev="0" fileid="41" />
                <SequencePoint vc="0" uspid="25674" ordinal="0" offset="881" sl="2198" sc="11" el="2198" ec="11" bec="0" bev="0" fileid="41" />
                <SequencePoint vc="0" uspid="25675" ordinal="0" offset="897" sl="2198" sc="42" el="2198" ec="42" bec="0" bev="0" fileid="41" />
                <SequencePoint vc="0" uspid="25676" ordinal="0" offset="898" sl="2199" sc="13" el="2199" ec="13" bec="0" bev="0" fileid="41" />
                <SequencePoint vc="0" uspid="25677" ordinal="0" offset="907" sl="2200" sc="11" el="2200" ec="11" bec="0" bev="0" fileid="41" />
                <SequencePoint vc="0" uspid="25678" ordinal="0" offset="908" sl="2202" sc="11" el="2202" ec="11" bec="0" bev="0" fileid="41" />
                <SequencePoint vc="0" uspid="25679" ordinal="0" offset="930" sl="2205" sc="11" el="2205" ec="11" bec="0" bev="0" fileid="41" />
                <SequencePoint vc="0" uspid="25680" ordinal="0" offset="931" sl="2206" sc="13" el="2206" ec="13" bec="0" bev="0" fileid="41" />
                <SequencePoint vc="0" uspid="25681" ordinal="0" offset="943" sl="2209" sc="13" el="2209" ec="13" bec="0" bev="0" fileid="41" />
                <SequencePoint vc="0" uspid="25682" ordinal="0" offset="951" sl="2210" sc="91" el="2210" ec="91" bec="0" bev="0" fileid="41" />
                <SequencePoint vc="0" uspid="25683" ordinal="0" offset="952" sl="2211" sc="15" el="2211" ec="15" bec="0" bev="0" fileid="41" />
                <SequencePoint vc="0" uspid="25684" ordinal="0" offset="977" sl="2212" sc="13" el="2212" ec="13" bec="0" bev="0" fileid="41" />
                <SequencePoint vc="0" uspid="25685" ordinal="0" offset="978" sl="2210" sc="86" el="2210" ec="86" bec="0" bev="0" fileid="41" />
                <SequencePoint vc="0" uspid="25686" ordinal="0" offset="984" sl="2210" sc="20" el="2210" ec="20" bec="0" bev="0" fileid="41" />
                <SequencePoint vc="0" uspid="25687" ordinal="0" offset="1028" sl="2214" sc="13" el="2214" ec="13" bec="0" bev="0" fileid="41" />
                <SequencePoint vc="0" uspid="25688" ordinal="0" offset="1034" sl="2215" sc="13" el="2215" ec="13" bec="0" bev="0" fileid="41" />
                <SequencePoint vc="0" uspid="25689" ordinal="0" offset="1058" sl="2217" sc="13" el="2217" ec="13" bec="0" bev="0" fileid="41" />
                <SequencePoint vc="0" uspid="25690" ordinal="0" offset="1084" sl="2218" sc="11" el="2218" ec="11" bec="0" bev="0" fileid="41" />
                <SequencePoint vc="0" uspid="25691" ordinal="0" offset="1085" sl="2220" sc="11" el="2220" ec="11" bec="0" bev="0" fileid="41" />
                <SequencePoint vc="0" uspid="25692" ordinal="0" offset="1113" sl="2222" sc="11" el="2222" ec="11" bec="0" bev="0" fileid="41" />
                <SequencePoint vc="0" uspid="25693" ordinal="0" offset="1121" sl="2222" sc="25" el="2222" ec="25" bec="0" bev="0" fileid="41" />
                <SequencePoint vc="0" uspid="25694" ordinal="0" offset="1122" sl="2223" sc="13" el="2223" ec="13" bec="0" bev="0" fileid="41" />
                <SequencePoint vc="0" uspid="25695" ordinal="0" offset="1131" sl="2224" sc="13" el="2224" ec="13" bec="0" bev="0" fileid="41" />
                <SequencePoint vc="0" uspid="25696" ordinal="0" offset="1133" sl="2225" sc="11" el="2225" ec="11" bec="0" bev="0" fileid="41" />
                <SequencePoint vc="0" uspid="25697" ordinal="0" offset="1134" sl="2226" sc="9" el="2226" ec="9" bec="0" bev="0" fileid="41" />
                <SequencePoint vc="0" uspid="25698" ordinal="0" offset="1135" sl="2134" sc="55" el="2134" ec="55" bec="0" bev="0" fileid="41" />
                <SequencePoint vc="0" uspid="25699" ordinal="0" offset="1141" sl="2134" sc="25" el="2134" ec="25" bec="0" bev="0" fileid="41" />
                <SequencePoint vc="0" uspid="25700" ordinal="0" offset="1165" sl="2228" sc="9" el="2228" ec="9" bec="0" bev="0" fileid="41" />
                <SequencePoint vc="0" uspid="25701" ordinal="0" offset="1178" sl="2229" sc="17" el="2229" ec="17" bec="0" bev="0" fileid="41" />
                <SequencePoint vc="0" uspid="25702" ordinal="0" offset="1179" sl="2230" sc="9" el="2230" ec="9" bec="0" bev="0" fileid="41" />
                <SequencePoint vc="0" uspid="25703" ordinal="0" offset="1191" sl="2231" sc="9" el="2231" ec="9" bec="0" bev="0" fileid="41" />
                <SequencePoint vc="0" uspid="25704" ordinal="0" offset="1203" sl="2232" sc="9" el="2232" ec="9" bec="0" bev="0" fileid="41" />
                <SequencePoint vc="0" uspid="25705" ordinal="0" offset="1215" sl="2234" sc="9" el="2234" ec="9" bec="0" bev="0" fileid="41" />
                <SequencePoint vc="0" uspid="25706" ordinal="0" offset="1227" sl="2236" sc="9" el="2236" ec="9" bec="0" bev="0" fileid="41" />
                <SequencePoint vc="0" uspid="25707" ordinal="0" offset="1239" sl="2237" sc="9" el="2237" ec="9" bec="0" bev="0" fileid="41" />
                <SequencePoint vc="0" uspid="25708" ordinal="0" offset="1251" sl="2238" sc="7" el="2238" ec="7" bec="0" bev="0" fileid="41" />
                <SequencePoint vc="5" uspid="25709" ordinal="0" offset="1253" sl="2239" sc="5" el="2239" ec="5" bec="0" bev="0" fileid="41" />
              </SequencePoints>
              <BranchPoints />
            </Method>
            <Method visited="false" cyclomaticComplexity="0" nPathComplexity="0" sequenceCoverage="0.0" branchCoverage="0" crapScore="0" isConstructor="false" isStatic="false" isGetter="false" isSetter="false">
              <Summary numSequencePoints="8" visitedSequencePoints="0" numBranchPoints="0" visitedBranchPoints="0" sequenceCoverage="0.0" branchCoverage="0" maxCyclomaticComplexity="0" minCyclomaticComplexity="0" maxCrapScore="0" minCrapScore="0" visitedClasses="0" numClasses="0" visitedMethods="0" numMethods="1" />
              <MetadataToken>100663387</MetadataToken>
              <Name>System.Boolean Fusion.NetworkObjectBaker::Set[T](UnityEngine.MonoBehaviour, , T)</Name>
              <FileRef uid="41" />
              <SequencePoints>
                <SequencePoint vc="0" uspid="25710" ordinal="0" offset="0" sl="2241" sc="0" el="2241" ec="0" bec="0" bev="0" fileid="41" />
                <SequencePoint vc="0" uspid="25711" ordinal="0" offset="1" sl="2242" sc="0" el="2242" ec="0" bec="0" bev="0" fileid="41" />
                <SequencePoint vc="0" uspid="25712" ordinal="0" offset="25" sl="2242" sc="0" el="2242" ec="0" bec="0" bev="0" fileid="41" />
                <SequencePoint vc="0" uspid="25713" ordinal="0" offset="26" sl="2244" sc="0" el="2244" ec="0" bec="0" bev="0" fileid="41" />
                <SequencePoint vc="0" uspid="25714" ordinal="0" offset="33" sl="2245" sc="0" el="2245" ec="0" bec="0" bev="0" fileid="41" />
                <SequencePoint vc="0" uspid="25715" ordinal="0" offset="37" sl="2246" sc="0" el="2246" ec="0" bec="0" bev="0" fileid="41" />
                <SequencePoint vc="0" uspid="25716" ordinal="0" offset="38" sl="2247" sc="0" el="2247" ec="0" bec="0" bev="0" fileid="41" />
                <SequencePoint vc="0" uspid="25717" ordinal="0" offset="42" sl="2249" sc="0" el="2249" ec="0" bec="0" bev="0" fileid="41" />
              </SequencePoints>
              <BranchPoints />
            </Method>
            <Method visited="false" cyclomaticComplexity="0" nPathComplexity="0" sequenceCoverage="0.0" branchCoverage="0" crapScore="0" isConstructor="false" isStatic="false" isGetter="false" isSetter="false">
              <Summary numSequencePoints="9" visitedSequencePoints="0" numBranchPoints="0" visitedBranchPoints="0" sequenceCoverage="0.0" branchCoverage="0" maxCyclomaticComplexity="0" minCyclomaticComplexity="0" maxCrapScore="0" minCrapScore="0" visitedClasses="0" numClasses="0" visitedMethods="0" numMethods="1" />
              <MetadataToken>100663388</MetadataToken>
              <Name>System.Boolean Fusion.NetworkObjectBaker::Set[T](UnityEngine.MonoBehaviour, , System.Collections.Generic.List[T])</Name>
              <FileRef uid="41" />
              <SequencePoints>
                <SequencePoint vc="0" uspid="25718" ordinal="0" offset="0" sl="2251" sc="0" el="2251" ec="0" bec="0" bev="0" fileid="41" />
                <SequencePoint vc="0" uspid="25719" ordinal="0" offset="1" sl="2252" sc="0" el="2252" ec="0" bec="0" bev="0" fileid="41" />
                <SequencePoint vc="0" uspid="25720" ordinal="0" offset="7" sl="2253" sc="0" el="2253" ec="0" bec="0" bev="0" fileid="41" />
                <SequencePoint vc="0" uspid="25721" ordinal="0" offset="42" sl="2253" sc="0" el="2253" ec="0" bec="0" bev="0" fileid="41" />
                <SequencePoint vc="0" uspid="25722" ordinal="0" offset="43" sl="2255" sc="0" el="2255" ec="0" bec="0" bev="0" fileid="41" />
                <SequencePoint vc="0" uspid="25723" ordinal="0" offset="51" sl="2256" sc="0" el="2256" ec="0" bec="0" bev="0" fileid="41" />
                <SequencePoint vc="0" uspid="25724" ordinal="0" offset="55" sl="2257" sc="0" el="2257" ec="0" bec="0" bev="0" fileid="41" />
                <SequencePoint vc="0" uspid="25725" ordinal="0" offset="56" sl="2258" sc="0" el="2258" ec="0" bec="0" bev="0" fileid="41" />
                <SequencePoint vc="0" uspid="25726" ordinal="0" offset="60" sl="2260" sc="0" el="2260" ec="0" bec="0" bev="0" fileid="41" />
              </SequencePoints>
              <BranchPoints />
            </Method>
          </Methods>
        </Class>
        <Class>
          <Summary numSequencePoints="58" visitedSequencePoints="0" numBranchPoints="0" visitedBranchPoints="0" sequenceCoverage="0.0" branchCoverage="0.0" maxCyclomaticComplexity="0" minCyclomaticComplexity="0" maxCrapScore="0" minCrapScore="0" visitedClasses="0" numClasses="1" visitedMethods="0" numMethods="4" />
          <FullName>Fusion.FusionUnitySceneManagerUtils</FullName>
          <Methods>
            <Method visited="false" cyclomaticComplexity="0" nPathComplexity="0" sequenceCoverage="0.0" branchCoverage="0" crapScore="0" isConstructor="false" isStatic="true" isGetter="false" isSetter="false">
              <Summary numSequencePoints="3" visitedSequencePoints="0" numBranchPoints="0" visitedBranchPoints="0" sequenceCoverage="0.0" branchCoverage="0" maxCyclomaticComplexity="0" minCyclomaticComplexity="0" maxCrapScore="0" minCrapScore="0" visitedClasses="0" numClasses="0" visitedMethods="0" numMethods="1" />
              <MetadataToken>100663402</MetadataToken>
              <Name>static Fusion.FusionUnitySceneManagerUtils::GetComponents[T](UnityEngine.SceneManagement.Scene, System.Boolean)</Name>
              <FileRef uid="41" />
              <SequencePoints>
                <SequencePoint vc="0" uspid="25817" ordinal="0" offset="0" sl="3637" sc="0" el="3637" ec="0" bec="0" bev="0" fileid="41" />
                <SequencePoint vc="0" uspid="25818" ordinal="0" offset="1" sl="3638" sc="0" el="3638" ec="0" bec="0" bev="0" fileid="41" />
                <SequencePoint vc="0" uspid="25819" ordinal="0" offset="13" sl="3639" sc="0" el="3639" ec="0" bec="0" bev="0" fileid="41" />
              </SequencePoints>
              <BranchPoints />
            </Method>
            <Method visited="false" cyclomaticComplexity="0" nPathComplexity="0" sequenceCoverage="0.0" branchCoverage="0" crapScore="0" isConstructor="false" isStatic="true" isGetter="false" isSetter="false">
              <Summary numSequencePoints="20" visitedSequencePoints="0" numBranchPoints="0" visitedBranchPoints="0" sequenceCoverage="0.0" branchCoverage="0" maxCyclomaticComplexity="0" minCyclomaticComplexity="0" maxCrapScore="0" minCrapScore="0" visitedClasses="0" numClasses="0" visitedMethods="0" numMethods="1" />
              <MetadataToken>100663403</MetadataToken>
[...]
              <Name>static Mono.Cecil.FieldReference Fusion.CodeGen.MonoCecilExtensions::ImportField[T, TResult](Mono.Cecil.ModuleDefinition, System.Linq.Expressions.Expression[Func`2], Mono.Cecil.TypeReference)</Name>
              <FileRef uid="72" />
              <SequencePoints>
                <SequencePoint vc="0" uspid="43356" ordinal="0" offset="0" sl="6190" sc="0" el="6190" ec="0" bec="0" bev="0" fileid="72" />
                <SequencePoint vc="0" uspid="43357" ordinal="0" offset="1" sl="6191" sc="0" el="6191" ec="0" bec="0" bev="0" fileid="72" />
                <SequencePoint vc="0" uspid="43358" ordinal="0" offset="13" sl="6192" sc="0" el="6192" ec="0" bec="0" bev="0" fileid="72" />
                <SequencePoint vc="0" uspid="43359" ordinal="0" offset="25" sl="6193" sc="0" el="6193" ec="0" bec="0" bev="0" fileid="72" />
                <SequencePoint vc="0" uspid="43360" ordinal="0" offset="33" sl="6194" sc="0" el="6194" ec="0" bec="0" bev="0" fileid="72" />
                <SequencePoint vc="0" uspid="43361" ordinal="0" offset="41" sl="6195" sc="0" el="6195" ec="0" bec="0" bev="0" fileid="72" />
                <SequencePoint vc="0" uspid="43362" ordinal="0" offset="45" sl="6196" sc="0" el="6196" ec="0" bec="0" bev="0" fileid="72" />
              </SequencePoints>
              <BranchPoints />
            </Method>
            <Method visited="false" cyclomaticComplexity="0" nPathComplexity="0" sequenceCoverage="0.0" branchCoverage="0" crapScore="0" isConstructor="false" isStatic="true" isGetter="false" isSetter="false">
              <Summary numSequencePoints="11" visitedSequencePoints="0" numBranchPoints="0" visitedBranchPoints="0" sequenceCoverage="0.0" branchCoverage="0" maxCyclomaticComplexity="0" minCyclomaticComplexity="0" maxCrapScore="0" minCrapScore="0" visitedClasses="0" numClasses="0" visitedMethods="0" numMethods="1" />
              <MetadataToken>100663687</MetadataToken>
              <Name>static Mono.Cecil.MethodReference Fusion.CodeGen.MonoCecilExtensions::ImportMethod[TResult](Mono.Cecil.ModuleDefinition, System.Linq.Expressions.Expression[Func`1], Mono.Cecil.TypeReference)</Name>
              <FileRef uid="72" />
              <SequencePoints>
                <SequencePoint vc="0" uspid="43363" ordinal="0" offset="0" sl="6198" sc="0" el="6198" ec="0" bec="0" bev="0" fileid="72" />
                <SequencePoint vc="0" uspid="43364" ordinal="0" offset="1" sl="6200" sc="0" el="6200" ec="0" bec="0" bev="0" fileid="72" />
                <SequencePoint vc="0" uspid="43365" ordinal="0" offset="39" sl="6202" sc="0" el="6202" ec="0" bec="0" bev="0" fileid="72" />
                <SequencePoint vc="0" uspid="43366" ordinal="0" offset="46" sl="6203" sc="0" el="6203" ec="0" bec="0" bev="0" fileid="72" />
                <SequencePoint vc="0" uspid="43367" ordinal="0" offset="50" sl="6205" sc="0" el="6205" ec="0" bec="0" bev="0" fileid="72" />
                <SequencePoint vc="0" uspid="43368" ordinal="0" offset="57" sl="6206" sc="0" el="6206" ec="0" bec="0" bev="0" fileid="72" />
                <SequencePoint vc="0" uspid="43369" ordinal="0" offset="59" sl="6208" sc="0" el="6208" ec="0" bec="0" bev="0" fileid="72" />
                <SequencePoint vc="0" uspid="43370" ordinal="0" offset="86" sl="6211" sc="0" el="6211" ec="0" bec="0" bev="0" fileid="72" />
                <SequencePoint vc="0" uspid="43371" ordinal="0" offset="94" sl="6212" sc="0" el="6212" ec="0" bec="0" bev="0" fileid="72" />
                <SequencePoint vc="0" uspid="43372" ordinal="0" offset="102" sl="6213" sc="0" el="6213" ec="0" bec="0" bev="0" fileid="72" />
                <SequencePoint vc="0" uspid="43373" ordinal="0" offset="107" sl="6214" sc="0" el="6214" ec="0" bec="0" bev="0" fileid="72" />
              </SequencePoints>
              <BranchPoints />
            </Method>
            <Method visited="false" cyclomaticComplexity="0" nPathComplexity="0" sequenceCoverage="0.0" branchCoverage="0" crapScore="0" isConstructor="false" isStatic="true" isGetter="false" isSetter="false">
              <Summary numSequencePoints="6" visitedSequencePoints="0" numBranchPoints="0" visitedBranchPoints="0" sequenceCoverage="0.0" branchCoverage="0" maxCyclomaticComplexity="0" minCyclomaticComplexity="0" maxCrapScore="0" minCrapScore="0" visitedClasses="0" numClasses="0" visitedMethods="0" numMethods="1" />
              <MetadataToken>100663688</MetadataToken>
              <Name>static Mono.Cecil.MethodReference Fusion.CodeGen.MonoCecilExtensions::ImportMethod[T, TResult](Mono.Cecil.ModuleDefinition, System.Linq.Expressions.Expression[Func`2], Mono.Cecil.TypeReference)</Name>
              <FileRef uid="72" />
              <SequencePoints>
                <SequencePoint vc="0" uspid="43374" ordinal="0" offset="0" sl="6216" sc="0" el="6216" ec="0" bec="0" bev="0" fileid="72" />
                <SequencePoint vc="0" uspid="43375" ordinal="0" offset="1" sl="6217" sc="0" el="6217" ec="0" bec="0" bev="0" fileid="72" />
                <SequencePoint vc="0" uspid="43376" ordinal="0" offset="13" sl="6218" sc="0" el="6218" ec="0" bec="0" bev="0" fileid="72" />
                <SequencePoint vc="0" uspid="43377" ordinal="0" offset="26" sl="6219" sc="0" el="6219" ec="0" bec="0" bev="0" fileid="72" />
                <SequencePoint vc="0" uspid="43378" ordinal="0" offset="34" sl="6220" sc="0" el="6220" ec="0" bec="0" bev="0" fileid="72" />
                <SequencePoint vc="0" uspid="43379" ordinal="0" offset="38" sl="6221" sc="0" el="6221" ec="0" bec="0" bev="0" fileid="72" />
              </SequencePoints>
              <BranchPoints />
            </Method>
            <Method visited="false" cyclomaticComplexity="0" nPathComplexity="0" sequenceCoverage="0.0" branchCoverage="0" crapScore="0" isConstructor="false" isStatic="true" isGetter="false" isSetter="false">
              <Summary numSequencePoints="6" visitedSequencePoints="0" numBranchPoints="0" visitedBranchPoints="0" sequenceCoverage="0.0" branchCoverage="0" maxCyclomaticComplexity="0" minCyclomaticComplexity="0" maxCrapScore="0" minCrapScore="0" visitedClasses="0" numClasses="0" visitedMethods="0" numMethods="1" />
              <MetadataToken>100663689</MetadataToken>
              <Name>static Mono.Cecil.MethodReference Fusion.CodeGen.MonoCecilExtensions::ImportMethod[T](Mono.Cecil.ModuleDefinition, System.Linq.Expressions.Expression[Action`1], Mono.Cecil.TypeReference)</Name>
              <FileRef uid="72" />
              <SequencePoints>
                <SequencePoint vc="0" uspid="43380" ordinal="0" offset="0" sl="6223" sc="0" el="6223" ec="0" bec="0" bev="0" fileid="72" />
                <SequencePoint vc="0" uspid="43381" ordinal="0" offset="1" sl="6224" sc="0" el="6224" ec="0" bec="0" bev="0" fileid="72" />
                <SequencePoint vc="0" uspid="43382" ordinal="0" offset="13" sl="6225" sc="0" el="6225" ec="0" bec="0" bev="0" fileid="72" />
                <SequencePoint vc="0" uspid="43383" ordinal="0" offset="26" sl="6226" sc="0" el="6226" ec="0" bec="0" bev="0" fileid="72" />
                <SequencePoint vc="0" uspid="43384" ordinal="0" offset="34" sl="6227" sc="0" el="6227" ec="0" bec="0" bev="0" fileid="72" />
                <SequencePoint vc="0" uspid="43385" ordinal="0" offset="38" sl="6228" sc="0" el="6228" ec="0" bec="0" bev="0" fileid="72" />
              </SequencePoints>
              <BranchPoints />
            </Method>
            <Method visited="false" cyclomaticComplexity="0" nPathComplexity="0" sequenceCoverage="0.0" branchCoverage="0" crapScore="0" isConstructor="false" isStatic="true" isGetter="false" isSetter="false">
              <Summary numSequencePoints="3" visitedSequencePoints="0" numBranchPoints="0" visitedBranchPoints="0" sequenceCoverage="0.0" branchCoverage="0" maxCyclomaticComplexity="0" minCyclomaticComplexity="0" maxCrapScore="0" minCrapScore="0" visitedClasses="0" numClasses="0" visitedMethods="0" numMethods="1" />
              <MetadataToken>100663692</MetadataToken>
              <Name>static Mono.Cecil.TypeReference Fusion.CodeGen.MonoCecilExtensions::ImportType[T](Mono.Cecil.ModuleDefinition)</Name>
              <FileRef uid="72" />
              <SequencePoints>
                <SequencePoint vc="0" uspid="43423" ordinal="0" offset="0" sl="6269" sc="0" el="6269" ec="0" bec="0" bev="0" fileid="72" />
                <SequencePoint vc="0" uspid="43424" ordinal="0" offset="1" sl="6270" sc="0" el="6270" ec="0" bec="0" bev="0" fileid="72" />
                <SequencePoint vc="0" uspid="43425" ordinal="0" offset="20" sl="6271" sc="0" el="6271" ec="0" bec="0" bev="0" fileid="72" />
              </SequencePoints>
              <BranchPoints />
            </Method>
          </Methods>
        </Class>
        <Class>
          <Summary numSequencePoints="18" visitedSequencePoints="0" numBranchPoints="0" visitedBranchPoints="0" sequenceCoverage="0.0" branchCoverage="0.0" maxCyclomaticComplexity="0" minCyclomaticComplexity="0" maxCrapScore="0" minCrapScore="0" visitedClasses="0" numClasses="1" visitedMethods="0" numMethods="3" />
          <FullName>Fusion.CodeGen.NetworkTypeInfoRegistry</FullName>
          <Methods>
            <Method visited="false" cyclomaticComplexity="0" nPathComplexity="0" sequenceCoverage="0.0" branchCoverage="0" crapScore="0" isConstructor="false" isStatic="false" isGetter="false" isSetter="false">
              <Summary numSequencePoints="1" visitedSequencePoints="0" numBranchPoints="0" visitedBranchPoints="0" sequenceCoverage="0.0" branchCoverage="0" maxCyclomaticComplexity="0" minCyclomaticComplexity="0" maxCrapScore="0" minCrapScore="0" visitedClasses="0" numClasses="0" visitedMethods="0" numMethods="1" />
              <MetadataToken>100663729</MetadataToken>
              <Name>Fusion.CodeGen.NetworkTypeInfo Fusion.CodeGen.NetworkTypeInfoRegistry::GetInfo[T]()</Name>
              <FileRef uid="72" />
              <SequencePoints>
                <SequencePoint vc="0" uspid="43670" ordinal="0" offset="0" sl="6659" sc="0" el="6659" ec="0" bec="0" bev="0" fileid="72" />
              </SequencePoints>
              <BranchPoints />
            </Method>
            <Method visited="false" cyclomaticComplexity="0" nPathComplexity="0" sequenceCoverage="0.0" branchCoverage="0" crapScore="0" isConstructor="false" isStatic="false" isGetter="false" isSetter="false">
              <Summary numSequencePoints="14" visitedSequencePoints="0" numBranchPoints="0" visitedBranchPoints="0" sequenceCoverage="0.0" branchCoverage="0" maxCyclomaticComplexity="0" minCyclomaticComplexity="0" maxCrapScore="0" minCrapScore="0" visitedClasses="0" numClasses="0" visitedMethods="0" numMethods="1" />
              <MetadataToken>100663741</MetadataToken>
              <Name>System.Void Fusion.CodeGen.NetworkTypeInfoRegistry::AddBuiltInType[T](Mono.Cecil.MethodReference, Mono.Cecil.MethodReference, System.Boolean)</Name>
              <FileRef uid="72" />
              <SequencePoints>
                <SequencePoint vc="0" uspid="43834" ordinal="0" offset="20" sl="7070" sc="0" el="7070" ec="0" bec="0" bev="0" fileid="72" />
                <SequencePoint vc="0" uspid="43835" ordinal="0" offset="21" sl="7072" sc="0" el="7072" ec="0" bec="0" bev="0" fileid="72" />
                <SequencePoint vc="0" uspid="43836" ordinal="0" offset="43" sl="7074" sc="0" el="7074" ec="0" bec="0" bev="0" fileid="72" />
                <SequencePoint vc="0" uspid="43837" ordinal="0" offset="50" sl="7075" sc="0" el="7075" ec="0" bec="0" bev="0" fileid="72" />
                <SequencePoint vc="0" uspid="43838" ordinal="0" offset="65" sl="7077" sc="0" el="7077" ec="0" bec="0" bev="0" fileid="72" />
                <SequencePoint vc="0" uspid="43839" ordinal="0" offset="78" sl="7077" sc="0" el="7077" ec="0" bec="0" bev="0" fileid="72" />
                <SequencePoint vc="0" uspid="43840" ordinal="0" offset="79" sl="7078" sc="0" el="7078" ec="0" bec="0" bev="0" fileid="72" />
                <SequencePoint vc="0" uspid="43841" ordinal="0" offset="102" sl="7079" sc="0" el="7079" ec="0" bec="0" bev="0" fileid="72" />
                <SequencePoint vc="0" uspid="43842" ordinal="0" offset="103" sl="7080" sc="0" el="7080" ec="0" bec="0" bev="0" fileid="72" />
                <SequencePoint vc="0" uspid="43843" ordinal="0" offset="118" sl="7080" sc="0" el="7080" ec="0" bec="0" bev="0" fileid="72" />
                <SequencePoint vc="0" uspid="43844" ordinal="0" offset="119" sl="7081" sc="0" el="7081" ec="0" bec="0" bev="0" fileid="72" />
                <SequencePoint vc="0" uspid="43845" ordinal="0" offset="142" sl="7082" sc="0" el="7082" ec="0" bec="0" bev="0" fileid="72" />
                <SequencePoint vc="0" uspid="43846" ordinal="0" offset="143" sl="7084" sc="0" el="7084" ec="0" bec="0" bev="0" fileid="72" />
                <SequencePoint vc="0" uspid="43847" ordinal="0" offset="225" sl="7098" sc="0" el="7098" ec="0" bec="0" bev="0" fileid="72" />
              </SequencePoints>
              <BranchPoints />
            </Method>
            <Method visited="false" cyclomaticComplexity="0" nPathComplexity="0" sequenceCoverage="0.0" branchCoverage="0" crapScore="0" isConstructor="false" isStatic="false" isGetter="false" isSetter="false">
              <Summary numSequencePoints="3" visitedSequencePoints="0" numBranchPoints="0" visitedBranchPoints="0" sequenceCoverage="0.0" branchCoverage="0" maxCyclomaticComplexity="0" minCyclomaticComplexity="0" maxCrapScore="0" minCrapScore="0" visitedClasses="0" numClasses="0" visitedMethods="0" numMethods="1" />
              <MetadataToken>100663742</MetadataToken>
              <Name>System.Void Fusion.CodeGen.NetworkTypeInfoRegistry::AddUnityType[T]()</Name>
              <FileRef uid="72" />
              <SequencePoints>
                <SequencePoint vc="0" uspid="43848" ordinal="0" offset="0" sl="7101" sc="0" el="7101" ec="0" bec="0" bev="0" fileid="72" />
                <SequencePoint vc="0" uspid="43849" ordinal="0" offset="1" sl="7102" sc="0" el="7102" ec="0" bec="0" bev="0" fileid="72" />
                <SequencePoint vc="0" uspid="43850" ordinal="0" offset="44" sl="7103" sc="0" el="7103" ec="0" bec="0" bev="0" fileid="72" />
              </SequencePoints>
              <BranchPoints />
            </Method>
          </Methods>
        </Class>
        <Class>
          <Summary numSequencePoints="1" visitedSequencePoints="0" numBranchPoints="0" visitedBranchPoints="0" sequenceCoverage="0.0" branchCoverage="0.0" maxCyclomaticComplexity="0" minCyclomaticComplexity="0" maxCrapScore="0" minCrapScore="0" visitedClasses="0" numClasses="1" visitedMethods="0" numMethods="1" />
          <FullName>Fusion.CodeGen.MonoCecilExtensions&lt;&gt;c__DisplayClass11_0[T]</FullName>
          <Methods>
            <Method visited="false" cyclomaticComplexity="0" nPathComplexity="0" sequenceCoverage="0.0" branchCoverage="0" crapScore="0" isConstructor="false" isStatic="false" isGetter="false" isSetter="false">
              <Summary numSequencePoints="1" visitedSequencePoints="0" numBranchPoints="0" visitedBranchPoints="0" sequenceCoverage="0.0" branchCoverage="0" maxCyclomaticComplexity="0" minCyclomaticComplexity="0" maxCrapScore="0" minCrapScore="0" visitedClasses="0" numClasses="0" visitedMethods="0" numMethods="1" />
              <MetadataToken>100663891</MetadataToken>
              <Name>System.Boolean Fusion.CodeGen.MonoCecilExtensions&lt;&gt;c__DisplayClass11_0[T]::&lt;TryGetAttributeProperty&gt;b__0(Mono.Cecil.CustomAttributeNamedArgument)</Name>
              <FileRef uid="72" />
              <SequencePoints>
                <SequencePoint vc="0" uspid="44355" ordinal="0" offset="0" sl="6050" sc="0" el="6050" ec="0" bec="0" bev="0" fileid="72" />
              </SequencePoints>
              <BranchPoints />
            </Method>
          </Methods>
        </Class>
        <Class>
          <Summary numSequencePoints="11" visitedSequencePoints="0" numBranchPoints="0" visitedBranchPoints="0" sequenceCoverage="0.0" branchCoverage="0.0" maxCyclomaticComplexity="0" minCyclomaticComplexity="0" maxCrapScore="0" minCrapScore="0" visitedClasses="0" numClasses="1" visitedMethods="0" numMethods="2" />
          <FullName>Fusion.CodeGen.NetworkTypeInfoRegistry&lt;&gt;c__DisplayClass31_0[T]</FullName>
          <Methods>
            <Method visited="false" cyclomaticComplexity="0" nPathComplexity="0" sequenceCoverage="0.0" branchCoverage="0" crapScore="0" isConstructor="false" isStatic="false" isGetter="false" isSetter="false">
              <Summary numSequencePoints="5" visitedSequencePoints="0" numBranchPoints="0" visitedBranchPoints="0" sequenceCoverage="0.0" branchCoverage="0" maxCyclomaticComplexity="0" minCyclomaticComplexity="0" maxCrapScore="0" minCrapScore="0" visitedClasses="0" numClasses="0" visitedMethods="0" numMethods="1" />
              <MetadataToken>100663969</MetadataToken>
              <Name>System.Void Fusion.CodeGen.NetworkTypeInfoRegistry&lt;&gt;c__DisplayClass31_0[T]::&lt;AddBuiltInType&gt;b__0(Mono.Cecil.ICustomAttributeProvider, Mono.Cecil.Cil.ILProcessor, Fusion.CodeGen.MethodContext)</Name>
              <FileRef uid="72" />
              <SequencePoints>
                <SequencePoint vc="0" uspid="44550" ordinal="0" offset="0" sl="7085" sc="0" el="7085" ec="0" bec="0" bev="0" fileid="72" />
                <SequencePoint vc="0" uspid="44551" ordinal="0" offset="1" sl="7086" sc="0" el="7086" ec="0" bec="0" bev="0" fileid="72" />
                <SequencePoint vc="0" uspid="44552" ordinal="0" offset="17" sl="7087" sc="0" el="7087" ec="0" bec="0" bev="0" fileid="72" />
                <SequencePoint vc="0" uspid="44553" ordinal="0" offset="35" sl="7088" sc="0" el="7088" ec="0" bec="0" bev="0" fileid="72" />
                <SequencePoint vc="0" uspid="44554" ordinal="0" offset="57" sl="7089" sc="0" el="7089" ec="0" bec="0" bev="0" fileid="72" />
              </SequencePoints>
              <BranchPoints />
            </Method>
            <Method visited="false" cyclomaticComplexity="0" nPathComplexity="0" sequenceCoverage="0.0" branchCoverage="0" crapScore="0" isConstructor="false" isStatic="false" isGetter="false" isSetter="false">
              <Summary numSequencePoints="6" visitedSequencePoints="0" numBranchPoints="0" visitedBranchPoints="0" sequenceCoverage="0.0" branchCoverage="0" maxCyclomaticComplexity="0" minCyclomaticComplexity="0" maxCrapScore="0" minCrapScore="0" visitedClasses="0" numClasses="0" visitedMethods="0" numMethods="1" />
              <MetadataToken>100663970</MetadataToken>
              <Name>System.Void Fusion.CodeGen.NetworkTypeInfoRegistry&lt;&gt;c__DisplayClass31_0[T]::&lt;AddBuiltInType&gt;b__1(Mono.Cecil.ICustomAttributeProvider, Mono.Cecil.Cil.ILProcessor, Fusion.CodeGen.MethodContext)</Name>
              <FileRef uid="72" />
              <SequencePoints>
                <SequencePoint vc="0" uspid="44555" ordinal="0" offset="0" sl="7090" sc="0" el="7090" ec="0" bec="0" bev="0" fileid="72" />
                <SequencePoint vc="0" uspid="44556" ordinal="0" offset="1" sl="7091" sc="0" el="7091" ec="0" bec="0" bev="0" fileid="72" />
                <SequencePoint vc="0" uspid="44557" ordinal="0" offset="17" sl="7092" sc="0" el="7092" ec="0" bec="0" bev="0" fileid="72" />
                <SequencePoint vc="0" uspid="44558" ordinal="0" offset="33" sl="7093" sc="0" el="7093" ec="0" bec="0" bev="0" fileid="72" />
                <SequencePoint vc="0" uspid="44559" ordinal="0" offset="51" sl="7094" sc="0" el="7094" ec="0" bec="0" bev="0" fileid="72" />
                <SequencePoint vc="0" uspid="44560" ordinal="0" offset="73" sl="7095" sc="0" el="7095" ec="0" bec="0" bev="0" fileid="72" />
              </SequencePoints>
              <BranchPoints />
            </Method>
          </Methods>
        </Class>
      </Classes>
    </Module>
  </Modules>
</CoverageSession>