<?xml version="1.0" encoding="utf-8"?>
<CoverageSession xmlns:xsd="http://www.w3.org/2001/XMLSchema" xmlns:xsi="http://www.w3.org/2001/XMLSchema-instance" Version="0.0.0.0">
  <Summary numSequencePoints="1516" visitedSequencePoints="27" numBranchPoints="0" visitedBranchPoints="0" sequenceCoverage="1.78" branchCoverage="0.0" maxCyclomaticComplexity="0" minCyclomaticComplexity="0" maxCrapScore="0" minCrapScore="0" visitedClasses="2" numClasses="48" visitedMethods="2" numMethods="178" />
  <Modules>
    <Module>
      <Summary numSequencePoints="303" visitedSequencePoints="0" numBranchPoints="0" visitedBranchPoints="0" sequenceCoverage="0.0" branchCoverage="0.0" maxCyclomaticComplexity="0" minCyclomaticComplexity="0" maxCrapScore="0" minCrapScore="0" visitedClasses="0" numClasses="9" visitedMethods="0" numMethods="38" />
      <ModuleTime>0001-01-01T00:00:00</ModuleTime>
      <ModuleName>Fusion.Unity</ModuleName>
      <Files>
        <File uid="41" fullPath="C:/Users/LOQ/ASM/Assets/Photon/Fusion/Runtime/Fusion.Unity.cs" />
        <File uid="42" fullPath="C:/Users/LOQ/ASM/Assets/Photon/Fusion/Runtime/FusionBasicBillboard.cs" />
        <File uid="43" fullPath="C:/Users/LOQ/ASM/Assets/Photon/Fusion/Runtime/FusionBootstrap.cs" />
        <File uid="44" fullPath="C:/Users/LOQ/ASM/Assets/Photon/Fusion/Runtime/FusionBootstrapDebugGUI.cs" />
        <File uid="45" fullPath="C:/Users/LOQ/ASM/Assets/Photon/Fusion/Runtime/NetworkCharacterController.cs" />
        <File uid="46" fullPath="C:/Users/LOQ/ASM/Assets/Photon/Fusion/Runtime/NetworkObjectProviderDefault.cs" />
        <File uid="47" fullPath="C:/Users/LOQ/ASM/Assets/Photon/Fusion/Runtime/NetworkSceneManagerDefault.cs" />
        <File uid="48" fullPath="C:/Users/LOQ/ASM/Assets/Photon/Fusion/Runtime/Utilities/RunnerVisibility/EnableOnSingleRunner.cs" />
        <File uid="49" fullPath="C:/Users/LOQ/ASM/Assets/Photon/Fusion/Runtime/Utilities/RunnerVisibility/RunnerAOIGizmos.cs" />
        <File uid="50" fullPath="C:/Users/LOQ/ASM/Assets/Photon/Fusion/Runtime/Utilities/RunnerVisibility/RunnerEnableVisibility.cs" />
        <File uid="51" fullPath="C:/Users/LOQ/ASM/Assets/Photon/Fusion/Runtime/Utilities/RunnerVisibility/RunnerLagCompensationGizmos.cs" />
        <File uid="52" fullPath="C:/Users/LOQ/ASM/Assets/Photon/Fusion/Runtime/Utilities/RunnerVisibility/RunnerVisibilityLink.cs" />
        <File uid="53" fullPath="C:/Users/LOQ/ASM/Assets/Photon/Fusion/Runtime/Utilities/RunnerVisibility/RunnerVisibilityLinksRoot.cs" />
        <File uid="54" fullPath="C:/Users/LOQ/ASM/Assets/Photon/Fusion/Runtime/Statistics/FusionNetworkObjectStatistics.cs" />
        <File uid="55" fullPath="C:/Users/LOQ/ASM/Assets/Photon/Fusion/Runtime/Statistics/FusionNetworkObjectStatsGraph.cs" />
        <File uid="56" fullPath="C:/Users/LOQ/ASM/Assets/Photon/Fusion/Runtime/Statistics/FusionNetworkObjectStatsGraphCombine.cs" />
        <File uid="57" fullPath="C:/Users/LOQ/ASM/Assets/Photon/Fusion/Runtime/Statistics/FusionStatistics.cs" />
        <File uid="58" fullPath="C:/Users/LOQ/ASM/Assets/Photon/Fusion/Runtime/Statistics/FusionStatsCanvas.cs" />
        <File uid="59" fullPath="C:/Users/LOQ/ASM/Assets/Photon/Fusion/Runtime/Statistics/FusionStatsConfig.cs" />
        <File uid="60" fullPath="C:/Users/LOQ/ASM/Assets/Photon/Fusion/Runtime/Statistics/FusionStatsGraphDefault.cs" />
        <File uid="61" fullPath="C:/Users/LOQ/ASM/Assets/Photon/Fusion/Runtime/Statistics/FusionStatsPanelHeader.cs" />
        <File uid="62" fullPath="C:/Users/LOQ/ASM/Assets/Photon/Fusion/Runtime/Statistics/FusionStatsWorldAnchor.cs" />
      </Files>
      <Classes>
        <Class>
          <Summary numSequencePoints="110" visitedSequencePoints="0" numBranchPoints="0" visitedBranchPoints="0" sequenceCoverage="0.0" branchCoverage="0.0" maxCyclomaticComplexity="0" minCyclomaticComplexity="0" maxCrapScore="0" minCrapScore="0" visitedClasses="0" numClasses="1" visitedMethods="0" numMethods="10" />
          <FullName>Fusion.NetworkAssetSourceResource[T]</FullName>
          <Methods>
            <Method visited="false" cyclomaticComplexity="0" nPathComplexity="0" sequenceCoverage="0.0" branchCoverage="0" crapScore="0" isConstructor="false" isStatic="false" isGetter="false" isSetter="false">
              <Summary numSequencePoints="7" visitedSequencePoints="0" numBranchPoints="0" visitedBranchPoints="0" sequenceCoverage="0.0" branchCoverage="0" maxCyclomaticComplexity="0" minCyclomaticComplexity="0" maxCrapScore="0" minCrapScore="0" visitedClasses="0" numClasses="0" visitedMethods="0" numMethods="1" />
              <MetadataToken>100663299</MetadataToken>
              <Name>System.Void Fusion.NetworkAssetSourceResource[T]::Acquire(System.Boolean)</Name>
              <FileRef uid="41" />
              <SequencePoints>
                <SequencePoint vc="0" uspid="47218" ordinal="0" offset="0" sl="193" sc="0" el="193" ec="0" bec="0" bev="0" fileid="41" />
                <SequencePoint vc="0" uspid="47219" ordinal="0" offset="1" sl="194" sc="0" el="194" ec="0" bec="0" bev="0" fileid="41" />
                <SequencePoint vc="0" uspid="47220" ordinal="0" offset="14" sl="194" sc="0" el="194" ec="0" bec="0" bev="0" fileid="41" />
                <SequencePoint vc="0" uspid="47221" ordinal="0" offset="15" sl="195" sc="0" el="195" ec="0" bec="0" bev="0" fileid="41" />
                <SequencePoint vc="0" uspid="47222" ordinal="0" offset="23" sl="196" sc="0" el="196" ec="0" bec="0" bev="0" fileid="41" />
                <SequencePoint vc="0" uspid="47223" ordinal="0" offset="24" sl="197" sc="0" el="197" ec="0" bec="0" bev="0" fileid="41" />
                <SequencePoint vc="0" uspid="47224" ordinal="0" offset="38" sl="198" sc="0" el="198" ec="0" bec="0" bev="0" fileid="41" />
              </SequencePoints>
              <BranchPoints />
            </Method>
            <Method visited="false" cyclomaticComplexity="0" nPathComplexity="0" sequenceCoverage="0.0" branchCoverage="0" crapScore="0" isConstructor="false" isStatic="false" isGetter="false" isSetter="false">
              <Summary numSequencePoints="9" visitedSequencePoints="0" numBranchPoints="0" visitedBranchPoints="0" sequenceCoverage="0.0" branchCoverage="0" maxCyclomaticComplexity="0" minCyclomaticComplexity="0" maxCrapScore="0" minCrapScore="0" visitedClasses="0" numClasses="0" visitedMethods="0" numMethods="1" />
              <MetadataToken>100663300</MetadataToken>
              <Name>System.Void Fusion.NetworkAssetSourceResource[T]::Release()</Name>
              <FileRef uid="41" />
              <SequencePoints>
                <SequencePoint vc="0" uspid="47225" ordinal="0" offset="0" sl="205" sc="0" el="205" ec="0" bec="0" bev="0" fileid="41" />
                <SequencePoint vc="0" uspid="47226" ordinal="0" offset="1" sl="206" sc="0" el="206" ec="0" bec="0" bev="0" fileid="41" />
                <SequencePoint vc="0" uspid="47227" ordinal="0" offset="17" sl="206" sc="0" el="206" ec="0" bec="0" bev="0" fileid="41" />
                <SequencePoint vc="0" uspid="47228" ordinal="0" offset="18" sl="207" sc="0" el="207" ec="0" bec="0" bev="0" fileid="41" />
                <SequencePoint vc="0" uspid="47229" ordinal="0" offset="29" sl="209" sc="0" el="209" ec="0" bec="0" bev="0" fileid="41" />
                <SequencePoint vc="0" uspid="47230" ordinal="0" offset="53" sl="209" sc="0" el="209" ec="0" bec="0" bev="0" fileid="41" />
                <SequencePoint vc="0" uspid="47231" ordinal="0" offset="54" sl="210" sc="0" el="210" ec="0" bec="0" bev="0" fileid="41" />
                <SequencePoint vc="0" uspid="47232" ordinal="0" offset="61" sl="211" sc="0" el="211" ec="0" bec="0" bev="0" fileid="41" />
                <SequencePoint vc="0" uspid="47233" ordinal="0" offset="62" sl="212" sc="0" el="212" ec="0" bec="0" bev="0" fileid="41" />
              </SequencePoints>
              <BranchPoints />
            </Method>
            <Method visited="false" cyclomaticComplexity="0" nPathComplexity="0" sequenceCoverage="0.0" branchCoverage="0" crapScore="0" isConstructor="false" isStatic="false" isGetter="true" isSetter="false">
              <Summary numSequencePoints="9" visitedSequencePoints="0" numBranchPoints="0" visitedBranchPoints="0" sequenceCoverage="0.0" branchCoverage="0" maxCyclomaticComplexity="0" minCyclomaticComplexity="0" maxCrapScore="0" minCrapScore="0" visitedClasses="0" numClasses="0" visitedMethods="0" numMethods="1" />
              <MetadataToken>100663301</MetadataToken>
              <Name>System.Boolean Fusion.NetworkAssetSourceResource[T]::get_IsCompleted()</Name>
              <FileRef uid="41" />
              <SequencePoints>
                <SequencePoint vc="0" uspid="47234" ordinal="0" offset="0" sl="218" sc="0" el="218" ec="0" bec="0" bev="0" fileid="41" />
                <SequencePoint vc="0" uspid="47235" ordinal="0" offset="1" sl="219" sc="0" el="219" ec="0" bec="0" bev="0" fileid="41" />
                <SequencePoint vc="0" uspid="47236" ordinal="0" offset="14" sl="219" sc="0" el="219" ec="0" bec="0" bev="0" fileid="41" />
                <SequencePoint vc="0" uspid="47237" ordinal="0" offset="15" sl="221" sc="0" el="221" ec="0" bec="0" bev="0" fileid="41" />
                <SequencePoint vc="0" uspid="47238" ordinal="0" offset="19" sl="224" sc="0" el="224" ec="0" bec="0" bev="0" fileid="41" />
                <SequencePoint vc="0" uspid="47239" ordinal="0" offset="50" sl="224" sc="0" el="224" ec="0" bec="0" bev="0" fileid="41" />
                <SequencePoint vc="0" uspid="47240" ordinal="0" offset="51" sl="226" sc="0" el="226" ec="0" bec="0" bev="0" fileid="41" />
                <SequencePoint vc="0" uspid="47241" ordinal="0" offset="55" sl="229" sc="0" el="229" ec="0" bec="0" bev="0" fileid="41" />
                <SequencePoint vc="0" uspid="47242" ordinal="0" offset="59" sl="230" sc="0" el="230" ec="0" bec="0" bev="0" fileid="41" />
              </SequencePoints>
              <BranchPoints />
            </Method>
            <Method visited="false" cyclomaticComplexity="0" nPathComplexity="0" sequenceCoverage="0.0" branchCoverage="0" crapScore="0" isConstructor="false" isStatic="false" isGetter="false" isSetter="false">
              <Summary numSequencePoints="25" visitedSequencePoints="0" numBranchPoints="0" visitedBranchPoints="0" sequenceCoverage="0.0" branchCoverage="0" maxCyclomaticComplexity="0" minCyclomaticComplexity="0" maxCrapScore="0" minCrapScore="0" visitedClasses="0" numClasses="0" visitedMethods="0" numMethods="1" />
              <MetadataToken>100663302</MetadataToken>
              <Name>T Fusion.NetworkAssetSourceResource[T]::WaitForResult()</Name>
              <FileRef uid="41" />
              <SequencePoints>
                <SequencePoint vc="0" uspid="47243" ordinal="0" offset="0" sl="237" sc="0" el="237" ec="0" bec="0" bev="0" fileid="41" />
                <SequencePoint vc="0" uspid="47244" ordinal="0" offset="1" sl="238" sc="0" el="238" ec="0" bec="0" bev="0" fileid="41" />
                <SequencePoint vc="0" uspid="47245" ordinal="0" offset="16" sl="239" sc="0" el="239" ec="0" bec="0" bev="0" fileid="41" />
                <SequencePoint vc="0" uspid="47246" ordinal="0" offset="36" sl="239" sc="0" el="239" ec="0" bec="0" bev="0" fileid="41" />
                <SequencePoint vc="0" uspid="47247" ordinal="0" offset="37" sl="240" sc="0" el="240" ec="0" bec="0" bev="0" fileid="41" />
                <SequencePoint vc="0" uspid="47248" ordinal="0" offset="49" sl="240" sc="0" el="240" ec="0" bec="0" bev="0" fileid="41" />
                <SequencePoint vc="0" uspid="47249" ordinal="0" offset="50" sl="241" sc="0" el="241" ec="0" bec="0" bev="0" fileid="41" />
                <SequencePoint vc="0" uspid="47250" ordinal="0" offset="58" sl="242" sc="0" el="242" ec="0" bec="0" bev="0" fileid="41" />
                <SequencePoint vc="0" uspid="47251" ordinal="0" offset="61" sl="242" sc="0" el="242" ec="0" bec="0" bev="0" fileid="41" />
                <SequencePoint vc="0" uspid="47252" ordinal="0" offset="62" sl="244" sc="0" el="244" ec="0" bec="0" bev="0" fileid="41" />
                <SequencePoint vc="0" uspid="47253" ordinal="0" offset="69" sl="245" sc="0" el="245" ec="0" bec="0" bev="0" fileid="41" />
                <SequencePoint vc="0" uspid="47254" ordinal="0" offset="77" sl="246" sc="0" el="246" ec="0" bec="0" bev="0" fileid="41" />
                <SequencePoint vc="0" uspid="47255" ordinal="0" offset="78" sl="247" sc="0" el="247" ec="0" bec="0" bev="0" fileid="41" />
                <SequencePoint vc="0" uspid="47256" ordinal="0" offset="79" sl="249" sc="0" el="249" ec="0" bec="0" bev="0" fileid="41" />
                <SequencePoint vc="0" uspid="47257" ordinal="0" offset="94" sl="249" sc="0" el="249" ec="0" bec="0" bev="0" fileid="41" />
                <SequencePoint vc="0" uspid="47258" ordinal="0" offset="95" sl="250" sc="0" el="250" ec="0" bec="0" bev="0" fileid="41" />
                <SequencePoint vc="0" uspid="47259" ordinal="0" offset="133" sl="253" sc="0" el="253" ec="0" bec="0" bev="0" fileid="41" />
                <SequencePoint vc="0" uspid="47260" ordinal="0" offset="165" sl="253" sc="0" el="253" ec="0" bec="0" bev="0" fileid="41" />
                <SequencePoint vc="0" uspid="47261" ordinal="0" offset="166" sl="254" sc="0" el="254" ec="0" bec="0" bev="0" fileid="41" />
                <SequencePoint vc="0" uspid="47262" ordinal="0" offset="171" sl="257" sc="0" el="257" ec="0" bec="0" bev="0" fileid="41" />
                <SequencePoint vc="0" uspid="47263" ordinal="0" offset="193" sl="257" sc="0" el="257" ec="0" bec="0" bev="0" fileid="41" />
                <SequencePoint vc="0" uspid="47264" ordinal="0" offset="194" sl="258" sc="0" el="258" ec="0" bec="0" bev="0" fileid="41" />
                <SequencePoint vc="0" uspid="47265" ordinal="0" offset="201" sl="259" sc="0" el="259" ec="0" bec="0" bev="0" fileid="41" />
                <SequencePoint vc="0" uspid="47266" ordinal="0" offset="207" sl="262" sc="0" el="262" ec="0" bec="0" bev="0" fileid="41" />
                <SequencePoint vc="0" uspid="47267" ordinal="0" offset="245" sl="263" sc="0" el="263" ec="0" bec="0" bev="0" fileid="41" />
              </SequencePoints>
              <BranchPoints />
            </Method>
            <Method visited="false" cyclomaticComplexity="0" nPathComplexity="0" sequenceCoverage="0.0" branchCoverage="0" crapScore="0" isConstructor="false" isStatic="false" isGetter="false" isSetter="false">
              <Summary numSequencePoints="15" visitedSequencePoints="0" numBranchPoints="0" visitedBranchPoints="0" sequenceCoverage="0.0" branchCoverage="0" maxCyclomaticComplexity="0" minCyclomaticComplexity="0" maxCrapScore="0" minCrapScore="0" visitedClasses="0" numClasses="0" visitedMethods="0" numMethods="1" />
              <MetadataToken>100663303</MetadataToken>
              <Name>System.Void Fusion.NetworkAssetSourceResource[T]::FinishAsyncOp(UnityEngine.ResourceRequest)</Name>
              <FileRef uid="41" />
              <SequencePoints>
                <SequencePoint vc="0" uspid="47268" ordinal="0" offset="0" sl="265" sc="0" el="265" ec="0" bec="0" bev="0" fileid="41" />
                <SequencePoint vc="0" uspid="47269" ordinal="0" offset="1" sl="266" sc="0" el="266" ec="0" bec="0" bev="0" fileid="41" />
                <SequencePoint vc="0" uspid="47270" ordinal="0" offset="2" sl="267" sc="0" el="267" ec="0" bec="0" bev="0" fileid="41" />
                <SequencePoint vc="0" uspid="47271" ordinal="0" offset="46" sl="268" sc="0" el="268" ec="0" bec="0" bev="0" fileid="41" />
                <SequencePoint vc="0" uspid="47272" ordinal="0" offset="56" sl="268" sc="0" el="268" ec="0" bec="0" bev="0" fileid="41" />
                <SequencePoint vc="0" uspid="47273" ordinal="0" offset="57" sl="269" sc="0" el="269" ec="0" bec="0" bev="0" fileid="41" />
                <SequencePoint vc="0" uspid="47274" ordinal="0" offset="64" sl="270" sc="0" el="270" ec="0" bec="0" bev="0" fileid="41" />
                <SequencePoint vc="0" uspid="47275" ordinal="0" offset="67" sl="270" sc="0" el="270" ec="0" bec="0" bev="0" fileid="41" />
                <SequencePoint vc="0" uspid="47276" ordinal="0" offset="68" sl="271" sc="0" el="271" ec="0" bec="0" bev="0" fileid="41" />
                <SequencePoint vc="0" uspid="47277" ordinal="0" offset="101" sl="273" sc="0" el="273" ec="0" bec="0" bev="0" fileid="41" />
                <SequencePoint vc="0" uspid="47278" ordinal="0" offset="104" sl="273" sc="0" el="273" ec="0" bec="0" bev="0" fileid="41" />
                <SequencePoint vc="0" uspid="47279" ordinal="0" offset="105" sl="273" sc="0" el="273" ec="0" bec="0" bev="0" fileid="41" />
                <SequencePoint vc="0" uspid="47280" ordinal="0" offset="106" sl="274" sc="0" el="274" ec="0" bec="0" bev="0" fileid="41" />
                <SequencePoint vc="0" uspid="47281" ordinal="0" offset="118" sl="275" sc="0" el="275" ec="0" bec="0" bev="0" fileid="41" />
                <SequencePoint vc="0" uspid="47282" ordinal="0" offset="121" sl="276" sc="0" el="276" ec="0" bec="0" bev="0" fileid="41" />
              </SequencePoints>
              <BranchPoints />
            </Method>
            <Method visited="false" cyclomaticComplexity="0" nPathComplexity="0" sequenceCoverage="0.0" branchCoverage="0" crapScore="0" isConstructor="false" isStatic="true" isGetter="false" isSetter="false">
              <Summary numSequencePoints="13" visitedSequencePoints="0" numBranchPoints="0" visitedBranchPoints="0" sequenceCoverage="0.0" branchCoverage="0" maxCyclomaticComplexity="0" minCyclomaticComplexity="0" maxCrapScore="0" minCrapScore="0" visitedClasses="0" numClasses="0" visitedMethods="0" numMethods="1" />
              <MetadataToken>100663304</MetadataToken>
              <Name>static T Fusion.NetworkAssetSourceResource[T]::LoadNamedResource(System.String, System.String)</Name>
              <FileRef uid="41" />
              <SequencePoints>
                <SequencePoint vc="0" uspid="47283" ordinal="0" offset="0" sl="278" sc="0" el="278" ec="0" bec="0" bev="0" fileid="41" />
                <SequencePoint vc="0" uspid="47284" ordinal="0" offset="1" sl="279" sc="0" el="279" ec="0" bec="0" bev="0" fileid="41" />
                <SequencePoint vc="0" uspid="47285" ordinal="0" offset="8" sl="281" sc="0" el="281" ec="0" bec="0" bev="0" fileid="41" />
                <SequencePoint vc="0" uspid="47286" ordinal="0" offset="12" sl="281" sc="0" el="281" ec="0" bec="0" bev="0" fileid="41" />
                <SequencePoint vc="0" uspid="47287" ordinal="0" offset="13" sl="282" sc="0" el="282" ec="0" bec="0" bev="0" fileid="41" />
                <SequencePoint vc="0" uspid="47288" ordinal="0" offset="21" sl="283" sc="0" el="283" ec="0" bec="0" bev="0" fileid="41" />
                <SequencePoint vc="0" uspid="47289" ordinal="0" offset="43" sl="283" sc="0" el="283" ec="0" bec="0" bev="0" fileid="41" />
                <SequencePoint vc="0" uspid="47290" ordinal="0" offset="44" sl="284" sc="0" el="284" ec="0" bec="0" bev="0" fileid="41" />
                <SequencePoint vc="0" uspid="47291" ordinal="0" offset="49" sl="286" sc="0" el="286" ec="0" bec="0" bev="0" fileid="41" />
                <SequencePoint vc="0" uspid="47292" ordinal="0" offset="50" sl="281" sc="0" el="281" ec="0" bec="0" bev="0" fileid="41" />
                <SequencePoint vc="0" uspid="47293" ordinal="0" offset="54" sl="281" sc="0" el="281" ec="0" bec="0" bev="0" fileid="41" />
                <SequencePoint vc="0" uspid="47294" ordinal="0" offset="66" sl="288" sc="0" el="288" ec="0" bec="0" bev="0" fileid="41" />
                <SequencePoint vc="0" uspid="47295" ordinal="0" offset="80" sl="289" sc="0" el="289" ec="0" bec="0" bev="0" fileid="41" />
              </SequencePoints>
              <BranchPoints />
            </Method>
            <Method visited="false" cyclomaticComplexity="0" nPathComplexity="0" sequenceCoverage="0.0" branchCoverage="0" crapScore="0" isConstructor="false" isStatic="false" isGetter="false" isSetter="false">
              <Summary numSequencePoints="20" visitedSequencePoints="0" numBranchPoints="0" visitedBranchPoints="0" sequenceCoverage="0.0" branchCoverage="0" maxCyclomaticComplexity="0" minCyclomaticComplexity="0" maxCrapScore="0" minCrapScore="0" visitedClasses="0" numClasses="0" visitedMethods="0" numMethods="1" />
              <MetadataToken>100663305</MetadataToken>
              <Name>System.Void Fusion.NetworkAssetSourceResource[T]::LoadInternal(System.Boolean)</Name>
              <FileRef uid="41" />
              <SequencePoints>
                <SequencePoint vc="0" uspid="47296" ordinal="0" offset="0" sl="291" sc="0" el="291" ec="0" bec="0" bev="0" fileid="41" />
                <SequencePoint vc="0" uspid="47297" ordinal="0" offset="1" sl="292" sc="0" el="292" ec="0" bec="0" bev="0" fileid="41" />
                <SequencePoint vc="0" uspid="47298" ordinal="0" offset="16" sl="293" sc="0" el="293" ec="0" bec="0" bev="0" fileid="41" />
                <SequencePoint vc="0" uspid="47299" ordinal="0" offset="17" sl="294" sc="0" el="294" ec="0" bec="0" bev="0" fileid="41" />
                <SequencePoint vc="0" uspid="47300" ordinal="0" offset="22" sl="294" sc="0" el="294" ec="0" bec="0" bev="0" fileid="41" />
                <SequencePoint vc="0" uspid="47301" ordinal="0" offset="23" sl="295" sc="0" el="295" ec="0" bec="0" bev="0" fileid="41" />
                <SequencePoint vc="0" uspid="47302" ordinal="0" offset="77" sl="296" sc="0" el="296" ec="0" bec="0" bev="0" fileid="41" />
                <SequencePoint vc="0" uspid="47303" ordinal="0" offset="80" sl="296" sc="0" el="296" ec="0" bec="0" bev="0" fileid="41" />
                <SequencePoint vc="0" uspid="47304" ordinal="0" offset="81" sl="297" sc="0" el="297" ec="0" bec="0" bev="0" fileid="41" />
                <SequencePoint vc="0" uspid="47305" ordinal="0" offset="98" sl="298" sc="0" el="298" ec="0" bec="0" bev="0" fileid="41" />
                <SequencePoint vc="0" uspid="47306" ordinal="0" offset="99" sl="300" sc="0" el="300" ec="0" bec="0" bev="0" fileid="41" />
                <SequencePoint vc="0" uspid="47307" ordinal="0" offset="112" sl="300" sc="0" el="300" ec="0" bec="0" bev="0" fileid="41" />
                <SequencePoint vc="0" uspid="47308" ordinal="0" offset="113" sl="301" sc="0" el="301" ec="0" bec="0" bev="0" fileid="41" />
                <SequencePoint vc="0" uspid="47309" ordinal="0" offset="151" sl="302" sc="0" el="302" ec="0" bec="0" bev="0" fileid="41" />
                <SequencePoint vc="0" uspid="47310" ordinal="0" offset="152" sl="303" sc="0" el="303" ec="0" bec="0" bev="0" fileid="41" />
                <SequencePoint vc="0" uspid="47311" ordinal="0" offset="155" sl="303" sc="0" el="303" ec="0" bec="0" bev="0" fileid="41" />
                <SequencePoint vc="0" uspid="47312" ordinal="0" offset="156" sl="303" sc="0" el="303" ec="0" bec="0" bev="0" fileid="41" />
                <SequencePoint vc="0" uspid="47313" ordinal="0" offset="157" sl="304" sc="0" el="304" ec="0" bec="0" bev="0" fileid="41" />
                <SequencePoint vc="0" uspid="47314" ordinal="0" offset="169" sl="305" sc="0" el="305" ec="0" bec="0" bev="0" fileid="41" />
                <SequencePoint vc="0" uspid="47315" ordinal="0" offset="172" sl="306" sc="0" el="306" ec="0" bec="0" bev="0" fileid="41" />
              </SequencePoints>
              <BranchPoints />
            </Method>
            <Method visited="false" cyclomaticComplexity="0" nPathComplexity="0" sequenceCoverage="0.0" branchCoverage="0" crapScore="0" isConstructor="false" isStatic="false" isGetter="false" isSetter="false">
              <Summary numSequencePoints="10" visitedSequencePoints="0" numBranchPoints="0" visitedBranchPoints="0" sequenceCoverage="0.0" branchCoverage="0" maxCyclomaticComplexity="0" minCyclomaticComplexity="0" maxCrapScore="0" minCrapScore="0" visitedClasses="0" numClasses="0" visitedMethods="0" numMethods="1" />
              <MetadataToken>100663306</MetadataToken>
              <Name>System.Void Fusion.NetworkAssetSourceResource[T]::UnloadInternal()</Name>
              <FileRef uid="41" />
              <SequencePoints>
                <SequencePoint vc="0" uspid="47316" ordinal="0" offset="0" sl="308" sc="0" el="308" ec="0" bec="0" bev="0" fileid="41" />
                <SequencePoint vc="0" uspid="47317" ordinal="0" offset="1" sl="309" sc="0" el="309" ec="0" bec="0" bev="0" fileid="41" />
                <SequencePoint vc="0" uspid="47318" ordinal="0" offset="21" sl="309" sc="0" el="309" ec="0" bec="0" bev="0" fileid="41" />
                <SequencePoint vc="0" uspid="47319" ordinal="0" offset="22" sl="310" sc="0" el="310" ec="0" bec="0" bev="0" fileid="41" />
                <SequencePoint vc="0" uspid="47320" ordinal="0" offset="60" sl="313" sc="0" el="313" ec="0" bec="0" bev="0" fileid="41" />
                <SequencePoint vc="0" uspid="47321" ordinal="0" offset="63" sl="313" sc="0" el="313" ec="0" bec="0" bev="0" fileid="41" />
                <SequencePoint vc="0" uspid="47322" ordinal="0" offset="81" sl="313" sc="0" el="313" ec="0" bec="0" bev="0" fileid="41" />
                <SequencePoint vc="0" uspid="47323" ordinal="0" offset="82" sl="315" sc="0" el="315" ec="0" bec="0" bev="0" fileid="41" />
                <SequencePoint vc="0" uspid="47324" ordinal="0" offset="83" sl="317" sc="0" el="317" ec="0" bec="0" bev="0" fileid="41" />
                <SequencePoint vc="0" uspid="47325" ordinal="0" offset="90" sl="318" sc="0" el="318" ec="0" bec="0" bev="0" fileid="41" />
              </SequencePoints>
              <BranchPoints />
            </Method>
            <Method visited="false" cyclomaticComplexity="0" nPathComplexity="0" sequenceCoverage="0.0" branchCoverage="0" crapScore="0" isConstructor="false" isStatic="false" isGetter="true" isSetter="false">
              <Summary numSequencePoints="1" visitedSequencePoints="0" numBranchPoints="0" visitedBranchPoints="0" sequenceCoverage="0.0" branchCoverage="0" maxCyclomaticComplexity="0" minCyclomaticComplexity="0" maxCrapScore="0" minCrapScore="0" visitedClasses="0" numClasses="0" visitedMethods="0" numMethods="1" />
              <MetadataToken>100663307</MetadataToken>
              <Name>System.String Fusion.NetworkAssetSourceResource[T]::get_Description()</Name>
              <FileRef uid="41" />
              <SequencePoints>
                <SequencePoint vc="0" uspid="47326" ordinal="0" offset="0" sl="323" sc="0" el="323" ec="0" bec="0" bev="0" fileid="41" />
              </SequencePoints>
              <BranchPoints />
            </Method>
            <Method visited="false" cyclomaticComplexity="0" nPathComplexity="0" sequenceCoverage="0.0" branchCoverage="0" crapScore="0" isConstructor="false" isStatic="false" isGetter="true" isSetter="false">
              <Summary numSequencePoints="1" visitedSequencePoints="0" numBranchPoints="0" visitedBranchPoints="0" sequenceCoverage="0.0" branchCoverage="0" maxCyclomaticComplexity="0" minCyclomaticComplexity="0" maxCrapScore="0" minCrapScore="0" visitedClasses="0" numClasses="0" visitedMethods="0" numMethods="1" />
              <MetadataToken>100663308</MetadataToken>
              <Name>T Fusion.NetworkAssetSourceResource[T]::get_EditorInstance()</Name>
              <FileRef uid="41" />
              <SequencePoints>
                <SequencePoint vc="0" uspid="47327" ordinal="0" offset="0" sl="329" sc="0" el="329" ec="0" bec="0" bev="0" fileid="41" />
              </SequencePoints>
              <BranchPoints />
            </Method>
          </Methods>
        </Class>
        <Class>
          <Summary numSequencePoints="24" visitedSequencePoints="0" numBranchPoints="0" visitedBranchPoints="0" sequenceCoverage="0.0" branchCoverage="0.0" maxCyclomaticComplexity="0" minCyclomaticComplexity="0" maxCrapScore="0" minCrapScore="0" visitedClasses="0" numClasses="1" visitedMethods="0" numMethods="8" />
          <FullName>Fusion.NetworkAssetSourceStatic[T]</FullName>
          <Methods>
            <Method visited="false" cyclomaticComplexity="0" nPathComplexity="0" sequenceCoverage="0.0" branchCoverage="0" crapScore="0" isConstructor="false" isStatic="false" isGetter="true" isSetter="false">
              <Summary numSequencePoints="1" visitedSequencePoints="0" numBranchPoints="0" visitedBranchPoints="0" sequenceCoverage="0.0" branchCoverage="0" maxCyclomaticComplexity="0" minCyclomaticComplexity="0" maxCrapScore="0" minCrapScore="0" visitedClasses="0" numClasses="0" visitedMethods="0" numMethods="1" />
              <MetadataToken>100663310</MetadataToken>
              <Name>T Fusion.NetworkAssetSourceStatic[T]::get_Prefab()</Name>
              <FileRef uid="41" />
              <SequencePoints>
                <SequencePoint vc="0" uspid="47328" ordinal="0" offset="0" sl="361" sc="0" el="361" ec="0" bec="0" bev="0" fileid="41" />
              </SequencePoints>
              <BranchPoints />
            </Method>
            <Method visited="false" cyclomaticComplexity="0" nPathComplexity="0" sequenceCoverage="0.0" branchCoverage="0" crapScore="0" isConstructor="false" isStatic="false" isGetter="false" isSetter="true">
              <Summary numSequencePoints="1" visitedSequencePoints="0" numBranchPoints="0" visitedBranchPoints="0" sequenceCoverage="0.0" branchCoverage="0" maxCyclomaticComplexity="0" minCyclomaticComplexity="0" maxCrapScore="0" minCrapScore="0" visitedClasses="0" numClasses="0" visitedMethods="0" numMethods="1" />
              <MetadataToken>100663311</MetadataToken>
              <Name>System.Void Fusion.NetworkAssetSourceStatic[T]::set_Prefab(T)</Name>
              <FileRef uid="41" />
              <SequencePoints>
                <SequencePoint vc="0" uspid="47329" ordinal="0" offset="0" sl="362" sc="0" el="362" ec="0" bec="0" bev="0" fileid="41" />
              </SequencePoints>
              <BranchPoints />
            </Method>
            <Method visited="false" cyclomaticComplexity="0" nPathComplexity="0" sequenceCoverage="0.0" branchCoverage="0" crapScore="0" isConstructor="false" isStatic="false" isGetter="true" isSetter="false">
              <Summary numSequencePoints="1" visitedSequencePoints="0" numBranchPoints="0" visitedBranchPoints="0" sequenceCoverage="0.0" branchCoverage="0" maxCyclomaticComplexity="0" minCyclomaticComplexity="0" maxCrapScore="0" minCrapScore="0" visitedClasses="0" numClasses="0" visitedMethods="0" numMethods="1" />
              <MetadataToken>100663312</MetadataToken>
              <Name>System.Boolean Fusion.NetworkAssetSourceStatic[T]::get_IsCompleted()</Name>
              <FileRef uid="41" />
              <SequencePoints>
                <SequencePoint vc="0" uspid="47330" ordinal="0" offset="0" sl="368" sc="0" el="368" ec="0" bec="0" bev="0" fileid="41" />
              </SequencePoints>
              <BranchPoints />
            </Method>
            <Method visited="false" cyclomaticComplexity="0" nPathComplexity="0" sequenceCoverage="0.0" branchCoverage="0" crapScore="0" isConstructor="false" isStatic="false" isGetter="false" isSetter="false">
              <Summary numSequencePoints="2" visitedSequencePoints="0" numBranchPoints="0" visitedBranchPoints="0" sequenceCoverage="0.0" branchCoverage="0" maxCyclomaticComplexity="0" minCyclomaticComplexity="0" maxCrapScore="0" minCrapScore="0" visitedClasses="0" numClasses="0" visitedMethods="0" numMethods="1" />
              <MetadataToken>100663313</MetadataToken>
              <Name>System.Void Fusion.NetworkAssetSourceStatic[T]::Acquire(System.Boolean)</Name>
              <FileRef uid="41" />
              <SequencePoints>
                <SequencePoint vc="0" uspid="47331" ordinal="0" offset="0" sl="373" sc="0" el="373" ec="0" bec="0" bev="0" fileid="41" />
                <SequencePoint vc="0" uspid="47332" ordinal="0" offset="1" sl="375" sc="0" el="375" ec="0" bec="0" bev="0" fileid="41" />
              </SequencePoints>
              <BranchPoints />
            </Method>
            <Method visited="false" cyclomaticComplexity="0" nPathComplexity="0" sequenceCoverage="0.0" branchCoverage="0" crapScore="0" isConstructor="false" isStatic="false" isGetter="false" isSetter="false">
              <Summary numSequencePoints="2" visitedSequencePoints="0" numBranchPoints="0" visitedBranchPoints="0" sequenceCoverage="0.0" branchCoverage="0" maxCyclomaticComplexity="0" minCyclomaticComplexity="0" maxCrapScore="0" minCrapScore="0" visitedClasses="0" numClasses="0" visitedMethods="0" numMethods="1" />
              <MetadataToken>100663314</MetadataToken>
              <Name>System.Void Fusion.NetworkAssetSourceStatic[T]::Release()</Name>
              <FileRef uid="41" />
              <SequencePoints>
                <SequencePoint vc="0" uspid="47333" ordinal="0" offset="0" sl="380" sc="0" el="380" ec="0" bec="0" bev="0" fileid="41" />
                <SequencePoint vc="0" uspid="47334" ordinal="0" offset="1" sl="382" sc="0" el="382" ec="0" bec="0" bev="0" fileid="41" />
              </SequencePoints>
              <BranchPoints />
            </Method>
            <Method visited="false" cyclomaticComplexity="0" nPathComplexity="0" sequenceCoverage="0.0" branchCoverage="0" crapScore="0" isConstructor="false" isStatic="false" isGetter="false" isSetter="false">
              <Summary numSequencePoints="6" visitedSequencePoints="0" numBranchPoints="0" visitedBranchPoints="0" sequenceCoverage="0.0" branchCoverage="0" maxCyclomaticComplexity="0" minCyclomaticComplexity="0" maxCrapScore="0" minCrapScore="0" visitedClasses="0" numClasses="0" visitedMethods="0" numMethods="1" />
              <MetadataToken>100663315</MetadataToken>
              <Name>T Fusion.NetworkAssetSourceStatic[T]::WaitForResult()</Name>
              <FileRef uid="41" />
              <SequencePoints>
                <SequencePoint vc="0" uspid="47335" ordinal="0" offset="0" sl="387" sc="0" el="387" ec="0" bec="0" bev="0" fileid="41" />
                <SequencePoint vc="0" uspid="47336" ordinal="0" offset="1" sl="388" sc="0" el="388" ec="0" bec="0" bev="0" fileid="41" />
                <SequencePoint vc="0" uspid="47337" ordinal="0" offset="22" sl="388" sc="0" el="388" ec="0" bec="0" bev="0" fileid="41" />
                <SequencePoint vc="0" uspid="47338" ordinal="0" offset="23" sl="389" sc="0" el="389" ec="0" bec="0" bev="0" fileid="41" />
                <SequencePoint vc="0" uspid="47339" ordinal="0" offset="34" sl="392" sc="0" el="392" ec="0" bec="0" bev="0" fileid="41" />
                <SequencePoint vc="0" uspid="47340" ordinal="0" offset="43" sl="393" sc="0" el="393" ec="0" bec="0" bev="0" fileid="41" />
              </SequencePoints>
              <BranchPoints />
            </Method>
            <Method visited="false" cyclomaticComplexity="0" nPathComplexity="0" sequenceCoverage="0.0" branchCoverage="0" crapScore="0" isConstructor="false" isStatic="false" isGetter="true" isSetter="false">
              <Summary numSequencePoints="10" visitedSequencePoints="0" numBranchPoints="0" visitedBranchPoints="0" sequenceCoverage="0.0" branchCoverage="0" maxCyclomaticComplexity="0" minCyclomaticComplexity="0" maxCrapScore="0" minCrapScore="0" visitedClasses="0" numClasses="0" visitedMethods="0" numMethods="1" />
              <MetadataToken>100663316</MetadataToken>
              <Name>System.String Fusion.NetworkAssetSourceStatic[T]::get_Description()</Name>
              <FileRef uid="41" />
              <SequencePoints>
                <SequencePoint vc="0" uspid="47341" ordinal="0" offset="0" sl="397" sc="0" el="397" ec="0" bec="0" bev="0" fileid="41" />
                <SequencePoint vc="0" uspid="47342" ordinal="0" offset="1" sl="398" sc="0" el="398" ec="0" bec="0" bev="0" fileid="41" />
                <SequencePoint vc="0" uspid="47343" ordinal="0" offset="21" sl="398" sc="0" el="398" ec="0" bec="0" bev="0" fileid="41" />
                <SequencePoint vc="0" uspid="47344" ordinal="0" offset="22" sl="400" sc="0" el="400" ec="0" bec="0" bev="0" fileid="41" />
                <SequencePoint vc="0" uspid="47345" ordinal="0" offset="46" sl="400" sc="0" el="400" ec="0" bec="0" bev="0" fileid="41" />
                <SequencePoint vc="0" uspid="47346" ordinal="0" offset="47" sl="401" sc="0" el="401" ec="0" bec="0" bev="0" fileid="41" />
                <SequencePoint vc="0" uspid="47347" ordinal="0" offset="68" sl="404" sc="0" el="404" ec="0" bec="0" bev="0" fileid="41" />
                <SequencePoint vc="0" uspid="47348" ordinal="0" offset="105" sl="405" sc="0" el="405" ec="0" bec="0" bev="0" fileid="41" />
                <SequencePoint vc="0" uspid="47349" ordinal="0" offset="106" sl="406" sc="0" el="406" ec="0" bec="0" bev="0" fileid="41" />
                <SequencePoint vc="0" uspid="47350" ordinal="0" offset="115" sl="408" sc="0" el="408" ec="0" bec="0" bev="0" fileid="41" />
              </SequencePoints>
              <BranchPoints />
            </Method>
            <Method visited="false" cyclomaticComplexity="0" nPathComplexity="0" sequenceCoverage="0.0" branchCoverage="0" crapScore="0" isConstructor="false" isStatic="false" isGetter="true" isSetter="false">
              <Summary numSequencePoints="1" visitedSequencePoints="0" numBranchPoints="0" visitedBranchPoints="0" sequenceCoverage="0.0" branchCoverage="0" maxCyclomaticComplexity="0" minCyclomaticComplexity="0" maxCrapScore="0" minCrapScore="0" visitedClasses="0" numClasses="0" visitedMethods="0" numMethods="1" />
              <MetadataToken>100663317</MetadataToken>
              <Name>T Fusion.NetworkAssetSourceStatic[T]::get_EditorInstance()</Name>
              <FileRef uid="41" />
              <SequencePoints>
                <SequencePoint vc="0" uspid="47351" ordinal="0" offset="0" sl="415" sc="0" el="415" ec="0" bec="0" bev="0" fileid="41" />
              </SequencePoints>
              <BranchPoints />
            </Method>
          </Methods>
        </Class>
        <Class>
          <Summary numSequencePoints="27" visitedSequencePoints="0" numBranchPoints="0" visitedBranchPoints="0" sequenceCoverage="0.0" branchCoverage="0.0" maxCyclomaticComplexity="0" minCyclomaticComplexity="0" maxCrapScore="0" minCrapScore="0" visitedClasses="0" numClasses="1" visitedMethods="0" numMethods="8" />
          <FullName>Fusion.NetworkAssetSourceStaticLazy[T]</FullName>
          <Methods>
            <Method visited="false" cyclomaticComplexity="0" nPathComplexity="0" sequenceCoverage="0.0" branchCoverage="0" crapScore="0" isConstructor="false" isStatic="false" isGetter="true" isSetter="false">
              <Summary numSequencePoints="1" visitedSequencePoints="0" numBranchPoints="0" visitedBranchPoints="0" sequenceCoverage="0.0" branchCoverage="0" maxCyclomaticComplexity="0" minCyclomaticComplexity="0" maxCrapScore="0" minCrapScore="0" visitedClasses="0" numClasses="0" visitedMethods="0" numMethods="1" />
              <MetadataToken>100663319</MetadataToken>
              <Name>UnityEngine.LazyLoadReference[T] Fusion.NetworkAssetSourceStaticLazy[T]::get_Prefab()</Name>
              <FileRef uid="41" />
              <SequencePoints>
                <SequencePoint vc="0" uspid="47352" ordinal="0" offset="0" sl="448" sc="0" el="448" ec="0" bec="0" bev="0" fileid="41" />
              </SequencePoints>
              <BranchPoints />
            </Method>
            <Method visited="false" cyclomaticComplexity="0" nPathComplexity="0" sequenceCoverage="0.0" branchCoverage="0" crapScore="0" isConstructor="false" isStatic="false" isGetter="false" isSetter="true">
              <Summary numSequencePoints="1" visitedSequencePoints="0" numBranchPoints="0" visitedBranchPoints="0" sequenceCoverage="0.0" branchCoverage="0" maxCyclomaticComplexity="0" minCyclomaticComplexity="0" maxCrapScore="0" minCrapScore="0" visitedClasses="0" numClasses="0" visitedMethods="0" numMethods="1" />
              <MetadataToken>100663320</MetadataToken>
              <Name>System.Void Fusion.NetworkAssetSourceStaticLazy[T]::set_Prefab(UnityEngine.LazyLoadReference[T])</Name>
              <FileRef uid="41" />
              <SequencePoints>
                <SequencePoint vc="0" uspid="47353" ordinal="0" offset="0" sl="449" sc="0" el="449" ec="0" bec="0" bev="0" fileid="41" />
              </SequencePoints>
              <BranchPoints />
            </Method>
            <Method visited="false" cyclomaticComplexity="0" nPathComplexity="0" sequenceCoverage="0.0" branchCoverage="0" crapScore="0" isConstructor="false" isStatic="false" isGetter="true" isSetter="false">
              <Summary numSequencePoints="1" visitedSequencePoints="0" numBranchPoints="0" visitedBranchPoints="0" sequenceCoverage="0.0" branchCoverage="0" maxCyclomaticComplexity="0" minCyclomaticComplexity="0" maxCrapScore="0" minCrapScore="0" visitedClasses="0" numClasses="0" visitedMethods="0" numMethods="1" />
              <MetadataToken>100663321</MetadataToken>
              <Name>System.Boolean Fusion.NetworkAssetSourceStaticLazy[T]::get_IsCompleted()</Name>
              <FileRef uid="41" />
              <SequencePoints>
                <SequencePoint vc="0" uspid="47354" ordinal="0" offset="0" sl="453" sc="0" el="453" ec="0" bec="0" bev="0" fileid="41" />
              </SequencePoints>
              <BranchPoints />
            </Method>
            <Method visited="false" cyclomaticComplexity="0" nPathComplexity="0" sequenceCoverage="0.0" branchCoverage="0" crapScore="0" isConstructor="false" isStatic="false" isGetter="false" isSetter="false">
              <Summary numSequencePoints="2" visitedSequencePoints="0" numBranchPoints="0" visitedBranchPoints="0" sequenceCoverage="0.0" branchCoverage="0" maxCyclomaticComplexity="0" minCyclomaticComplexity="0" maxCrapScore="0" minCrapScore="0" visitedClasses="0" numClasses="0" visitedMethods="0" numMethods="1" />
              <MetadataToken>100663322</MetadataToken>
              <Name>System.Void Fusion.NetworkAssetSourceStaticLazy[T]::Acquire(System.Boolean)</Name>
              <FileRef uid="41" />
              <SequencePoints>
                <SequencePoint vc="0" uspid="47355" ordinal="0" offset="0" sl="456" sc="0" el="456" ec="0" bec="0" bev="0" fileid="41" />
                <SequencePoint vc="0" uspid="47356" ordinal="0" offset="1" sl="458" sc="0" el="458" ec="0" bec="0" bev="0" fileid="41" />
              </SequencePoints>
              <BranchPoints />
            </Method>
            <Method visited="false" cyclomaticComplexity="0" nPathComplexity="0" sequenceCoverage="0.0" branchCoverage="0" crapScore="0" isConstructor="false" isStatic="false" isGetter="false" isSetter="false">
              <Summary numSequencePoints="2" visitedSequencePoints="0" numBranchPoints="0" visitedBranchPoints="0" sequenceCoverage="0.0" branchCoverage="0" maxCyclomaticComplexity="0" minCyclomaticComplexity="0" maxCrapScore="0" minCrapScore="0" visitedClasses="0" numClasses="0" visitedMethods="0" numMethods="1" />
              <MetadataToken>100663323</MetadataToken>
              <Name>System.Void Fusion.NetworkAssetSourceStaticLazy[T]::Release()</Name>
              <FileRef uid="41" />
              <SequencePoints>
                <SequencePoint vc="0" uspid="47357" ordinal="0" offset="0" sl="461" sc="0" el="461" ec="0" bec="0" bev="0" fileid="41" />
                <SequencePoint vc="0" uspid="47358" ordinal="0" offset="1" sl="463" sc="0" el="463" ec="0" bec="0" bev="0" fileid="41" />
              </SequencePoints>
              <BranchPoints />
            </Method>
            <Method visited="false" cyclomaticComplexity="0" nPathComplexity="0" sequenceCoverage="0.0" branchCoverage="0" crapScore="0" isConstructor="false" isStatic="false" isGetter="false" isSetter="false">
              <Summary numSequencePoints="6" visitedSequencePoints="0" numBranchPoints="0" visitedBranchPoints="0" sequenceCoverage="0.0" branchCoverage="0" maxCyclomaticComplexity="0" minCyclomaticComplexity="0" maxCrapScore="0" minCrapScore="0" visitedClasses="0" numClasses="0" visitedMethods="0" numMethods="1" />
              <MetadataToken>100663324</MetadataToken>
              <Name>T Fusion.NetworkAssetSourceStaticLazy[T]::WaitForResult()</Name>
              <FileRef uid="41" />
              <SequencePoints>
                <SequencePoint vc="0" uspid="47359" ordinal="0" offset="0" sl="466" sc="0" el="466" ec="0" bec="0" bev="0" fileid="41" />
                <SequencePoint vc="0" uspid="47360" ordinal="0" offset="1" sl="467" sc="0" el="467" ec="0" bec="0" bev="0" fileid="41" />
                <SequencePoint vc="0" uspid="47361" ordinal="0" offset="27" sl="467" sc="0" el="467" ec="0" bec="0" bev="0" fileid="41" />
                <SequencePoint vc="0" uspid="47362" ordinal="0" offset="28" sl="468" sc="0" el="468" ec="0" bec="0" bev="0" fileid="41" />
                <SequencePoint vc="0" uspid="47363" ordinal="0" offset="39" sl="471" sc="0" el="471" ec="0" bec="0" bev="0" fileid="41" />
                <SequencePoint vc="0" uspid="47364" ordinal="0" offset="53" sl="472" sc="0" el="472" ec="0" bec="0" bev="0" fileid="41" />
              </SequencePoints>
              <BranchPoints />
            </Method>
            <Method visited="false" cyclomaticComplexity="0" nPathComplexity="0" sequenceCoverage="0.0" branchCoverage="0" crapScore="0" isConstructor="false" isStatic="false" isGetter="true" isSetter="false">
              <Summary numSequencePoints="13" visitedSequencePoints="0" numBranchPoints="0" visitedBranchPoints="0" sequenceCoverage="0.0" branchCoverage="0" maxCyclomaticComplexity="0" minCyclomaticComplexity="0" maxCrapScore="0" minCrapScore="0" visitedClasses="0" numClasses="0" visitedMethods="0" numMethods="1" />
              <MetadataToken>100663325</MetadataToken>
              <Name>System.String Fusion.NetworkAssetSourceStaticLazy[T]::get_Description()</Name>
              <FileRef uid="41" />
              <SequencePoints>
                <SequencePoint vc="0" uspid="47365" ordinal="0" offset="0" sl="476" sc="0" el="476" ec="0" bec="0" bev="0" fileid="41" />
                <SequencePoint vc="0" uspid="47366" ordinal="0" offset="1" sl="477" sc="0" el="477" ec="0" bec="0" bev="0" fileid="41" />
                <SequencePoint vc="0" uspid="47367" ordinal="0" offset="16" sl="477" sc="0" el="477" ec="0" bec="0" bev="0" fileid="41" />
                <SequencePoint vc="0" uspid="47368" ordinal="0" offset="17" sl="478" sc="0" el="478" ec="0" bec="0" bev="0" fileid="41" />
                <SequencePoint vc="0" uspid="47369" ordinal="0" offset="25" sl="479" sc="0" el="479" ec="0" bec="0" bev="0" fileid="41" />
                <SequencePoint vc="0" uspid="47370" ordinal="0" offset="40" sl="479" sc="0" el="479" ec="0" bec="0" bev="0" fileid="41" />
                <SequencePoint vc="0" uspid="47371" ordinal="0" offset="41" sl="481" sc="0" el="481" ec="0" bec="0" bev="0" fileid="41" />
                <SequencePoint vc="0" uspid="47372" ordinal="0" offset="67" sl="481" sc="0" el="481" ec="0" bec="0" bev="0" fileid="41" />
                <SequencePoint vc="0" uspid="47373" ordinal="0" offset="68" sl="482" sc="0" el="482" ec="0" bec="0" bev="0" fileid="41" />
                <SequencePoint vc="0" uspid="47374" ordinal="0" offset="89" sl="485" sc="0" el="485" ec="0" bec="0" bev="0" fileid="41" />
                <SequencePoint vc="0" uspid="47375" ordinal="0" offset="130" sl="486" sc="0" el="486" ec="0" bec="0" bev="0" fileid="41" />
                <SequencePoint vc="0" uspid="47376" ordinal="0" offset="131" sl="487" sc="0" el="487" ec="0" bec="0" bev="0" fileid="41" />
                <SequencePoint vc="0" uspid="47377" ordinal="0" offset="139" sl="489" sc="0" el="489" ec="0" bec="0" bev="0" fileid="41" />
              </SequencePoints>
              <BranchPoints />
            </Method>
            <Method visited="false" cyclomaticComplexity="0" nPathComplexity="0" sequenceCoverage="0.0" branchCoverage="0" crapScore="0" isConstructor="false" isStatic="false" isGetter="true" isSetter="false">
              <Summary numSequencePoints="1" visitedSequencePoints="0" numBranchPoints="0" visitedBranchPoints="0" sequenceCoverage="0.0" branchCoverage="0" maxCyclomaticComplexity="0" minCyclomaticComplexity="0" maxCrapScore="0" minCrapScore="0" visitedClasses="0" numClasses="0" visitedMethods="0" numMethods="1" />
              <MetadataToken>100663326</MetadataToken>
              <Name>T Fusion.NetworkAssetSourceStaticLazy[T]::get_EditorInstance()</Name>
              <FileRef uid="41" />
              <SequencePoints>
                <SequencePoint vc="0" uspid="47378" ordinal="0" offset="0" sl="494" sc="0" el="494" ec="0" bec="0" bev="0" fileid="41" />
              </SequencePoints>
              <BranchPoints />
            </Method>
          </Methods>
        </Class>
        <Class>
          <Summary numSequencePoints="16" visitedSequencePoints="0" numBranchPoints="0" visitedBranchPoints="0" sequenceCoverage="0.0" branchCoverage="0.0" maxCyclomaticComplexity="0" minCyclomaticComplexity="0" maxCrapScore="0" minCrapScore="0" visitedClasses="0" numClasses="1" visitedMethods="0" numMethods="1" />
          <FullName>Fusion.JsonUtilityExtensions</FullName>
          <Methods>
            <Method visited="false" cyclomaticComplexity="0" nPathComplexity="0" sequenceCoverage="0.0" branchCoverage="0" crapScore="0" isConstructor="false" isStatic="true" isGetter="false" isSetter="false">
              <Summary numSequencePoints="16" visitedSequencePoints="0" numBranchPoints="0" visitedBranchPoints="0" sequenceCoverage="0.0" branchCoverage="0" maxCyclomaticComplexity="0" minCyclomaticComplexity="0" maxCrapScore="0" minCrapScore="0" visitedClasses="0" numClasses="0" visitedMethods="0" numMethods="1" />
              <MetadataToken>100663360</MetadataToken>
              <Name>static T Fusion.JsonUtilityExtensions::FromJsonWithTypeAnnotation[T](System.String, Fusion.JsonUtilityExtensions/TypeResolverDelegate)</Name>
              <FileRef uid="41" />
              <SequencePoints>
                <SequencePoint vc="0" uspid="47672" ordinal="0" offset="0" sl="1110" sc="0" el="1110" ec="0" bec="0" bev="0" fileid="41" />
                <SequencePoint vc="0" uspid="47673" ordinal="0" offset="1" sl="1111" sc="0" el="1111" ec="0" bec="0" bev="0" fileid="41" />
                <SequencePoint vc="0" uspid="47674" ordinal="0" offset="20" sl="1111" sc="0" el="1111" ec="0" bec="0" bev="0" fileid="41" />
                <SequencePoint vc="0" uspid="47675" ordinal="0" offset="21" sl="1112" sc="0" el="1112" ec="0" bec="0" bev="0" fileid="41" />
                <SequencePoint vc="0" uspid="47676" ordinal="0" offset="61" sl="1113" sc="0" el="1113" ec="0" bec="0" bev="0" fileid="41" />
                <SequencePoint vc="0" uspid="47677" ordinal="0" offset="73" sl="1114" sc="0" el="1114" ec="0" bec="0" bev="0" fileid="41" />
                <SequencePoint vc="0" uspid="47678" ordinal="0" offset="82" sl="1116" sc="0" el="1116" ec="0" bec="0" bev="0" fileid="41" />
                <SequencePoint vc="0" uspid="47679" ordinal="0" offset="109" sl="1117" sc="0" el="1117" ec="0" bec="0" bev="0" fileid="41" />
                <SequencePoint vc="0" uspid="47680" ordinal="0" offset="118" sl="1118" sc="0" el="1118" ec="0" bec="0" bev="0" fileid="41" />
                <SequencePoint vc="0" uspid="47681" ordinal="0" offset="128" sl="1121" sc="0" el="1121" ec="0" bec="0" bev="0" fileid="41" />
                <SequencePoint vc="0" uspid="47682" ordinal="0" offset="170" sl="1121" sc="0" el="1121" ec="0" bec="0" bev="0" fileid="41" />
                <SequencePoint vc="0" uspid="47683" ordinal="0" offset="171" sl="1122" sc="0" el="1122" ec="0" bec="0" bev="0" fileid="41" />
                <SequencePoint vc="0" uspid="47684" ordinal="0" offset="193" sl="1123" sc="0" el="1123" ec="0" bec="0" bev="0" fileid="41" />
                <SequencePoint vc="0" uspid="47685" ordinal="0" offset="203" sl="1124" sc="0" el="1124" ec="0" bec="0" bev="0" fileid="41" />
                <SequencePoint vc="0" uspid="47686" ordinal="0" offset="214" sl="1127" sc="0" el="1127" ec="0" bec="0" bev="0" fileid="41" />
                <SequencePoint vc="0" uspid="47687" ordinal="0" offset="231" sl="1128" sc="0" el="1128" ec="0" bec="0" bev="0" fileid="41" />
              </SequencePoints>
              <BranchPoints />
            </Method>
          </Methods>
        </Class>
        <Class>
          <Summary numSequencePoints="5" visitedSequencePoints="0" numBranchPoints="0" visitedBranchPoints="0" sequenceCoverage="0.0" branchCoverage="0.0" maxCyclomaticComplexity="0" minCyclomaticComplexity="0" maxCrapScore="0" minCrapScore="0" visitedClasses="0" numClasses="1" visitedMethods="0" numMethods="2" />
          <FullName>Fusion.FusionMppm</FullName>
          <Methods>
            <Method visited="false" cyclomaticComplexity="0" nPathComplexity="0" sequenceCoverage="0.0" branchCoverage="0" crapScore="0" isConstructor="false" isStatic="false" isGetter="false" isSetter="false">
              <Summary numSequencePoints="2" visitedSequencePoints="0" numBranchPoints="0" visitedBranchPoints="0" sequenceCoverage="0.0" branchCoverage="0" maxCyclomaticComplexity="0" minCyclomaticComplexity="0" maxCrapScore="0" minCrapScore="0" visitedClasses="0" numClasses="0" visitedMethods="0" numMethods="1" />
              <MetadataToken>100663369</MetadataToken>
              <Name>System.Void Fusion.FusionMppm::Send[T](T)</Name>
              <FileRef uid="41" />
              <SequencePoints>
                <SequencePoint vc="0" uspid="47885" ordinal="0" offset="0" sl="1684" sc="0" el="1684" ec="0" bec="0" bev="0" fileid="41" />
                <SequencePoint vc="0" uspid="47886" ordinal="0" offset="1" sl="1689" sc="0" el="1689" ec="0" bec="0" bev="0" fileid="41" />
              </SequencePoints>
              <BranchPoints />
            </Method>
            <Method visited="false" cyclomaticComplexity="0" nPathComplexity="0" sequenceCoverage="0.0" branchCoverage="0" crapScore="0" isConstructor="false" isStatic="true" isGetter="false" isSetter="false">
              <Summary numSequencePoints="3" visitedSequencePoints="0" numBranchPoints="0" visitedBranchPoints="0" sequenceCoverage="0.0" branchCoverage="0" maxCyclomaticComplexity="0" minCyclomaticComplexity="0" maxCrapScore="0" minCrapScore="0" visitedClasses="0" numClasses="0" visitedMethods="0" numMethods="1" />
              <MetadataToken>100663370</MetadataToken>
              <Name>static System.Void Fusion.FusionMppm::Broadcast[T](T)</Name>
              <FileRef uid="41" />
              <SequencePoints>
                <SequencePoint vc="0" uspid="47887" ordinal="0" offset="0" sl="1703" sc="0" el="1703" ec="0" bec="0" bev="0" fileid="41" />
                <SequencePoint vc="0" uspid="47888" ordinal="0" offset="1" sl="1704" sc="0" el="1704" ec="0" bec="0" bev="0" fileid="41" />
                <SequencePoint vc="0" uspid="47889" ordinal="0" offset="19" sl="1705" sc="0" el="1705" ec="0" bec="0" bev="0" fileid="41" />
              </SequencePoints>
              <BranchPoints />
            </Method>
          </Methods>
        </Class>
        <Class>
          <Summary numSequencePoints="17" visitedSequencePoints="0" numBranchPoints="0" visitedBranchPoints="0" sequenceCoverage="0.0" branchCoverage="0.0" maxCyclomaticComplexity="0" minCyclomaticComplexity="0" maxCrapScore="0" minCrapScore="0" visitedClasses="0" numClasses="1" visitedMethods="0" numMethods="2" />
          <FullName>Fusion.NetworkObjectBaker</FullName>
          <Methods>
            <Method visited="false" cyclomaticComplexity="0" nPathComplexity="0" sequenceCoverage="0.0" branchCoverage="0" crapScore="0" isConstructor="false" isStatic="false" isGetter="false" isSetter="false">
              <Summary numSequencePoints="8" visitedSequencePoints="0" numBranchPoints="0" visitedBranchPoints="0" sequenceCoverage="0.0" branchCoverage="0" maxCyclomaticComplexity="0" minCyclomaticComplexity="0" maxCrapScore="0" minCrapScore="0" visitedClasses="0" numClasses="0" visitedMethods="0" numMethods="1" />
              <MetadataToken>100663387</MetadataToken>
              <Name>System.Boolean Fusion.NetworkObjectBaker::Set[T](UnityEngine.MonoBehaviour, , T)</Name>
              <FileRef uid="41" />
              <SequencePoints>
                <SequencePoint vc="0" uspid="48036" ordinal="0" offset="0" sl="2241" sc="0" el="2241" ec="0" bec="0" bev="0" fileid="41" />
                <SequencePoint vc="0" uspid="48037" ordinal="0" offset="1" sl="2242" sc="0" el="2242" ec="0" bec="0" bev="0" fileid="41" />
                <SequencePoint vc="0" uspid="48038" ordinal="0" offset="25" sl="2242" sc="0" el="2242" ec="0" bec="0" bev="0" fileid="41" />
                <SequencePoint vc="0" uspid="48039" ordinal="0" offset="26" sl="2244" sc="0" el="2244" ec="0" bec="0" bev="0" fileid="41" />
                <SequencePoint vc="0" uspid="48040" ordinal="0" offset="33" sl="2245" sc="0" el="2245" ec="0" bec="0" bev="0" fileid="41" />
                <SequencePoint vc="0" uspid="48041" ordinal="0" offset="37" sl="2246" sc="0" el="2246" ec="0" bec="0" bev="0" fileid="41" />
                <SequencePoint vc="0" uspid="48042" ordinal="0" offset="38" sl="2247" sc="0" el="2247" ec="0" bec="0" bev="0" fileid="41" />
                <SequencePoint vc="0" uspid="48043" ordinal="0" offset="42" sl="2249" sc="0" el="2249" ec="0" bec="0" bev="0" fileid="41" />
              </SequencePoints>
              <BranchPoints />
            </Method>
            <Method visited="false" cyclomaticComplexity="0" nPathComplexity="0" sequenceCoverage="0.0" branchCoverage="0" crapScore="0" isConstructor="false" isStatic="false" isGetter="false" isSetter="false">
              <Summary numSequencePoints="9" visitedSequencePoints="0" numBranchPoints="0" visitedBranchPoints="0" sequenceCoverage="0.0" branchCoverage="0" maxCyclomaticComplexity="0" minCyclomaticComplexity="0" maxCrapScore="0" minCrapScore="0" visitedClasses="0" numClasses="0" visitedMethods="0" numMethods="1" />
              <MetadataToken>100663388</MetadataToken>
              <Name>System.Boolean Fusion.NetworkObjectBaker::Set[T](UnityEngine.MonoBehaviour, , System.Collections.Generic.List[T])</Name>
              <FileRef uid="41" />
              <SequencePoints>
                <SequencePoint vc="0" uspid="48044" ordinal="0" offset="0" sl="2251" sc="0" el="2251" ec="0" bec="0" bev="0" fileid="41" />
                <SequencePoint vc="0" uspid="48045" ordinal="0" offset="1" sl="2252" sc="0" el="2252" ec="0" bec="0" bev="0" fileid="41" />
                <SequencePoint vc="0" uspid="48046" ordinal="0" offset="7" sl="2253" sc="0" el="2253" ec="0" bec="0" bev="0" fileid="41" />
                <SequencePoint vc="0" uspid="48047" ordinal="0" offset="42" sl="2253" sc="0" el="2253" ec="0" bec="0" bev="0" fileid="41" />
                <SequencePoint vc="0" uspid="48048" ordinal="0" offset="43" sl="2255" sc="0" el="2255" ec="0" bec="0" bev="0" fileid="41" />
                <SequencePoint vc="0" uspid="48049" ordinal="0" offset="51" sl="2256" sc="0" el="2256" ec="0" bec="0" bev="0" fileid="41" />
                <SequencePoint vc="0" uspid="48050" ordinal="0" offset="55" sl="2257" sc="0" el="2257" ec="0" bec="0" bev="0" fileid="41" />
                <SequencePoint vc="0" uspid="48051" ordinal="0" offset="56" sl="2258" sc="0" el="2258" ec="0" bec="0" bev="0" fileid="41" />
                <SequencePoint vc="0" uspid="48052" ordinal="0" offset="60" sl="2260" sc="0" el="2260" ec="0" bec="0" bev="0" fileid="41" />
              </SequencePoints>
              <BranchPoints />
            </Method>
          </Methods>
        </Class>
        <Class>
          <Summary numSequencePoints="58" visitedSequencePoints="0" numBranchPoints="0" visitedBranchPoints="0" sequenceCoverage="0.0" branchCoverage="0.0" maxCyclomaticComplexity="0" minCyclomaticComplexity="0" maxCrapScore="0" minCrapScore="0" visitedClasses="0" numClasses="1" visitedMethods="0" numMethods="4" />
          <FullName>Fusion.FusionUnitySceneManagerUtils</FullName>
          <Methods>
            <Method visited="false" cyclomaticComplexity="0" nPathComplexity="0" sequenceCoverage="0.0" branchCoverage="0" crapScore="0" isConstructor="false" isStatic="true" isGetter="false" isSetter="false">
              <Summary numSequencePoints="3" visitedSequencePoints="0" numBranchPoints="0" visitedBranchPoints="0" sequenceCoverage="0.0" branchCoverage="0" maxCyclomaticComplexity="0" minCyclomaticComplexity="0" maxCrapScore="0" minCrapScore="0" visitedClasses="0" numClasses="0" visitedMethods="0" numMethods="1" />
              <MetadataToken>100663402</MetadataToken>
              <Name>static Fusion.FusionUnitySceneManagerUtils::GetComponents[T](UnityEngine.SceneManagement.Scene, System.Boolean)</Name>
              <FileRef uid="41" />
              <SequencePoints>
                <SequencePoint vc="0" uspid="48143" ordinal="0" offset="0" sl="3637" sc="0" el="3637" ec="0" bec="0" bev="0" fileid="41" />
                <SequencePoint vc="0" uspid="48144" ordinal="0" offset="1" sl="3638" sc="0" el="3638" ec="0" bec="0" bev="0" fileid="41" />
                <SequencePoint vc="0" uspid="48145" ordinal="0" offset="13" sl="3639" sc="0" el="3639" ec="0" bec="0" bev="0" fileid="41" />
              </SequencePoints>
              <BranchPoints />
            </Method>
            <Method visited="false" cyclomaticComplexity="0" nPathComplexity="0" sequenceCoverage="0.0" branchCoverage="0" crapScore="0" isConstructor="false" isStatic="true" isGetter="false" isSetter="false">
              <Summary numSequencePoints="20" visitedSequencePoints="0" numBranchPoints="0" visitedBranchPoints="0" sequenceCoverage="0.0" branchCoverage="0" maxCyclomaticComplexity="0" minCyclomaticComplexity="0" maxCrapScore="0" minCrapScore="0" visitedClasses="0" numClasses="0" visitedMethods="0" numMethods="1" />
              <MetadataToken>100663403</MetadataToken>
              <Name>static Fusion.FusionUnitySceneManagerUtils::GetComponents[T](UnityEngine.SceneManagement.Scene, System.Boolean, UnityEngine.GameObject[]&amp;)</Name>
              <FileRef uid="41" />
              <SequencePoints>
                <SequencePoint vc="0" uspid="48146" ordinal="0" offset="0" sl="3649" sc="0" el="3649" ec="0" bec="0" bev="0" fileid="41" />
                <SequencePoint vc="0" uspid="48147" ordinal="0" offset="1" sl="3650" sc="0" el="3650" ec="0" bec="0" bev="0" fileid="41" />
                <SequencePoint vc="0" uspid="48148" ordinal="0" offset="10" sl="3652" sc="0" el="3652" ec="0" bec="0" bev="0" fileid="41" />
                <SequencePoint vc="0" uspid="48149" ordinal="0" offset="16" sl="3653" sc="0" el="3653" ec="0" bec="0" bev="0" fileid="41" />
                <SequencePoint vc="0" uspid="48150" ordinal="0" offset="22" sl="3655" sc="0" el="3655" ec="0" bec="0" bev="0" fileid="41" />
                <SequencePoint vc="0" uspid="48151" ordinal="0" offset="23" sl="3655" sc="0" el="3655" ec="0" bec="0" bev="0" fileid="41" />
                <SequencePoint vc="0" uspid="48152" ordinal="0" offset="30" sl="3655" sc="0" el="3655" ec="0" bec="0" bev="0" fileid="41" />
                <SequencePoint vc="0" uspid="48153" ordinal="0" offset="35" sl="3655" sc="0" el="3655" ec="0" bec="0" bev="0" fileid="41" />
                <SequencePoint vc="0" uspid="48154" ordinal="0" offset="36" sl="3657" sc="0" el="3657" ec="0" bec="0" bev="0" fileid="41" />
                <SequencePoint vc="0" uspid="48155" ordinal="0" offset="46" sl="3659" sc="0" el="3659" ec="0" bec="0" bev="0" fileid="41" />
                <SequencePoint vc="0" uspid="48156" ordinal="0" offset="47" sl="3659" sc="0" el="3659" ec="0" bec="0" bev="0" fileid="41" />
                <SequencePoint vc="0" uspid="48157" ordinal="0" offset="57" sl="3659" sc="0" el="3659" ec="0" bec="0" bev="0" fileid="41" />
                <SequencePoint vc="0" uspid="48158" ordinal="0" offset="66" sl="3659" sc="0" el="3659" ec="0" bec="0" bev="0" fileid="41" />
                <SequencePoint vc="0" uspid="48159" ordinal="0" offset="67" sl="3660" sc="0" el="3660" ec="0" bec="0" bev="0" fileid="41" />
                <SequencePoint vc="0" uspid="48160" ordinal="0" offset="76" sl="3661" sc="0" el="3661" ec="0" bec="0" bev="0" fileid="41" />
                <SequencePoint vc="0" uspid="48161" ordinal="0" offset="77" sl="3659" sc="0" el="3659" ec="0" bec="0" bev="0" fileid="41" />
                <SequencePoint vc="0" uspid="48162" ordinal="0" offset="103" sl="3662" sc="0" el="3662" ec="0" bec="0" bev="0" fileid="41" />
                <SequencePoint vc="0" uspid="48163" ordinal="0" offset="108" sl="3655" sc="0" el="3655" ec="0" bec="0" bev="0" fileid="41" />
                <SequencePoint vc="0" uspid="48164" ordinal="0" offset="114" sl="3663" sc="0" el="3663" ec="0" bec="0" bev="0" fileid="41" />
                <SequencePoint vc="0" uspid="48165" ordinal="0" offset="124" sl="3664" sc="0" el="3664" ec="0" bec="0" bev="0" fileid="41" />
              </SequencePoints>
              <BranchPoints />
            </Method>
            <Method visited="false" cyclomaticComplexity="0" nPathComplexity="0" sequenceCoverage="0.0" branchCoverage="0" crapScore="0" isConstructor="false" isStatic="true" isGetter="false" isSetter="false">
              <Summary numSequencePoints="20" visitedSequencePoints="0" numBranchPoints="0" visitedBranchPoints="0" sequenceCoverage="0.0" branchCoverage="0" maxCyclomaticComplexity="0" minCyclomaticComplexity="0" maxCrapScore="0" minCrapScore="0" visitedClasses="0" numClasses="0" visitedMethods="0" numMethods="1" />
              <MetadataToken>100663404</MetadataToken>
              <Name>static System.Void Fusion.FusionUnitySceneManagerUtils::GetComponents[T](UnityEngine.SceneManagement.Scene, System.Collections.Generic.List[T], System.Boolean)</Name>
              <FileRef uid="41" />
              <SequencePoints>
                <SequencePoint vc="0" uspid="48166" ordinal="0" offset="0" sl="3676" sc="0" el="3676" ec="0" bec="0" bev="0" fileid="41" />
                <SequencePoint vc="0" uspid="48167" ordinal="0" offset="1" sl="3677" sc="0" el="3677" ec="0" bec="0" bev="0" fileid="41" />
                <SequencePoint vc="0" uspid="48168" ordinal="0" offset="7" sl="3678" sc="0" el="3678" ec="0" bec="0" bev="0" fileid="41" />
                <SequencePoint vc="0" uspid="48169" ordinal="0" offset="16" sl="3679" sc="0" el="3679" ec="0" bec="0" bev="0" fileid="41" />
                <SequencePoint vc="0" uspid="48170" ordinal="0" offset="23" sl="3681" sc="0" el="3681" ec="0" bec="0" bev="0" fileid="41" />
                <SequencePoint vc="0" uspid="48171" ordinal="0" offset="29" sl="3683" sc="0" el="3683" ec="0" bec="0" bev="0" fileid="41" />
                <SequencePoint vc="0" uspid="48172" ordinal="0" offset="30" sl="3683" sc="0" el="3683" ec="0" bec="0" bev="0" fileid="41" />
                <SequencePoint vc="0" uspid="48173" ordinal="0" offset="39" sl="3683" sc="0" el="3683" ec="0" bec="0" bev="0" fileid="41" />
                <SequencePoint vc="0" uspid="48174" ordinal="0" offset="47" sl="3683" sc="0" el="3683" ec="0" bec="0" bev="0" fileid="41" />
                <SequencePoint vc="0" uspid="48175" ordinal="0" offset="48" sl="3685" sc="0" el="3685" ec="0" bec="0" bev="0" fileid="41" />
                <SequencePoint vc="0" uspid="48176" ordinal="0" offset="57" sl="3687" sc="0" el="3687" ec="0" bec="0" bev="0" fileid="41" />
                <SequencePoint vc="0" uspid="48177" ordinal="0" offset="58" sl="3687" sc="0" el="3687" ec="0" bec="0" bev="0" fileid="41" />
                <SequencePoint vc="0" uspid="48178" ordinal="0" offset="68" sl="3687" sc="0" el="3687" ec="0" bec="0" bev="0" fileid="41" />
                <SequencePoint vc="0" uspid="48179" ordinal="0" offset="77" sl="3687" sc="0" el="3687" ec="0" bec="0" bev="0" fileid="41" />
                <SequencePoint vc="0" uspid="48180" ordinal="0" offset="78" sl="3688" sc="0" el="3688" ec="0" bec="0" bev="0" fileid="41" />
                <SequencePoint vc="0" uspid="48181" ordinal="0" offset="87" sl="3689" sc="0" el="3689" ec="0" bec="0" bev="0" fileid="41" />
                <SequencePoint vc="0" uspid="48182" ordinal="0" offset="88" sl="3687" sc="0" el="3687" ec="0" bec="0" bev="0" fileid="41" />
                <SequencePoint vc="0" uspid="48183" ordinal="0" offset="114" sl="3690" sc="0" el="3690" ec="0" bec="0" bev="0" fileid="41" />
                <SequencePoint vc="0" uspid="48184" ordinal="0" offset="115" sl="3683" sc="0" el="3683" ec="0" bec="0" bev="0" fileid="41" />
                <SequencePoint vc="0" uspid="48185" ordinal="0" offset="141" sl="3691" sc="0" el="3691" ec="0" bec="0" bev="0" fileid="41" />
              </SequencePoints>
              <BranchPoints />
            </Method>
            <Method visited="false" cyclomaticComplexity="0" nPathComplexity="0" sequenceCoverage="0.0" branchCoverage="0" crapScore="0" isConstructor="false" isStatic="true" isGetter="false" isSetter="false">
              <Summary numSequencePoints="15" visitedSequencePoints="0" numBranchPoints="0" visitedBranchPoints="0" sequenceCoverage="0.0" branchCoverage="0" maxCyclomaticComplexity="0" minCyclomaticComplexity="0" maxCrapScore="0" minCrapScore="0" visitedClasses="0" numClasses="0" visitedMethods="0" numMethods="1" />
              <MetadataToken>100663405</MetadataToken>
              <Name>static T Fusion.FusionUnitySceneManagerUtils::FindComponent[T](UnityEngine.SceneManagement.Scene, System.Boolean)</Name>
              <FileRef uid="41" />
              <SequencePoints>
                <SequencePoint vc="0" uspid="48186" ordinal="0" offset="0" sl="3700" sc="0" el="3700" ec="0" bec="0" bev="0" fileid="41" />
                <SequencePoint vc="0" uspid="48187" ordinal="0" offset="1" sl="3701" sc="0" el="3701" ec="0" bec="0" bev="0" fileid="41" />
                <SequencePoint vc="0" uspid="48188" ordinal="0" offset="7" sl="3702" sc="0" el="3702" ec="0" bec="0" bev="0" fileid="41" />
                <SequencePoint vc="0" uspid="48189" ordinal="0" offset="16" sl="3704" sc="0" el="3704" ec="0" bec="0" bev="0" fileid="41" />
                <SequencePoint vc="0" uspid="48190" ordinal="0" offset="17" sl="3704" sc="0" el="3704" ec="0" bec="0" bev="0" fileid="41" />
                <SequencePoint vc="0" uspid="48191" ordinal="0" offset="26" sl="3704" sc="0" el="3704" ec="0" bec="0" bev="0" fileid="41" />
                <SequencePoint vc="0" uspid="48192" ordinal="0" offset="34" sl="3704" sc="0" el="3704" ec="0" bec="0" bev="0" fileid="41" />
                <SequencePoint vc="0" uspid="48193" ordinal="0" offset="35" sl="3706" sc="0" el="3706" ec="0" bec="0" bev="0" fileid="41" />
                <SequencePoint vc="0" uspid="48194" ordinal="0" offset="43" sl="3707" sc="0" el="3707" ec="0" bec="0" bev="0" fileid="41" />
                <SequencePoint vc="0" uspid="48195" ordinal="0" offset="61" sl="3707" sc="0" el="3707" ec="0" bec="0" bev="0" fileid="41" />
                <SequencePoint vc="0" uspid="48196" ordinal="0" offset="62" sl="3708" sc="0" el="3708" ec="0" bec="0" bev="0" fileid="41" />
                <SequencePoint vc="0" uspid="48197" ordinal="0" offset="67" sl="3710" sc="0" el="3710" ec="0" bec="0" bev="0" fileid="41" />
                <SequencePoint vc="0" uspid="48198" ordinal="0" offset="68" sl="3704" sc="0" el="3704" ec="0" bec="0" bev="0" fileid="41" />
                <SequencePoint vc="0" uspid="48199" ordinal="0" offset="94" sl="3711" sc="0" el="3711" ec="0" bec="0" bev="0" fileid="41" />
                <SequencePoint vc="0" uspid="48200" ordinal="0" offset="108" sl="3712" sc="0" el="3712" ec="0" bec="0" bev="0" fileid="41" />
              </SequencePoints>
              <BranchPoints />
            </Method>
          </Methods>
        </Class>
        <Class>
          <Summary numSequencePoints="44" visitedSequencePoints="0" numBranchPoints="0" visitedBranchPoints="0" sequenceCoverage="0.0" branchCoverage="0.0" maxCyclomaticComplexity="0" minCyclomaticComplexity="0" maxCrapScore="0" minCrapScore="0" visitedClasses="0" numClasses="1" visitedMethods="0" numMethods="2" />
          <FullName>Fusion.FusionBootstrapDebugGUI</FullName>
          <Methods>
            <Method visited="false" cyclomaticComplexity="0" nPathComplexity="0" sequenceCoverage="0.0" branchCoverage="0" crapScore="0" isConstructor="false" isStatic="true" isGetter="false" isSetter="false">
              <Summary numSequencePoints="36" visitedSequencePoints="0" numBranchPoints="0" visitedBranchPoints="0" sequenceCoverage="0.0" branchCoverage="0" maxCyclomaticComplexity="0" minCyclomaticComplexity="0" maxCrapScore="0" minCrapScore="0" visitedClasses="0" numClasses="0" visitedMethods="0" numMethods="1" />
              <MetadataToken>100663497</MetadataToken>
              <Name>static System.Collections.Generic.Dictionary[T,String] Fusion.FusionBootstrapDebugGUI::ConvertEnumToNicifiedNameLookup[T](System.String, System.Collections.Generic.Dictionary[T,String])</Name>
              <FileRef uid="44" />
              <SequencePoints>
                <SequencePoint vc="0" uspid="49161" ordinal="0" offset="0" sl="315" sc="0" el="315" ec="0" bec="0" bev="0" fileid="44" />
                <SequencePoint vc="0" uspid="49162" ordinal="0" offset="1" sl="317" sc="0" el="317" ec="0" bec="0" bev="0" fileid="44" />
                <SequencePoint vc="0" uspid="49163" ordinal="0" offset="7" sl="319" sc="0" el="319" ec="0" bec="0" bev="0" fileid="44" />
                <SequencePoint vc="0" uspid="49164" ordinal="0" offset="15" sl="319" sc="0" el="319" ec="0" bec="0" bev="0" fileid="44" />
                <SequencePoint vc="0" uspid="49165" ordinal="0" offset="16" sl="320" sc="0" el="320" ec="0" bec="0" bev="0" fileid="44" />
                <SequencePoint vc="0" uspid="49166" ordinal="0" offset="23" sl="321" sc="0" el="321" ec="0" bec="0" bev="0" fileid="44" />
                <SequencePoint vc="0" uspid="49167" ordinal="0" offset="26" sl="321" sc="0" el="321" ec="0" bec="0" bev="0" fileid="44" />
                <SequencePoint vc="0" uspid="49168" ordinal="0" offset="27" sl="322" sc="0" el="322" ec="0" bec="0" bev="0" fileid="44" />
                <SequencePoint vc="0" uspid="49169" ordinal="0" offset="34" sl="323" sc="0" el="323" ec="0" bec="0" bev="0" fileid="44" />
                <SequencePoint vc="0" uspid="49170" ordinal="0" offset="35" sl="325" sc="0" el="325" ec="0" bec="0" bev="0" fileid="44" />
                <SequencePoint vc="0" uspid="49171" ordinal="0" offset="51" sl="326" sc="0" el="326" ec="0" bec="0" bev="0" fileid="44" />
                <SequencePoint vc="0" uspid="49172" ordinal="0" offset="67" sl="327" sc="0" el="327" ec="0" bec="0" bev="0" fileid="44" />
                <SequencePoint vc="0" uspid="49173" ordinal="0" offset="70" sl="327" sc="0" el="327" ec="0" bec="0" bev="0" fileid="44" />
                <SequencePoint vc="0" uspid="49174" ordinal="0" offset="80" sl="327" sc="0" el="327" ec="0" bec="0" bev="0" fileid="44" />
                <SequencePoint vc="0" uspid="49175" ordinal="0" offset="81" sl="328" sc="0" el="328" ec="0" bec="0" bev="0" fileid="44" />
                <SequencePoint vc="0" uspid="49176" ordinal="0" offset="88" sl="329" sc="0" el="329" ec="0" bec="0" bev="0" fileid="44" />
                <SequencePoint vc="0" uspid="49177" ordinal="0" offset="98" sl="329" sc="0" el="329" ec="0" bec="0" bev="0" fileid="44" />
                <SequencePoint vc="0" uspid="49178" ordinal="0" offset="99" sl="330" sc="0" el="330" ec="0" bec="0" bev="0" fileid="44" />
                <SequencePoint vc="0" uspid="49179" ordinal="0" offset="107" sl="331" sc="0" el="331" ec="0" bec="0" bev="0" fileid="44" />
                <SequencePoint vc="0" uspid="49180" ordinal="0" offset="108" sl="332" sc="0" el="332" ec="0" bec="0" bev="0" fileid="44" />
                <SequencePoint vc="0" uspid="49181" ordinal="0" offset="114" sl="333" sc="0" el="333" ec="0" bec="0" bev="0" fileid="44" />
                <SequencePoint vc="0" uspid="49182" ordinal="0" offset="119" sl="333" sc="0" el="333" ec="0" bec="0" bev="0" fileid="44" />
                <SequencePoint vc="0" uspid="49183" ordinal="0" offset="120" sl="336" sc="0" el="336" ec="0" bec="0" bev="0" fileid="44" />
                <SequencePoint vc="0" uspid="49184" ordinal="0" offset="150" sl="336" sc="0" el="336" ec="0" bec="0" bev="0" fileid="44" />
                <SequencePoint vc="0" uspid="49185" ordinal="0" offset="151" sl="337" sc="0" el="337" ec="0" bec="0" bev="0" fileid="44" />
                <SequencePoint vc="0" uspid="49186" ordinal="0" offset="163" sl="338" sc="0" el="338" ec="0" bec="0" bev="0" fileid="44" />
                <SequencePoint vc="0" uspid="49187" ordinal="0" offset="164" sl="341" sc="0" el="341" ec="0" bec="0" bev="0" fileid="44" />
                <SequencePoint vc="0" uspid="49188" ordinal="0" offset="180" sl="342" sc="0" el="342" ec="0" bec="0" bev="0" fileid="44" />
                <SequencePoint vc="0" uspid="49189" ordinal="0" offset="181" sl="333" sc="0" el="333" ec="0" bec="0" bev="0" fileid="44" />
                <SequencePoint vc="0" uspid="49190" ordinal="0" offset="187" sl="333" sc="0" el="333" ec="0" bec="0" bev="0" fileid="44" />
                <SequencePoint vc="0" uspid="49191" ordinal="0" offset="204" sl="343" sc="0" el="343" ec="0" bec="0" bev="0" fileid="44" />
                <SequencePoint vc="0" uspid="49192" ordinal="0" offset="230" sl="344" sc="0" el="344" ec="0" bec="0" bev="0" fileid="44" />
                <SequencePoint vc="0" uspid="49193" ordinal="0" offset="231" sl="327" sc="0" el="327" ec="0" bec="0" bev="0" fileid="44" />
                <SequencePoint vc="0" uspid="49194" ordinal="0" offset="237" sl="327" sc="0" el="327" ec="0" bec="0" bev="0" fileid="44" />
                <SequencePoint vc="0" uspid="49195" ordinal="0" offset="252" sl="345" sc="0" el="345" ec="0" bec="0" bev="0" fileid="44" />
                <SequencePoint vc="0" uspid="49196" ordinal="0" offset="257" sl="346" sc="0" el="346" ec="0" bec="0" bev="0" fileid="44" />
              </SequencePoints>
              <BranchPoints />
            </Method>
            <Method visited="false" cyclomaticComplexity="0" nPathComplexity="0" sequenceCoverage="0.0" branchCoverage="0" crapScore="0" isConstructor="false" isStatic="true" isGetter="false" isSetter="false">
              <Summary numSequencePoints="8" visitedSequencePoints="0" numBranchPoints="0" visitedBranchPoints="0" sequenceCoverage="0.0" branchCoverage="0" maxCyclomaticComplexity="0" minCyclomaticComplexity="0" maxCrapScore="0" minCrapScore="0" visitedClasses="0" numClasses="0" visitedMethods="0" numMethods="1" />
              <MetadataToken>100663498</MetadataToken>
              <Name>static T Fusion.FusionBootstrapDebugGUI::GetAsset[T](System.String)</Name>
              <FileRef uid="44" />
              <SequencePoints>
                <SequencePoint vc="0" uspid="49197" ordinal="0" offset="0" sl="349" sc="0" el="349" ec="0" bec="0" bev="0" fileid="44" />
                <SequencePoint vc="0" uspid="49198" ordinal="0" offset="1" sl="350" sc="0" el="350" ec="0" bec="0" bev="0" fileid="44" />
                <SequencePoint vc="0" uspid="49199" ordinal="0" offset="8" sl="351" sc="0" el="351" ec="0" bec="0" bev="0" fileid="44" />
                <SequencePoint vc="0" uspid="49200" ordinal="0" offset="18" sl="351" sc="0" el="351" ec="0" bec="0" bev="0" fileid="44" />
                <SequencePoint vc="0" uspid="49201" ordinal="0" offset="19" sl="352" sc="0" el="352" ec="0" bec="0" bev="0" fileid="44" />
[...]
              <Name>static Mono.Cecil.FieldReference Fusion.CodeGen.MonoCecilExtensions::ImportField[T, TResult](Mono.Cecil.ModuleDefinition, System.Linq.Expressions.Expression[Func`2], Mono.Cecil.TypeReference)</Name>
              <FileRef uid="72" />
              <SequencePoints>
                <SequencePoint vc="0" uspid="65682" ordinal="0" offset="0" sl="6190" sc="0" el="6190" ec="0" bec="0" bev="0" fileid="72" />
                <SequencePoint vc="0" uspid="65683" ordinal="0" offset="1" sl="6191" sc="0" el="6191" ec="0" bec="0" bev="0" fileid="72" />
                <SequencePoint vc="0" uspid="65684" ordinal="0" offset="13" sl="6192" sc="0" el="6192" ec="0" bec="0" bev="0" fileid="72" />
                <SequencePoint vc="0" uspid="65685" ordinal="0" offset="25" sl="6193" sc="0" el="6193" ec="0" bec="0" bev="0" fileid="72" />
                <SequencePoint vc="0" uspid="65686" ordinal="0" offset="33" sl="6194" sc="0" el="6194" ec="0" bec="0" bev="0" fileid="72" />
                <SequencePoint vc="0" uspid="65687" ordinal="0" offset="41" sl="6195" sc="0" el="6195" ec="0" bec="0" bev="0" fileid="72" />
                <SequencePoint vc="0" uspid="65688" ordinal="0" offset="45" sl="6196" sc="0" el="6196" ec="0" bec="0" bev="0" fileid="72" />
              </SequencePoints>
              <BranchPoints />
            </Method>
            <Method visited="false" cyclomaticComplexity="0" nPathComplexity="0" sequenceCoverage="0.0" branchCoverage="0" crapScore="0" isConstructor="false" isStatic="true" isGetter="false" isSetter="false">
              <Summary numSequencePoints="11" visitedSequencePoints="0" numBranchPoints="0" visitedBranchPoints="0" sequenceCoverage="0.0" branchCoverage="0" maxCyclomaticComplexity="0" minCyclomaticComplexity="0" maxCrapScore="0" minCrapScore="0" visitedClasses="0" numClasses="0" visitedMethods="0" numMethods="1" />
              <MetadataToken>100663687</MetadataToken>
              <Name>static Mono.Cecil.MethodReference Fusion.CodeGen.MonoCecilExtensions::ImportMethod[TResult](Mono.Cecil.ModuleDefinition, System.Linq.Expressions.Expression[Func`1], Mono.Cecil.TypeReference)</Name>
              <FileRef uid="72" />
              <SequencePoints>
                <SequencePoint vc="0" uspid="65689" ordinal="0" offset="0" sl="6198" sc="0" el="6198" ec="0" bec="0" bev="0" fileid="72" />
                <SequencePoint vc="0" uspid="65690" ordinal="0" offset="1" sl="6200" sc="0" el="6200" ec="0" bec="0" bev="0" fileid="72" />
                <SequencePoint vc="0" uspid="65691" ordinal="0" offset="39" sl="6202" sc="0" el="6202" ec="0" bec="0" bev="0" fileid="72" />
                <SequencePoint vc="0" uspid="65692" ordinal="0" offset="46" sl="6203" sc="0" el="6203" ec="0" bec="0" bev="0" fileid="72" />
                <SequencePoint vc="0" uspid="65693" ordinal="0" offset="50" sl="6205" sc="0" el="6205" ec="0" bec="0" bev="0" fileid="72" />
                <SequencePoint vc="0" uspid="65694" ordinal="0" offset="57" sl="6206" sc="0" el="6206" ec="0" bec="0" bev="0" fileid="72" />
                <SequencePoint vc="0" uspid="65695" ordinal="0" offset="59" sl="6208" sc="0" el="6208" ec="0" bec="0" bev="0" fileid="72" />
                <SequencePoint vc="0" uspid="65696" ordinal="0" offset="86" sl="6211" sc="0" el="6211" ec="0" bec="0" bev="0" fileid="72" />
                <SequencePoint vc="0" uspid="65697" ordinal="0" offset="94" sl="6212" sc="0" el="6212" ec="0" bec="0" bev="0" fileid="72" />
                <SequencePoint vc="0" uspid="65698" ordinal="0" offset="102" sl="6213" sc="0" el="6213" ec="0" bec="0" bev="0" fileid="72" />
                <SequencePoint vc="0" uspid="65699" ordinal="0" offset="107" sl="6214" sc="0" el="6214" ec="0" bec="0" bev="0" fileid="72" />
              </SequencePoints>
              <BranchPoints />
            </Method>
            <Method visited="false" cyclomaticComplexity="0" nPathComplexity="0" sequenceCoverage="0.0" branchCoverage="0" crapScore="0" isConstructor="false" isStatic="true" isGetter="false" isSetter="false">
              <Summary numSequencePoints="6" visitedSequencePoints="0" numBranchPoints="0" visitedBranchPoints="0" sequenceCoverage="0.0" branchCoverage="0" maxCyclomaticComplexity="0" minCyclomaticComplexity="0" maxCrapScore="0" minCrapScore="0" visitedClasses="0" numClasses="0" visitedMethods="0" numMethods="1" />
              <MetadataToken>100663688</MetadataToken>
              <Name>static Mono.Cecil.MethodReference Fusion.CodeGen.MonoCecilExtensions::ImportMethod[T, TResult](Mono.Cecil.ModuleDefinition, System.Linq.Expressions.Expression[Func`2], Mono.Cecil.TypeReference)</Name>
              <FileRef uid="72" />
              <SequencePoints>
                <SequencePoint vc="0" uspid="65700" ordinal="0" offset="0" sl="6216" sc="0" el="6216" ec="0" bec="0" bev="0" fileid="72" />
                <SequencePoint vc="0" uspid="65701" ordinal="0" offset="1" sl="6217" sc="0" el="6217" ec="0" bec="0" bev="0" fileid="72" />
                <SequencePoint vc="0" uspid="65702" ordinal="0" offset="13" sl="6218" sc="0" el="6218" ec="0" bec="0" bev="0" fileid="72" />
                <SequencePoint vc="0" uspid="65703" ordinal="0" offset="26" sl="6219" sc="0" el="6219" ec="0" bec="0" bev="0" fileid="72" />
                <SequencePoint vc="0" uspid="65704" ordinal="0" offset="34" sl="6220" sc="0" el="6220" ec="0" bec="0" bev="0" fileid="72" />
                <SequencePoint vc="0" uspid="65705" ordinal="0" offset="38" sl="6221" sc="0" el="6221" ec="0" bec="0" bev="0" fileid="72" />
              </SequencePoints>
              <BranchPoints />
            </Method>
            <Method visited="false" cyclomaticComplexity="0" nPathComplexity="0" sequenceCoverage="0.0" branchCoverage="0" crapScore="0" isConstructor="false" isStatic="true" isGetter="false" isSetter="false">
              <Summary numSequencePoints="6" visitedSequencePoints="0" numBranchPoints="0" visitedBranchPoints="0" sequenceCoverage="0.0" branchCoverage="0" maxCyclomaticComplexity="0" minCyclomaticComplexity="0" maxCrapScore="0" minCrapScore="0" visitedClasses="0" numClasses="0" visitedMethods="0" numMethods="1" />
              <MetadataToken>100663689</MetadataToken>
              <Name>static Mono.Cecil.MethodReference Fusion.CodeGen.MonoCecilExtensions::ImportMethod[T](Mono.Cecil.ModuleDefinition, System.Linq.Expressions.Expression[Action`1], Mono.Cecil.TypeReference)</Name>
              <FileRef uid="72" />
              <SequencePoints>
                <SequencePoint vc="0" uspid="65706" ordinal="0" offset="0" sl="6223" sc="0" el="6223" ec="0" bec="0" bev="0" fileid="72" />
                <SequencePoint vc="0" uspid="65707" ordinal="0" offset="1" sl="6224" sc="0" el="6224" ec="0" bec="0" bev="0" fileid="72" />
                <SequencePoint vc="0" uspid="65708" ordinal="0" offset="13" sl="6225" sc="0" el="6225" ec="0" bec="0" bev="0" fileid="72" />
                <SequencePoint vc="0" uspid="65709" ordinal="0" offset="26" sl="6226" sc="0" el="6226" ec="0" bec="0" bev="0" fileid="72" />
                <SequencePoint vc="0" uspid="65710" ordinal="0" offset="34" sl="6227" sc="0" el="6227" ec="0" bec="0" bev="0" fileid="72" />
                <SequencePoint vc="0" uspid="65711" ordinal="0" offset="38" sl="6228" sc="0" el="6228" ec="0" bec="0" bev="0" fileid="72" />
              </SequencePoints>
              <BranchPoints />
            </Method>
            <Method visited="false" cyclomaticComplexity="0" nPathComplexity="0" sequenceCoverage="0.0" branchCoverage="0" crapScore="0" isConstructor="false" isStatic="true" isGetter="false" isSetter="false">
              <Summary numSequencePoints="3" visitedSequencePoints="0" numBranchPoints="0" visitedBranchPoints="0" sequenceCoverage="0.0" branchCoverage="0" maxCyclomaticComplexity="0" minCyclomaticComplexity="0" maxCrapScore="0" minCrapScore="0" visitedClasses="0" numClasses="0" visitedMethods="0" numMethods="1" />
              <MetadataToken>100663692</MetadataToken>
              <Name>static Mono.Cecil.TypeReference Fusion.CodeGen.MonoCecilExtensions::ImportType[T](Mono.Cecil.ModuleDefinition)</Name>
              <FileRef uid="72" />
              <SequencePoints>
                <SequencePoint vc="0" uspid="65749" ordinal="0" offset="0" sl="6269" sc="0" el="6269" ec="0" bec="0" bev="0" fileid="72" />
                <SequencePoint vc="0" uspid="65750" ordinal="0" offset="1" sl="6270" sc="0" el="6270" ec="0" bec="0" bev="0" fileid="72" />
                <SequencePoint vc="0" uspid="65751" ordinal="0" offset="20" sl="6271" sc="0" el="6271" ec="0" bec="0" bev="0" fileid="72" />
              </SequencePoints>
              <BranchPoints />
            </Method>
          </Methods>
        </Class>
        <Class>
          <Summary numSequencePoints="18" visitedSequencePoints="0" numBranchPoints="0" visitedBranchPoints="0" sequenceCoverage="0.0" branchCoverage="0.0" maxCyclomaticComplexity="0" minCyclomaticComplexity="0" maxCrapScore="0" minCrapScore="0" visitedClasses="0" numClasses="1" visitedMethods="0" numMethods="3" />
          <FullName>Fusion.CodeGen.NetworkTypeInfoRegistry</FullName>
          <Methods>
            <Method visited="false" cyclomaticComplexity="0" nPathComplexity="0" sequenceCoverage="0.0" branchCoverage="0" crapScore="0" isConstructor="false" isStatic="false" isGetter="false" isSetter="false">
              <Summary numSequencePoints="1" visitedSequencePoints="0" numBranchPoints="0" visitedBranchPoints="0" sequenceCoverage="0.0" branchCoverage="0" maxCyclomaticComplexity="0" minCyclomaticComplexity="0" maxCrapScore="0" minCrapScore="0" visitedClasses="0" numClasses="0" visitedMethods="0" numMethods="1" />
              <MetadataToken>100663729</MetadataToken>
              <Name>Fusion.CodeGen.NetworkTypeInfo Fusion.CodeGen.NetworkTypeInfoRegistry::GetInfo[T]()</Name>
              <FileRef uid="72" />
              <SequencePoints>
                <SequencePoint vc="0" uspid="65996" ordinal="0" offset="0" sl="6659" sc="0" el="6659" ec="0" bec="0" bev="0" fileid="72" />
              </SequencePoints>
              <BranchPoints />
            </Method>
            <Method visited="false" cyclomaticComplexity="0" nPathComplexity="0" sequenceCoverage="0.0" branchCoverage="0" crapScore="0" isConstructor="false" isStatic="false" isGetter="false" isSetter="false">
              <Summary numSequencePoints="14" visitedSequencePoints="0" numBranchPoints="0" visitedBranchPoints="0" sequenceCoverage="0.0" branchCoverage="0" maxCyclomaticComplexity="0" minCyclomaticComplexity="0" maxCrapScore="0" minCrapScore="0" visitedClasses="0" numClasses="0" visitedMethods="0" numMethods="1" />
              <MetadataToken>100663741</MetadataToken>
              <Name>System.Void Fusion.CodeGen.NetworkTypeInfoRegistry::AddBuiltInType[T](Mono.Cecil.MethodReference, Mono.Cecil.MethodReference, System.Boolean)</Name>
              <FileRef uid="72" />
              <SequencePoints>
                <SequencePoint vc="0" uspid="66160" ordinal="0" offset="20" sl="7070" sc="0" el="7070" ec="0" bec="0" bev="0" fileid="72" />
                <SequencePoint vc="0" uspid="66161" ordinal="0" offset="21" sl="7072" sc="0" el="7072" ec="0" bec="0" bev="0" fileid="72" />
                <SequencePoint vc="0" uspid="66162" ordinal="0" offset="43" sl="7074" sc="0" el="7074" ec="0" bec="0" bev="0" fileid="72" />
                <SequencePoint vc="0" uspid="66163" ordinal="0" offset="50" sl="7075" sc="0" el="7075" ec="0" bec="0" bev="0" fileid="72" />
                <SequencePoint vc="0" uspid="66164" ordinal="0" offset="65" sl="7077" sc="0" el="7077" ec="0" bec="0" bev="0" fileid="72" />
                <SequencePoint vc="0" uspid="66165" ordinal="0" offset="78" sl="7077" sc="0" el="7077" ec="0" bec="0" bev="0" fileid="72" />
                <SequencePoint vc="0" uspid="66166" ordinal="0" offset="79" sl="7078" sc="0" el="7078" ec="0" bec="0" bev="0" fileid="72" />
                <SequencePoint vc="0" uspid="66167" ordinal="0" offset="102" sl="7079" sc="0" el="7079" ec="0" bec="0" bev="0" fileid="72" />
                <SequencePoint vc="0" uspid="66168" ordinal="0" offset="103" sl="7080" sc="0" el="7080" ec="0" bec="0" bev="0" fileid="72" />
                <SequencePoint vc="0" uspid="66169" ordinal="0" offset="118" sl="7080" sc="0" el="7080" ec="0" bec="0" bev="0" fileid="72" />
                <SequencePoint vc="0" uspid="66170" ordinal="0" offset="119" sl="7081" sc="0" el="7081" ec="0" bec="0" bev="0" fileid="72" />
                <SequencePoint vc="0" uspid="66171" ordinal="0" offset="142" sl="7082" sc="0" el="7082" ec="0" bec="0" bev="0" fileid="72" />
                <SequencePoint vc="0" uspid="66172" ordinal="0" offset="143" sl="7084" sc="0" el="7084" ec="0" bec="0" bev="0" fileid="72" />
                <SequencePoint vc="0" uspid="66173" ordinal="0" offset="225" sl="7098" sc="0" el="7098" ec="0" bec="0" bev="0" fileid="72" />
              </SequencePoints>
              <BranchPoints />
            </Method>
            <Method visited="false" cyclomaticComplexity="0" nPathComplexity="0" sequenceCoverage="0.0" branchCoverage="0" crapScore="0" isConstructor="false" isStatic="false" isGetter="false" isSetter="false">
              <Summary numSequencePoints="3" visitedSequencePoints="0" numBranchPoints="0" visitedBranchPoints="0" sequenceCoverage="0.0" branchCoverage="0" maxCyclomaticComplexity="0" minCyclomaticComplexity="0" maxCrapScore="0" minCrapScore="0" visitedClasses="0" numClasses="0" visitedMethods="0" numMethods="1" />
              <MetadataToken>100663742</MetadataToken>
              <Name>System.Void Fusion.CodeGen.NetworkTypeInfoRegistry::AddUnityType[T]()</Name>
              <FileRef uid="72" />
              <SequencePoints>
                <SequencePoint vc="0" uspid="66174" ordinal="0" offset="0" sl="7101" sc="0" el="7101" ec="0" bec="0" bev="0" fileid="72" />
                <SequencePoint vc="0" uspid="66175" ordinal="0" offset="1" sl="7102" sc="0" el="7102" ec="0" bec="0" bev="0" fileid="72" />
                <SequencePoint vc="0" uspid="66176" ordinal="0" offset="44" sl="7103" sc="0" el="7103" ec="0" bec="0" bev="0" fileid="72" />
              </SequencePoints>
              <BranchPoints />
            </Method>
          </Methods>
        </Class>
        <Class>
          <Summary numSequencePoints="1" visitedSequencePoints="0" numBranchPoints="0" visitedBranchPoints="0" sequenceCoverage="0.0" branchCoverage="0.0" maxCyclomaticComplexity="0" minCyclomaticComplexity="0" maxCrapScore="0" minCrapScore="0" visitedClasses="0" numClasses="1" visitedMethods="0" numMethods="1" />
          <FullName>Fusion.CodeGen.MonoCecilExtensions&lt;&gt;c__DisplayClass11_0[T]</FullName>
          <Methods>
            <Method visited="false" cyclomaticComplexity="0" nPathComplexity="0" sequenceCoverage="0.0" branchCoverage="0" crapScore="0" isConstructor="false" isStatic="false" isGetter="false" isSetter="false">
              <Summary numSequencePoints="1" visitedSequencePoints="0" numBranchPoints="0" visitedBranchPoints="0" sequenceCoverage="0.0" branchCoverage="0" maxCyclomaticComplexity="0" minCyclomaticComplexity="0" maxCrapScore="0" minCrapScore="0" visitedClasses="0" numClasses="0" visitedMethods="0" numMethods="1" />
              <MetadataToken>100663891</MetadataToken>
              <Name>System.Boolean Fusion.CodeGen.MonoCecilExtensions&lt;&gt;c__DisplayClass11_0[T]::&lt;TryGetAttributeProperty&gt;b__0(Mono.Cecil.CustomAttributeNamedArgument)</Name>
              <FileRef uid="72" />
              <SequencePoints>
                <SequencePoint vc="0" uspid="66681" ordinal="0" offset="0" sl="6050" sc="0" el="6050" ec="0" bec="0" bev="0" fileid="72" />
              </SequencePoints>
              <BranchPoints />
            </Method>
          </Methods>
        </Class>
        <Class>
          <Summary numSequencePoints="11" visitedSequencePoints="0" numBranchPoints="0" visitedBranchPoints="0" sequenceCoverage="0.0" branchCoverage="0.0" maxCyclomaticComplexity="0" minCyclomaticComplexity="0" maxCrapScore="0" minCrapScore="0" visitedClasses="0" numClasses="1" visitedMethods="0" numMethods="2" />
          <FullName>Fusion.CodeGen.NetworkTypeInfoRegistry&lt;&gt;c__DisplayClass31_0[T]</FullName>
          <Methods>
            <Method visited="false" cyclomaticComplexity="0" nPathComplexity="0" sequenceCoverage="0.0" branchCoverage="0" crapScore="0" isConstructor="false" isStatic="false" isGetter="false" isSetter="false">
              <Summary numSequencePoints="5" visitedSequencePoints="0" numBranchPoints="0" visitedBranchPoints="0" sequenceCoverage="0.0" branchCoverage="0" maxCyclomaticComplexity="0" minCyclomaticComplexity="0" maxCrapScore="0" minCrapScore="0" visitedClasses="0" numClasses="0" visitedMethods="0" numMethods="1" />
              <MetadataToken>100663969</MetadataToken>
              <Name>System.Void Fusion.CodeGen.NetworkTypeInfoRegistry&lt;&gt;c__DisplayClass31_0[T]::&lt;AddBuiltInType&gt;b__0(Mono.Cecil.ICustomAttributeProvider, Mono.Cecil.Cil.ILProcessor, Fusion.CodeGen.MethodContext)</Name>
              <FileRef uid="72" />
              <SequencePoints>
                <SequencePoint vc="0" uspid="66876" ordinal="0" offset="0" sl="7085" sc="0" el="7085" ec="0" bec="0" bev="0" fileid="72" />
                <SequencePoint vc="0" uspid="66877" ordinal="0" offset="1" sl="7086" sc="0" el="7086" ec="0" bec="0" bev="0" fileid="72" />
                <SequencePoint vc="0" uspid="66878" ordinal="0" offset="17" sl="7087" sc="0" el="7087" ec="0" bec="0" bev="0" fileid="72" />
                <SequencePoint vc="0" uspid="66879" ordinal="0" offset="35" sl="7088" sc="0" el="7088" ec="0" bec="0" bev="0" fileid="72" />
                <SequencePoint vc="0" uspid="66880" ordinal="0" offset="57" sl="7089" sc="0" el="7089" ec="0" bec="0" bev="0" fileid="72" />
              </SequencePoints>
              <BranchPoints />
            </Method>
            <Method visited="false" cyclomaticComplexity="0" nPathComplexity="0" sequenceCoverage="0.0" branchCoverage="0" crapScore="0" isConstructor="false" isStatic="false" isGetter="false" isSetter="false">
              <Summary numSequencePoints="6" visitedSequencePoints="0" numBranchPoints="0" visitedBranchPoints="0" sequenceCoverage="0.0" branchCoverage="0" maxCyclomaticComplexity="0" minCyclomaticComplexity="0" maxCrapScore="0" minCrapScore="0" visitedClasses="0" numClasses="0" visitedMethods="0" numMethods="1" />
              <MetadataToken>100663970</MetadataToken>
              <Name>System.Void Fusion.CodeGen.NetworkTypeInfoRegistry&lt;&gt;c__DisplayClass31_0[T]::&lt;AddBuiltInType&gt;b__1(Mono.Cecil.ICustomAttributeProvider, Mono.Cecil.Cil.ILProcessor, Fusion.CodeGen.MethodContext)</Name>
              <FileRef uid="72" />
              <SequencePoints>
                <SequencePoint vc="0" uspid="66881" ordinal="0" offset="0" sl="7090" sc="0" el="7090" ec="0" bec="0" bev="0" fileid="72" />
                <SequencePoint vc="0" uspid="66882" ordinal="0" offset="1" sl="7091" sc="0" el="7091" ec="0" bec="0" bev="0" fileid="72" />
                <SequencePoint vc="0" uspid="66883" ordinal="0" offset="17" sl="7092" sc="0" el="7092" ec="0" bec="0" bev="0" fileid="72" />
                <SequencePoint vc="0" uspid="66884" ordinal="0" offset="33" sl="7093" sc="0" el="7093" ec="0" bec="0" bev="0" fileid="72" />
                <SequencePoint vc="0" uspid="66885" ordinal="0" offset="51" sl="7094" sc="0" el="7094" ec="0" bec="0" bev="0" fileid="72" />
                <SequencePoint vc="0" uspid="66886" ordinal="0" offset="73" sl="7095" sc="0" el="7095" ec="0" bec="0" bev="0" fileid="72" />
              </SequencePoints>
              <BranchPoints />
            </Method>
          </Methods>
        </Class>
      </Classes>
    </Module>
  </Modules>
</CoverageSession>